#
# A fatal error has been detected by the Java Runtime Environment:
#
#  EXCEPTION_ACCESS_VIOLATION (0xc0000005) at pc=0x000001b8173a1050, pid=9160, tid=20248
#
# JRE version: OpenJDK Runtime Environment Temurin-21.0.6+7 (21.0.6+7) (build 21.0.6+7-LTS)
# Java VM: OpenJDK 64-Bit Server VM Temurin-21.0.6+7 (21.0.6+7-LTS, mixed mode, emulated-client, sharing, tiered, compressed oops, compressed class ptrs, g1 gc, windows-amd64)
# Problematic frame:
# v  ~BufferBlob::MethodHandles adapters 0x000001b8173a1050
#
# No core dump will be written. Minidumps are not enabled by default on client versions of Windows
#
# If you would like to submit a bug report, please visit:
#   https://github.com/adoptium/adoptium-support/issues
#

---------------  S U M M A R Y ------------

Command Line: -XX:+ShowCodeDetailsInExceptionMessages -agentlib:jdwp=transport=dt_socket,suspend=y,address=localhost:59251 -Dcom.sun.management.jmxremote -Dcom.sun.management.jmxremote.port=59250 -Dcom.sun.management.jmxremote.authenticate=false -Dcom.sun.management.jmxremote.ssl=false -Djava.rmi.server.hostname=localhost -Dspring.jmx.enabled=true -Dmanagement.endpoints.jmx.exposure.include=* -Dspring.application.admin.enabled=true -Dspring.output.ansi.enabled=always -XX:TieredStopAtLevel=1 -Dspring.boot.project.name=PackTracking -javaagent:C:\Users\carol\eclipse\java-2025-03\eclipse\configuration\org.eclipse.osgi\249\0\.cp\lib\javaagent-shaded.jar -Dfile.encoding=UTF-8 -Dstdout.encoding=UTF-8 -Dstderr.encoding=UTF-8 com.meli.PackTracking.PackTrackingApplication

Host: Intel(R) Core(TM) i7-10510U CPU @ 1.80GHz, 8 cores, 15G,  Windows 11 , 64 bit Build 22621 (10.0.22621.4974)
Time: Wed Mar 26 13:24:34 2025 Hora oficial do Brasil elapsed time: 123.801552 seconds (0d 0h 2m 3s)

---------------  T H R E A D  ---------------

Current thread (0x000001b86a10d6c0):  JavaThread "restartedMain"        [_thread_in_Java, id=20248, stack(0x0000001a2ac00000,0x0000001a2ad00000) (1024K)]

Stack: [0x0000001a2ac00000,0x0000001a2ad00000],  sp=0x0000001a2acfd688,  free space=1013k
Native frames: (J=compiled Java code, j=interpreted, Vv=VM code, C=native code)
C  0x000001b8173a1050

The last pc belongs to _linkToSpecial (printed below).

siginfo: EXCEPTION_ACCESS_VIOLATION (0xc0000005), reading address 0xffffffffffffffff


Registers:
RAX=0x000001b817379086, RBX=0xe14775f700000000, RCX=0x0000001a2acfd690, RDX=0x0000000000000002
RSP=0x0000001a2acfd688, RBP=0x0000001a2acfd6d8, RSI=0x000001b86b127de8, RDI=0x000001b8687eab60
R8 =0x0000000000000004, R9 =0x0000000000000004, R10=0x00007ffc7ff6e040, R11=0x000001b8220b5bd0
R12=0x0000000000000000, R13=0x0000001a2acfd688, R14=0x0000001a2acfd6f8, R15=0x000001b86a10d6c0
RIP=0x000001b8173a1050, EFLAGS=0x0000000000010202

XMM[0]=0x0000000000000000 0x0000000000000000
XMM[1]=0x0000000000000000 0x0000000000000000
XMM[2]=0x0000000000000000 0x0000000000000000
XMM[3]=0x0000000000000000 0x0000000000000000
XMM[4]=0x0000000000000000 0x0000000000000000
XMM[5]=0x0000000000000000 0x0000000000000000
XMM[6]=0x0000000000000000 0x0000000000000000
XMM[7]=0x0000000000000000 0x0000000000000000
XMM[8]=0x0000000000000000 0x0000000000000000
XMM[9]=0x0000000000000000 0x0000000000000000
XMM[10]=0x0000000000000000 0x0000000000000000
XMM[11]=0x0000000000000000 0x0000000000000000
XMM[12]=0x0000000000000000 0x0000000000000000
XMM[13]=0x0000000000000000 0x0000000000000000
XMM[14]=0x0000000000000000 0x0000000000000000
XMM[15]=0x0000000000000000 0x0000000000000000
  MXCSR=0x00001fa0


Register to memory mapping:

RAX=0x000001b817379086 is at code_begin+3078 in an Interpreter codelet
return entry points  [0x000001b817378480, 0x000001b81737a298]  7704 bytes
RBX=0xe14775f700000000 is an unknown value
RCX=0x0000001a2acfd690 is pointing into the stack for thread: 0x000001b86a10d6c0
RDX=0x0000000000000002 is an unknown value
RSP=0x0000001a2acfd688 is pointing into the stack for thread: 0x000001b86a10d6c0
RBP=0x0000001a2acfd6d8 is pointing into the stack for thread: 0x000001b86a10d6c0
RSI=0x000001b86b127de8 points into unknown readable memory: 0x8c000d085723a788 | 88 a7 23 57 08 0d 00 8c
RDI=0x000001b8687eab60 points into unknown readable memory: 0x0000001800000070 | 70 00 00 00 18 00 00 00
R8 =0x0000000000000004 is an unknown value
R9 =0x0000000000000004 is an unknown value
R10=0x00007ffc7ff6e040 jvm.dll
R11={method} {0x000001b8220b5bd8} 'newInvokeSpecial' '(Ljava/lang/Object;)Ljava/lang/Object;' in 'java/lang/invoke/DirectMethodHandle$Holder'
R12=0x0 is null
R13=0x0000001a2acfd688 is pointing into the stack for thread: 0x000001b86a10d6c0
R14=0x0000001a2acfd6f8 is pointing into the stack for thread: 0x000001b86a10d6c0
R15=0x000001b86a10d6c0 is a thread

Top of Stack: (sp=0x0000001a2acfd688)
0x0000001a2acfd688:   000001b817379086 0000001a2acfd690
0x0000001a2acfd698:   000001b82272b567 0000000000000004
0x0000001a2acfd6a8:   000001b8220b1088 00000007060e8170
0x0000001a2acfd6b8:   00000007031c6068 000001b8220b5bd0
0x0000001a2acfd6c8:   0000001a2acfd688 0000001a2acfd700
0x0000001a2acfd6d8:   0000001a2acfeaa0 000001b81768274b
0x0000001a2acfd6e8:   000000070a3baec0 000000070a3baf68
0x0000001a2acfd6f8:   000000070a3baf20 000000070a3bac80
0x0000001a2acfd708:   00000007031a69b8 0000001a2acfeaa0
0x0000001a2acfd718:   000001b817cba58c 000000070a3b54d0
0x0000001a2acfd728:   000000070608b160 00000007060e7f78
0x0000001a2acfd738:   00000007031a68b8 01000c0000006400
0x0000001a2acfd748:   6600650005000000 0000001a2acfb1b0
0x0000001a2acfd758:   000001b817620dec 000000070a3b5520
0x0000001a2acfd768:   000001b86af5f5b0 000001b86802e9e0
0x0000001a2acfd778:   00000007031c5118 00000007060e8170
0x0000001a2acfd788:   000000070a3bab48 000000070a3bab48
0x0000001a2acfd798:   000000070a3bac80 000000070a3baf50
0x0000001a2acfd7a8:   000000070a3bacd8 00000007060e8170
0x0000001a2acfd7b8:   0000000000000001 0000001a2acfeaa0
0x0000001a2acfd7c8:   000001b800000000 0000000000000000
0x0000001a2acfd7d8:   0000000000000000 000000070a3baf20
0x0000001a2acfd7e8:   000001b817686d5c 0000000000000000
0x0000001a2acfd7f8:   0000000000000000 0000000000000000
0x0000001a2acfd808:   0000000000000000 000001b86a10d6c0
0x0000001a2acfd818:   0000000000000000 000000070a3bac80
0x0000001a2acfd828:   0000000000000000 000000070a3bab48
0x0000001a2acfd838:   000000070a3baf50 000000070a3bac80
0x0000001a2acfd848:   0000000000000000 0000000000000000
0x0000001a2acfd858:   000001b817681c6c 0000001a2acfeaa0
0x0000001a2acfd868:   000001b81767fd6a 0000000000000000
0x0000001a2acfd878:   000001b817593c29 0000000000000000 

Instructions: (pc=0x000001b8173a1050)
0x000001b8173a0f50:   bf d8 05 00 00 00 74 03 ff 63 38 ff 63 50 e9 9d
0x000001b8173a0f60:   16 00 00 66 66 66 0f 1f 84 00 00 00 00 00 66 66
0x000001b8173a0f70:   66 90 66 66 0f 1f 84 00 00 00 00 00 66 66 66 90
0x000001b8173a0f80:   48 8b 53 08 0f b7 52 2e 48 8b 0c d4 58 5b 50 44
0x000001b8173a0f90:   8b 51 08 49 bb 00 00 00 22 b8 01 00 00 4d 03 d3
0x000001b8173a0fa0:   4c 8b 5b 10 4b 8b 9c da c0 01 00 00 48 85 db 0f
0x000001b8173a0fb0:   84 10 00 00 00 41 80 bf d8 05 00 00 00 74 03 ff
0x000001b8173a0fc0:   63 38 ff 63 50 e9 36 16 00 00 66 66 66 0f 1f 84
0x000001b8173a0fd0:   00 00 00 00 00 66 66 66 90 0f 1f 80 00 00 00 00
0x000001b8173a0fe0:   58 5b 50 8b 5b 24 48 c1 e3 03 48 8b 5b 10 48 85
0x000001b8173a0ff0:   db 0f 84 10 00 00 00 41 80 bf d8 05 00 00 00 74
0x000001b8173a1000:   03 ff 63 38 ff 63 50 e9 f4 15 00 00 66 66 66 0f
0x000001b8173a1010:   1f 84 00 00 00 00 00 66 66 66 90 0f 1f 44 00 00
0x000001b8173a1020:   48 8b 53 08 0f b7 52 2e 48 8b 0c d4 58 5b 50 48
0x000001b8173a1030:   3b 01 8b 5b 24 48 c1 e3 03 48 8b 5b 10 48 85 db
0x000001b8173a1040:   0f 84 10 00 00 00 41 80 bf d8 05 00 00 00 74 03
0x000001b8173a1050:   ff 63 38 ff 63 50 e9 a5 15 00 00 0f 1f 44 00 00
0x000001b8173a1060:   48 8b 53 08 0f b7 52 2e 48 8b 0c d4 58 5b 50 44
0x000001b8173a1070:   8b 51 08 49 bb 00 00 00 22 b8 01 00 00 4d 03 d3
0x000001b8173a1080:   8b 43 18 48 c1 e0 03 48 8b 40 10 48 8b 5b 10 45
0x000001b8173a1090:   8b 9a a0 00 00 00 4f 8d 9c da c0 01 00 00 4d 8d
0x000001b8173a10a0:   14 da 49 8b 1b 48 3b c3 74 15 48 85 db 0f 84 32
0x000001b8173a10b0:   00 00 00 49 83 c3 10 49 8b 1b 48 3b c3 75 eb 45
0x000001b8173a10c0:   8b 5b 08 4b 8b 1c 1a 48 85 db 0f 84 10 00 00 00
0x000001b8173a10d0:   41 80 bf d8 05 00 00 00 74 03 ff 63 38 ff 63 50
0x000001b8173a10e0:   e9 1b 15 00 00 e9 16 12 00 00 f4 00 00 00 00 00
0x000001b8173a10f0:   00 00 00 00 00 00 00 00 00 00 00 00 00 00 00 00
0x000001b8173a1100:   00 00 00 00 00 00 00 00 00 00 00 00 00 00 00 00
0x000001b8173a1110:   00 00 00 00 00 00 00 00 00 00 00 00 00 00 00 00
0x000001b8173a1120:   00 00 00 00 00 00 00 00 00 00 00 00 00 00 00 00
0x000001b8173a1130:   00 00 00 00 00 00 00 00 00 00 00 00 00 00 00 00
0x000001b8173a1140:   00 00 00 00 00 00 00 00 00 00 00 00 00 00 00 00 


Stack slot to memory mapping:

stack at sp + 0 slots: 0x000001b817379086 is at code_begin+3078 in an Interpreter codelet
return entry points  [0x000001b817378480, 0x000001b81737a298]  7704 bytes
stack at sp + 1 slots: 0x0000001a2acfd690 is pointing into the stack for thread: 0x000001b86a10d6c0
stack at sp + 2 slots: 0x000001b82272b567 is pointing into metadata
stack at sp + 3 slots: 0x0000000000000004 is an unknown value
stack at sp + 4 slots: 0x000001b8220b1088 is pointing into metadata
stack at sp + 5 slots: 0x00000007060e8170 is an oop: java.lang.Class 
{0x00000007060e8170} - klass: 'java/lang/Class'
 - ---- fields (total size 14 words):
 - private volatile transient 'classRedefinedCount' 'I' @12  1 (0x00000001)
 - injected 'klass' 'J' @16  1890382942728 (0x000001b8239a9208)
 - injected 'array_klass' 'J' @24  0 (0x0000000000000000)
 - injected 'oop_size' 'I' @32  14 (0x0000000e)
 - injected 'static_oop_field_count' 'I' @36  0 (0x00000000)
 - private volatile transient 'cachedConstructor' 'Ljava/lang/reflect/Constructor;' @40  null (0x00000000)
 - private transient 'name' 'Ljava/lang/String;' @44  "com.meli.PackTracking.controller.EventController"{0x0000000703c217e8} (0xe07842fd)
 - private transient 'module' 'Ljava/lang/Module;' @48  a 'java/lang/Module'{0x00000007060e7f78} (0xe0c1cfef)
 - private final 'classLoader' 'Ljava/lang/ClassLoader;' @52  a 'org/springframework/boot/devtools/restart/classloader/RestartClassLoader'{0x000000070608b160} (0xe0c1162c)
 - private transient 'classData' 'Ljava/lang/Object;' @56  null (0x00000000)
 - private transient 'packageName' 'Ljava/lang/String;' @60  "com.meli.PackTracking.controller"{0x0000000703c21738} (0xe07842e7)
 - private final 'componentType' 'Ljava/lang/Class;' @64  null (0x00000000)
 - private volatile transient 'reflectionData' 'Ljava/lang/ref/SoftReference;' @68  a 'java/lang/ref/SoftReference'{0x00000007060ea8c0} (0xe0c1d518)
 - private volatile transient 'genericInfo' 'Lsun/reflect/generics/repository/ClassRepository;' @72  null (0x00000000)
 - private volatile transient 'enumConstants' '[Ljava/lang/Object;' @76  null (0x00000000)
 - private volatile transient 'enumConstantDirectory' 'Ljava/util/Map;' @80  null (0x00000000)
 - private volatile transient 'annotationData' 'Ljava/lang/Class$AnnotationData;' @84  a 'java/lang/Class$AnnotationData'{0x00000007060ea938} (0xe0c1d527)
 - private volatile transient 'annotationType' 'Lsun/reflect/annotation/AnnotationType;' @88  null (0x00000000)
 - transient 'classValueMap' 'Ljava/lang/ClassValue$ClassValueMap;' @92  null (0x00000000)
 - injected 'protection_domain' 'Ljava/lang/Object;' @96  a 'java/security/ProtectionDomain'{0x00000007060e8758} (0xe0c1d0eb)
 - injected 'signers_name' 'Ljava/lang/Object;' @100  null (0x00000000)
 - injected 'source_file' 'Ljava/lang/Object;' @104  null (0x00000000)
 - injected '<init_lock>' 'Ljava/lang/Object;' @108  null (0x00000000)
 - signature: Lcom/meli/PackTracking/controller/EventController;
 - ---- static fields (0):
stack at sp + 6 slots: 0x00000007031c6068 is an oop: java.lang.Class 
{0x00000007031c6068} - klass: 'java/lang/Class'
 - ---- fields (total size 14 words):
 - private volatile transient 'classRedefinedCount' 'I' @12  0 (0x00000000)
 - injected 'klass' 'J' @16  1890356759648 (0x000001b8220b0c60)
 - injected 'array_klass' 'J' @24  0 (0x0000000000000000)
 - injected 'oop_size' 'I' @32  14 (0x0000000e)
 - injected 'static_oop_field_count' 'I' @36  0 (0x00000000)
 - private volatile transient 'cachedConstructor' 'Ljava/lang/reflect/Constructor;' @40  null (0x00000000)
 - private transient 'name' 'Ljava/lang/String;' @44  null (0x00000000)
 - private transient 'module' 'Ljava/lang/Module;' @48  a 'java/lang/Module'{0x00000007031bb1d0} (0xe063763a)
 - private final 'classLoader' 'Ljava/lang/ClassLoader;' @52  null (0x00000000)
 - private transient 'classData' 'Ljava/lang/Object;' @56  null (0x00000000)
 - private transient 'packageName' 'Ljava/lang/String;' @60  null (0x00000000)
 - private final 'componentType' 'Ljava/lang/Class;' @64  null (0x00000000)
 - private volatile transient 'reflectionData' 'Ljava/lang/ref/SoftReference;' @68  null (0x00000000)
 - private volatile transient 'genericInfo' 'Lsun/reflect/generics/repository/ClassRepository;' @72  null (0x00000000)
 - private volatile transient 'enumConstants' '[Ljava/lang/Object;' @76  null (0x00000000)
 - private volatile transient 'enumConstantDirectory' 'Ljava/util/Map;' @80  null (0x00000000)
 - private volatile transient 'annotationData' 'Ljava/lang/Class$AnnotationData;' @84  null (0x00000000)
 - private volatile transient 'annotationType' 'Lsun/reflect/annotation/AnnotationType;' @88  null (0x00000000)
 - transient 'classValueMap' 'Ljava/lang/ClassValue$ClassValueMap;' @92  null (0x00000000)
 - injected 'protection_domain' 'Ljava/lang/Object;' @96  null (0x00000000)
 - injected 'signers_name' 'Ljava/lang/Object;' @100  null (0x00000000)
 - injected 'source_file' 'Ljava/lang/Object;' @104  null (0x00000000)
 - injected '<init_lock>' 'Ljava/lang/Object;' @108  null (0x00000000)
 - signature: Ljava/lang/invoke/DirectMethodHandle$Holder;
 - ---- static fields (0):
stack at sp + 7 slots: {method} {0x000001b8220b5bd8} 'newInvokeSpecial' '(Ljava/lang/Object;)Ljava/lang/Object;' in 'java/lang/invoke/DirectMethodHandle$Holder'

MethodHandle::interpreter_entry::_linkToSpecial [0x000001b8173a100c, 0x000001b8173a105b] (79 bytes)
[MachCode]
  0x000001b8173a100c: 6666 660f | 1f84 0000 | 0000 0066 | 6666 900f | 1f44 0000 | 488b 5308 | 0fb7 522e | 488b 0cd4 
  0x000001b8173a102c: 585b 5048 | 3b01 8b5b | 2448 c1e3 | 0348 8b5b | 1048 85db | 0f84 1000 | 0000 4180 | bfd8 0500 
  0x000001b8173a104c: 0000 7403 | ff63 38ff | 6350 e9a5 | 
[/MachCode]

---------------  P R O C E S S  ---------------

Threads class SMR info:
_java_thread_list=0x000001b86aeffa20, length=32, elements={
0x000001b821df04b0, 0x000001b821df13c0, 0x000001b821df29f0, 0x000001b821df4a30,
0x000001b821df84a0, 0x000001b821df9230, 0x000001b821e05ef0, 0x000001b8670e66f0,
0x000001b8671663d0, 0x000001b867168a60, 0x000001b8671694f0, 0x000001b86790a5d0,
0x000001b867bcf7a0, 0x000001b867bdf010, 0x000001b867bf7550, 0x000001b86829f540,
0x000001b86829eeb0, 0x000001b86829cde0, 0x000001b86a10ea70, 0x000001b86a10c310,
0x000001b86aff60c0, 0x000001b86b0567d0, 0x000001b86b054d90, 0x000001b86a10f100,
0x000001b86a10dd50, 0x000001b86a10af60, 0x000001b86a10a8d0, 0x000001b86a10d6c0,
0x000001b86a109520, 0x000001b86a10b5f0, 0x000001b86a10e3e0, 0x000001b86a10f790
}

Java Threads: ( => current thread )
  0x000001b821df04b0 JavaThread "Reference Handler"          daemon [_thread_blocked, id=20472, stack(0x0000001a2b600000,0x0000001a2b700000) (1024K)]
  0x000001b821df13c0 JavaThread "Finalizer"                  daemon [_thread_blocked, id=12660, stack(0x0000001a2b700000,0x0000001a2b800000) (1024K)]
  0x000001b821df29f0 JavaThread "Signal Dispatcher"          daemon [_thread_blocked, id=19988, stack(0x0000001a2b800000,0x0000001a2b900000) (1024K)]
  0x000001b821df4a30 JavaThread "Attach Listener"            daemon [_thread_blocked, id=19584, stack(0x0000001a2b900000,0x0000001a2ba00000) (1024K)]
  0x000001b821df84a0 JavaThread "Service Thread"             daemon [_thread_blocked, id=8824, stack(0x0000001a2ba00000,0x0000001a2bb00000) (1024K)]
  0x000001b821df9230 JavaThread "Monitor Deflation Thread"   daemon [_thread_blocked, id=9948, stack(0x0000001a2bb00000,0x0000001a2bc00000) (1024K)]
  0x000001b821e05ef0 JavaThread "C1 CompilerThread0"         daemon [_thread_blocked, id=15500, stack(0x0000001a2bc00000,0x0000001a2bd00000) (1024K)]
  0x000001b8670e66f0 JavaThread "Common-Cleaner"             daemon [_thread_blocked, id=17008, stack(0x0000001a2bd00000,0x0000001a2be00000) (1024K)]
  0x000001b8671663d0 JavaThread "JDWP Transport Listener: dt_socket" daemon [_thread_blocked, id=20324, stack(0x0000001a2bf00000,0x0000001a2c000000) (1024K)]
  0x000001b867168a60 JavaThread "JDWP Event Helper Thread"   daemon [_thread_blocked, id=2468, stack(0x0000001a2c000000,0x0000001a2c100000) (1024K)]
  0x000001b8671694f0 JavaThread "JDWP Command Reader"        daemon [_thread_in_native, id=3376, stack(0x0000001a2c100000,0x0000001a2c200000) (1024K)]
  0x000001b86790a5d0 JavaThread "Notification Thread"        daemon [_thread_blocked, id=17788, stack(0x0000001a2c200000,0x0000001a2c300000) (1024K)]
  0x000001b867bcf7a0 JavaThread "RMI TCP Accept-0"           daemon [_thread_in_native, id=19828, stack(0x0000001a2cc00000,0x0000001a2cd00000) (1024K)]
  0x000001b867bdf010 JavaThread "RMI TCP Accept-59250"       daemon [_thread_in_native, id=5504, stack(0x0000001a2cd00000,0x0000001a2ce00000) (1024K)]
  0x000001b867bf7550 JavaThread "RMI TCP Accept-0"           daemon [_thread_in_native, id=5068, stack(0x0000001a2ce00000,0x0000001a2cf00000) (1024K)]
  0x000001b86829f540 JavaThread "RMI Scheduler(0)"           daemon [_thread_blocked, id=18568, stack(0x0000001a2d300000,0x0000001a2d400000) (1024K)]
  0x000001b86829eeb0 JavaThread "JMX server connection timeout 43" daemon [_thread_blocked, id=15004, stack(0x0000001a2d500000,0x0000001a2d600000) (1024K)]
  0x000001b86829cde0 JavaThread "mysql-cj-abandoned-connection-cleanup" daemon [_thread_blocked, id=20300, stack(0x0000001a2d900000,0x0000001a2da00000) (1024K)]
  0x000001b86a10ea70 JavaThread "Live Reload Server"         daemon [_thread_in_native, id=9968, stack(0x0000001a2df00000,0x0000001a2e000000) (1024K)]
  0x000001b86a10c310 JavaThread "DestroyJavaVM"                     [_thread_blocked, id=20096, stack(0x0000001a2ae00000,0x0000001a2af00000) (1024K)]
  0x000001b86aff60c0 JavaThread "RMI TCP Connection(idle)"   daemon [_thread_blocked, id=12328, stack(0x0000001a2ec00000,0x0000001a2ed00000) (1024K)]
  0x000001b86b0567d0 JavaThread "RMI TCP Connection(10)-127.0.0.1" daemon [_thread_in_native, id=14776, stack(0x0000001a2f300000,0x0000001a2f400000) (1024K)]
  0x000001b86b054d90 JavaThread "JMX server connection timeout 80" daemon [_thread_blocked, id=2112, stack(0x0000001a2cf00000,0x0000001a2d000000) (1024K)]
  0x000001b86a10f100 JavaThread "RMI TCP Connection(idle)"   daemon [_thread_blocked, id=18112, stack(0x0000001a2e900000,0x0000001a2ea00000) (1024K)]
  0x000001b86a10dd50 JavaThread "RMI TCP Connection(14)-127.0.0.1" daemon [_thread_in_native, id=19392, stack(0x0000001a2ea00000,0x0000001a2eb00000) (1024K)]
  0x000001b86a10af60 JavaThread "RMI TCP Connection(idle)"   daemon [_thread_blocked, id=14568, stack(0x0000001a2eb00000,0x0000001a2ec00000) (1024K)]
  0x000001b86a10a8d0 JavaThread "Thread-7"                          [_thread_blocked, id=17940, stack(0x0000001a2ab00000,0x0000001a2ac00000) (1024K)]
=>0x000001b86a10d6c0 JavaThread "restartedMain"                     [_thread_in_Java, id=20248, stack(0x0000001a2ac00000,0x0000001a2ad00000) (1024K)]
  0x000001b86a109520 JavaThread "Catalina-utility-1"                [_thread_blocked, id=18164, stack(0x0000001a2ad00000,0x0000001a2ae00000) (1024K)]
  0x000001b86a10b5f0 JavaThread "Catalina-utility-2"                [_thread_blocked, id=20372, stack(0x0000001a2c400000,0x0000001a2c500000) (1024K)]
  0x000001b86a10e3e0 JavaThread "container-0"                       [_thread_blocked, id=18068, stack(0x0000001a2d000000,0x0000001a2d100000) (1024K)]
  0x000001b86a10f790 JavaThread "HikariPool housekeeper"     daemon [_thread_blocked, id=6788, stack(0x0000001a2d100000,0x0000001a2d200000) (1024K)]
Total: 32

Other Threads:
  0x000001b821dd4e50 VMThread "VM Thread"                           [id=11652, stack(0x0000001a2b500000,0x0000001a2b600000) (1024K)]
  0x000001b821dc4140 WatcherThread "VM Periodic Task Thread"        [id=19404, stack(0x0000001a2b400000,0x0000001a2b500000) (1024K)]
  0x000001b813a52ee0 WorkerThread "GC Thread#0"                     [id=4424, stack(0x0000001a2af00000,0x0000001a2b000000) (1024K)]
  0x000001b867a73370 WorkerThread "GC Thread#1"                     [id=12740, stack(0x0000001a2c500000,0x0000001a2c600000) (1024K)]
  0x000001b867a7c570 WorkerThread "GC Thread#2"                     [id=17032, stack(0x0000001a2c600000,0x0000001a2c700000) (1024K)]
  0x000001b867a71fe0 WorkerThread "GC Thread#3"                     [id=11812, stack(0x0000001a2c700000,0x0000001a2c800000) (1024K)]
  0x000001b867a72380 WorkerThread "GC Thread#4"                     [id=19960, stack(0x0000001a2c800000,0x0000001a2c900000) (1024K)]
  0x000001b867a78010 WorkerThread "GC Thread#5"                     [id=13212, stack(0x0000001a2c900000,0x0000001a2ca00000) (1024K)]
  0x000001b867aecde0 WorkerThread "GC Thread#6"                     [id=20064, stack(0x0000001a2ca00000,0x0000001a2cb00000) (1024K)]
  0x000001b86794fa10 WorkerThread "GC Thread#7"                     [id=1296, stack(0x0000001a2cb00000,0x0000001a2cc00000) (1024K)]
  0x000001b813a63bd0 ConcurrentGCThread "G1 Main Marker"            [id=9616, stack(0x0000001a2b000000,0x0000001a2b100000) (1024K)]
  0x000001b813a65020 WorkerThread "G1 Conc#0"                       [id=20360, stack(0x0000001a2b100000,0x0000001a2b200000) (1024K)]
  0x000001b868101370 WorkerThread "G1 Conc#1"                       [id=19152, stack(0x0000001a2d600000,0x0000001a2d700000) (1024K)]
  0x000001b821c925e0 ConcurrentGCThread "G1 Refine#0"               [id=19636, stack(0x0000001a2b200000,0x0000001a2b300000) (1024K)]
  0x000001b821c93060 ConcurrentGCThread "G1 Service"                [id=12500, stack(0x0000001a2b300000,0x0000001a2b400000) (1024K)]
Total: 15

Threads with active compile tasks:
Total: 0

VM state: not at safepoint (normal execution)

VM Mutex/Monitor currently owned by a thread: None

Heap address: 0x0000000702e00000, size: 4050 MB, Compressed Oops mode: Zero based, Oop shift amount: 3

CDS archive(s) mapped at: [0x000001b822000000-0x000001b822c80000-0x000001b822c80000), size 13107200, SharedBaseAddress: 0x000001b822000000, ArchiveRelocationMode: 1.
Compressed class space mapped at: 0x000001b823000000-0x000001b863000000, reserved size: 1073741824
Narrow klass base: 0x000001b822000000, Narrow klass shift: 0, Narrow klass range: 0x100000000

GC Precious Log:
 CardTable entry size: 512
 Card Set container configuration: InlinePtr #cards 4 size 8 Array Of Cards #cards 16 size 48 Howl #buckets 8 coarsen threshold 3686 Howl Bitmap #cards 512 size 80 coarsen threshold 460 Card regions per heap region 1 cards per card region 4096
 CPUs: 8 total, 8 available
 Memory: 16197M
 Large Page Support: Disabled
 NUMA Support: Disabled
 Compressed Oops: Enabled (Zero based)
 Heap Region Size: 2M
 Heap Min Capacity: 8M
 Heap Initial Capacity: 254M
 Heap Max Capacity: 4050M
 Pre-touch: Disabled
 Parallel Workers: 8
 Concurrent Workers: 2
 Concurrent Refinement Workers: 8
 Periodic GC: Disabled

Heap:
 garbage-first heap   total 133120K, used 56929K [0x0000000702e00000, 0x0000000800000000)
  region size 2048K, 12 young (24576K), 3 survivors (6144K)
 Metaspace       used 87025K, committed 88000K, reserved 1179648K
  class space    used 12312K, committed 12736K, reserved 1048576K

Heap Regions: E=young(eden), S=young(survivor), O=old, HS=humongous(starts), HC=humongous(continues), CS=collection set, F=free, TAMS=top-at-mark-start, PB=parsable bottom
|   0|0x0000000702e00000, 0x0000000703000000, 0x0000000703000000|100%| O|  |TAMS 0x0000000702e00000| PB 0x0000000702e00000| Untracked 
|   1|0x0000000703000000, 0x00000007031ffff8, 0x0000000703200000| 99%| O|  |TAMS 0x0000000703000000| PB 0x0000000703000000| Untracked 
|   2|0x0000000703200000, 0x00000007033fffe8, 0x0000000703400000| 99%| O|  |TAMS 0x0000000703200000| PB 0x0000000703200000| Untracked 
|   3|0x0000000703400000, 0x0000000703600000, 0x0000000703600000|100%| O|  |TAMS 0x0000000703400000| PB 0x0000000703400000| Untracked 
|   4|0x0000000703600000, 0x00000007037ffff8, 0x0000000703800000| 99%| O|  |TAMS 0x0000000703600000| PB 0x0000000703600000| Untracked 
|   5|0x0000000703800000, 0x00000007039ffff8, 0x0000000703a00000| 99%| O|  |TAMS 0x0000000703800000| PB 0x0000000703800000| Untracked 
|   6|0x0000000703a00000, 0x0000000703bffff8, 0x0000000703c00000| 99%| O|  |TAMS 0x0000000703a00000| PB 0x0000000703a00000| Untracked 
|   7|0x0000000703c00000, 0x0000000703dffff8, 0x0000000703e00000| 99%| O|  |TAMS 0x0000000703c00000| PB 0x0000000703c00000| Untracked 
|   8|0x0000000703e00000, 0x0000000703ffffb0, 0x0000000704000000| 99%| O|  |TAMS 0x0000000703e00000| PB 0x0000000703e00000| Untracked 
|   9|0x0000000704000000, 0x00000007041fffe8, 0x0000000704200000| 99%| O|  |TAMS 0x0000000704000000| PB 0x0000000704000000| Untracked 
|  10|0x0000000704200000, 0x00000007043fffc8, 0x0000000704400000| 99%| O|  |TAMS 0x0000000704200000| PB 0x0000000704200000| Untracked 
|  11|0x0000000704400000, 0x0000000704600000, 0x0000000704600000|100%| O|  |TAMS 0x0000000704400000| PB 0x0000000704400000| Untracked 
|  12|0x0000000704600000, 0x00000007047fffe8, 0x0000000704800000| 99%| O|  |TAMS 0x0000000704600000| PB 0x0000000704600000| Untracked 
|  13|0x0000000704800000, 0x0000000704a00000, 0x0000000704a00000|100%| O|  |TAMS 0x0000000704800000| PB 0x0000000704800000| Untracked 
|  14|0x0000000704a00000, 0x0000000704bffff0, 0x0000000704c00000| 99%| O|  |TAMS 0x0000000704a00000| PB 0x0000000704a00000| Untracked 
|  15|0x0000000704c00000, 0x0000000704c5b010, 0x0000000704e00000| 17%| O|  |TAMS 0x0000000704c00000| PB 0x0000000704c00000| Untracked 
|  16|0x0000000704e00000, 0x0000000704e65728, 0x0000000705000000| 19%| O|  |TAMS 0x0000000704e00000| PB 0x0000000704e00000| Untracked 
|  17|0x0000000705000000, 0x0000000705133a90, 0x0000000705200000| 60%| O|  |TAMS 0x0000000705000000| PB 0x0000000705000000| Untracked 
|  18|0x0000000705200000, 0x00000007052ae400, 0x0000000705400000| 34%| O|  |TAMS 0x0000000705200000| PB 0x0000000705200000| Untracked 
|  19|0x0000000705400000, 0x00000007055832d8, 0x0000000705600000| 75%| O|  |TAMS 0x0000000705400000| PB 0x0000000705400000| Untracked 
|  20|0x0000000705600000, 0x0000000705600000, 0x0000000705800000|  0%| F|  |TAMS 0x0000000705600000| PB 0x0000000705600000| Untracked 
|  21|0x0000000705800000, 0x0000000705800000, 0x0000000705a00000|  0%| F|  |TAMS 0x0000000705800000| PB 0x0000000705800000| Untracked 
|  22|0x0000000705a00000, 0x0000000705a00000, 0x0000000705c00000|  0%| F|  |TAMS 0x0000000705a00000| PB 0x0000000705a00000| Untracked 
|  23|0x0000000705c00000, 0x0000000705d72d00, 0x0000000705e00000| 72%| S|CS|TAMS 0x0000000705c00000| PB 0x0000000705c00000| Complete 
|  24|0x0000000705e00000, 0x0000000706000000, 0x0000000706000000|100%| S|CS|TAMS 0x0000000705e00000| PB 0x0000000705e00000| Complete 
|  25|0x0000000706000000, 0x0000000706200000, 0x0000000706200000|100%| S|CS|TAMS 0x0000000706000000| PB 0x0000000706000000| Complete 
|  26|0x0000000706200000, 0x0000000706200000, 0x0000000706400000|  0%| F|  |TAMS 0x0000000706200000| PB 0x0000000706200000| Untracked 
|  27|0x0000000706400000, 0x0000000706400000, 0x0000000706600000|  0%| F|  |TAMS 0x0000000706400000| PB 0x0000000706400000| Untracked 
|  28|0x0000000706600000, 0x0000000706600000, 0x0000000706800000|  0%| F|  |TAMS 0x0000000706600000| PB 0x0000000706600000| Untracked 
|  29|0x0000000706800000, 0x0000000706800000, 0x0000000706a00000|  0%| F|  |TAMS 0x0000000706800000| PB 0x0000000706800000| Untracked 
|  30|0x0000000706a00000, 0x0000000706a00000, 0x0000000706c00000|  0%| F|  |TAMS 0x0000000706a00000| PB 0x0000000706a00000| Untracked 
|  31|0x0000000706c00000, 0x0000000706c00000, 0x0000000706e00000|  0%| F|  |TAMS 0x0000000706c00000| PB 0x0000000706c00000| Untracked 
|  32|0x0000000706e00000, 0x0000000706e00000, 0x0000000707000000|  0%| F|  |TAMS 0x0000000706e00000| PB 0x0000000706e00000| Untracked 
|  33|0x0000000707000000, 0x0000000707000000, 0x0000000707200000|  0%| F|  |TAMS 0x0000000707000000| PB 0x0000000707000000| Untracked 
|  34|0x0000000707200000, 0x0000000707200000, 0x0000000707400000|  0%| F|  |TAMS 0x0000000707200000| PB 0x0000000707200000| Untracked 
|  35|0x0000000707400000, 0x0000000707400000, 0x0000000707600000|  0%| F|  |TAMS 0x0000000707400000| PB 0x0000000707400000| Untracked 
|  36|0x0000000707600000, 0x0000000707600000, 0x0000000707800000|  0%| F|  |TAMS 0x0000000707600000| PB 0x0000000707600000| Untracked 
|  37|0x0000000707800000, 0x0000000707800000, 0x0000000707a00000|  0%| F|  |TAMS 0x0000000707800000| PB 0x0000000707800000| Untracked 
|  38|0x0000000707a00000, 0x0000000707a00000, 0x0000000707c00000|  0%| F|  |TAMS 0x0000000707a00000| PB 0x0000000707a00000| Untracked 
|  39|0x0000000707c00000, 0x0000000707c00000, 0x0000000707e00000|  0%| F|  |TAMS 0x0000000707c00000| PB 0x0000000707c00000| Untracked 
|  40|0x0000000707e00000, 0x0000000707e00000, 0x0000000708000000|  0%| F|  |TAMS 0x0000000707e00000| PB 0x0000000707e00000| Untracked 
|  41|0x0000000708000000, 0x0000000708000000, 0x0000000708200000|  0%| F|  |TAMS 0x0000000708000000| PB 0x0000000708000000| Untracked 
|  42|0x0000000708200000, 0x0000000708200000, 0x0000000708400000|  0%| F|  |TAMS 0x0000000708200000| PB 0x0000000708200000| Untracked 
|  43|0x0000000708400000, 0x0000000708400000, 0x0000000708600000|  0%| F|  |TAMS 0x0000000708400000| PB 0x0000000708400000| Untracked 
|  44|0x0000000708600000, 0x0000000708600000, 0x0000000708800000|  0%| F|  |TAMS 0x0000000708600000| PB 0x0000000708600000| Untracked 
|  45|0x0000000708800000, 0x0000000708800000, 0x0000000708a00000|  0%| F|  |TAMS 0x0000000708800000| PB 0x0000000708800000| Untracked 
|  46|0x0000000708a00000, 0x0000000708a00000, 0x0000000708c00000|  0%| F|  |TAMS 0x0000000708a00000| PB 0x0000000708a00000| Untracked 
|  47|0x0000000708c00000, 0x0000000708c00000, 0x0000000708e00000|  0%| F|  |TAMS 0x0000000708c00000| PB 0x0000000708c00000| Untracked 
|  48|0x0000000708e00000, 0x0000000708e00000, 0x0000000709000000|  0%| F|  |TAMS 0x0000000708e00000| PB 0x0000000708e00000| Untracked 
|  49|0x0000000709000000, 0x0000000709000000, 0x0000000709200000|  0%| F|  |TAMS 0x0000000709000000| PB 0x0000000709000000| Untracked 
|  50|0x0000000709200000, 0x0000000709200000, 0x0000000709400000|  0%| F|  |TAMS 0x0000000709200000| PB 0x0000000709200000| Untracked 
|  51|0x0000000709400000, 0x0000000709400000, 0x0000000709600000|  0%| F|  |TAMS 0x0000000709400000| PB 0x0000000709400000| Untracked 
|  52|0x0000000709600000, 0x0000000709600000, 0x0000000709800000|  0%| F|  |TAMS 0x0000000709600000| PB 0x0000000709600000| Untracked 
|  53|0x0000000709800000, 0x0000000709800000, 0x0000000709a00000|  0%| F|  |TAMS 0x0000000709800000| PB 0x0000000709800000| Untracked 
|  54|0x0000000709a00000, 0x0000000709a00000, 0x0000000709c00000|  0%| F|  |TAMS 0x0000000709a00000| PB 0x0000000709a00000| Untracked 
|  55|0x0000000709c00000, 0x0000000709c00000, 0x0000000709e00000|  0%| F|  |TAMS 0x0000000709c00000| PB 0x0000000709c00000| Untracked 
|  56|0x0000000709e00000, 0x0000000709fb45a8, 0x000000070a000000| 85%| E|  |TAMS 0x0000000709e00000| PB 0x0000000709e00000| Complete 
|  57|0x000000070a000000, 0x000000070a200000, 0x000000070a200000|100%| E|CS|TAMS 0x000000070a000000| PB 0x000000070a000000| Complete 
|  58|0x000000070a200000, 0x000000070a400000, 0x000000070a400000|100%| E|CS|TAMS 0x000000070a200000| PB 0x000000070a200000| Complete 
|  59|0x000000070a400000, 0x000000070a600000, 0x000000070a600000|100%| E|CS|TAMS 0x000000070a400000| PB 0x000000070a400000| Complete 
|  62|0x000000070aa00000, 0x000000070ac00000, 0x000000070ac00000|100%| E|CS|TAMS 0x000000070aa00000| PB 0x000000070aa00000| Complete 
|  63|0x000000070ac00000, 0x000000070ae00000, 0x000000070ae00000|100%| E|CS|TAMS 0x000000070ac00000| PB 0x000000070ac00000| Complete 
|  64|0x000000070ae00000, 0x000000070b000000, 0x000000070b000000|100%| E|CS|TAMS 0x000000070ae00000| PB 0x000000070ae00000| Complete 
|  65|0x000000070b000000, 0x000000070b200000, 0x000000070b200000|100%| E|CS|TAMS 0x000000070b000000| PB 0x000000070b000000| Complete 
| 126|0x0000000712a00000, 0x0000000712c00000, 0x0000000712c00000|100%| E|CS|TAMS 0x0000000712a00000| PB 0x0000000712a00000| Complete 

Card table byte_map: [0x000001b81ac70000,0x000001b81b460000] _byte_map_base: 0x000001b817459000

Marking Bits: (CMBitMap*) 0x000001b813a535e0
 Bits: [0x000001b81b460000, 0x000001b81f3a8000)

Polling page: 0x000001b8117f0000

Metaspace:

Usage:
  Non-class:     72.96 MB used.
      Class:     12.02 MB used.
       Both:     84.99 MB used.

Virtual space:
  Non-class space:      128.00 MB reserved,      73.50 MB ( 57%) committed,  2 nodes.
      Class space:        1.00 GB reserved,      12.44 MB (  1%) committed,  1 nodes.
             Both:        1.12 GB reserved,      85.94 MB (  7%) committed. 

Chunk freelists:
   Non-Class:  6.48 MB
       Class:  3.58 MB
        Both:  10.06 MB

MaxMetaspaceSize: unlimited
CompressedClassSpaceSize: 1.00 GB
Initial GC threshold: 21.00 MB
Current GC threshold: 143.12 MB
CDS: on
 - commit_granule_bytes: 65536.
 - commit_granule_words: 8192.
 - virtual_space_node_default_size: 8388608.
 - enlarge_chunks_in_place: 1.
 - use_allocation_guard: 0.


Internal statistics:

num_allocs_failed_limit: 6.
num_arena_births: 1442.
num_arena_deaths: 220.
num_vsnodes_births: 3.
num_vsnodes_deaths: 0.
num_space_committed: 1375.
num_space_uncommitted: 0.
num_chunks_returned_to_freelist: 249.
num_chunks_taken_from_freelist: 4584.
num_chunk_merges: 53.
num_chunk_splits: 3258.
num_chunks_enlarged: 2516.
num_inconsistent_stats: 0.

CodeCache: size=49152Kb used=17900Kb max_used=19003Kb free=31251Kb
 bounds [0x000001b817370000, 0x000001b818600000, 0x000001b81a370000]
 total_blobs=10205 nmethods=9428 adapters=699
 compilation: enabled
              stopped_count=0, restarted_count=0
 full_count=0

Compilation events (20 events):
Event: 116.257 Thread 0x000001b821e05ef0 10344       1       java.io.ObjectStreamClass::writeNonProxy (161 bytes)
Event: 116.258 Thread 0x000001b821e05ef0 nmethod 10344 0x000001b817543890 code [0x000001b817543b20, 0x000001b8175442a8]
Event: 116.258 Thread 0x000001b821e05ef0 10343       1       java.io.ObjectOutputStream::writeNonProxyDesc (109 bytes)
Event: 116.259 Thread 0x000001b821e05ef0 nmethod 10343 0x000001b8184fd190 code [0x000001b8184fd3e0, 0x000001b8184fd920]
Event: 116.259 Thread 0x000001b821e05ef0 10345       1       java.io.ObjectOutputStream::isCustomSubclass (21 bytes)
Event: 116.259 Thread 0x000001b821e05ef0 nmethod 10345 0x000001b817543510 code [0x000001b8175436a0, 0x000001b8175437b0]
Event: 116.483 Thread 0x000001b821e05ef0 10346       1       sun.rmi.transport.ObjectEndpoint::hashCode (27 bytes)
Event: 116.483 Thread 0x000001b821e05ef0 nmethod 10346 0x000001b817543110 code [0x000001b8175432c0, 0x000001b8175433e8]
Event: 116.483 Thread 0x000001b821e05ef0 10347       1       java.rmi.server.ObjID::hashCode (6 bytes)
Event: 116.483 Thread 0x000001b821e05ef0 nmethod 10347 0x000001b817542e10 code [0x000001b817542fa0, 0x000001b817543070]
Event: 121.046 Thread 0x000001b821e05ef0 10348       1       sun.rmi.server.MarshalOutputStream::annotateClass (9 bytes)
Event: 121.046 Thread 0x000001b821e05ef0 nmethod 10348 0x000001b817542a10 code [0x000001b817542bc0, 0x000001b817542ce0]
Event: 121.046 Thread 0x000001b821e05ef0 10349       1       java.rmi.server.RMIClassLoader::getClassAnnotation (8 bytes)
Event: 121.046 Thread 0x000001b821e05ef0 nmethod 10349 0x000001b817542710 code [0x000001b8175428c0, 0x000001b817542988]
Event: 121.046 Thread 0x000001b821e05ef0 10350       1       java.rmi.server.RMIClassLoader$2::getClassAnnotation (5 bytes)
Event: 121.046 Thread 0x000001b821e05ef0 nmethod 10350 0x000001b817542410 code [0x000001b8175425c0, 0x000001b8175426b0]
Event: 121.046 Thread 0x000001b821e05ef0 10351   !   1       sun.rmi.server.LoaderHandler::getClassAnnotation (234 bytes)
Event: 121.047 Thread 0x000001b821e05ef0 nmethod 10351 0x000001b817541190 code [0x000001b817541400, 0x000001b817541d28]
Event: 121.047 Thread 0x000001b821e05ef0 10352       1       sun.rmi.server.MarshalOutputStream::writeLocation (6 bytes)
Event: 121.047 Thread 0x000001b821e05ef0 nmethod 10352 0x000001b817540e10 code [0x000001b817540fc0, 0x000001b8175410b8]

GC Heap History (20 events):
Event: 5.412 GC heap before
{Heap before GC invocations=21 (full 0):
 garbage-first heap   total 110592K, used 91285K [0x0000000702e00000, 0x0000000800000000)
  region size 2048K, 32 young (65536K), 3 survivors (6144K)
 Metaspace       used 72860K, committed 73600K, reserved 1114112K
  class space    used 10112K, committed 10432K, reserved 1048576K
}
Event: 5.417 GC heap after
{Heap after GC invocations=22 (full 0):
 garbage-first heap   total 110592K, used 34226K [0x0000000702e00000, 0x0000000800000000)
  region size 2048K, 4 young (8192K), 4 survivors (8192K)
 Metaspace       used 72860K, committed 73600K, reserved 1114112K
  class space    used 10112K, committed 10432K, reserved 1048576K
}
Event: 5.728 GC heap before
{Heap before GC invocations=22 (full 0):
 garbage-first heap   total 110592K, used 91570K [0x0000000702e00000, 0x0000000800000000)
  region size 2048K, 32 young (65536K), 4 survivors (8192K)
 Metaspace       used 75517K, committed 76288K, reserved 1179648K
  class space    used 10663K, committed 11008K, reserved 1048576K
}
Event: 5.734 GC heap after
{Heap after GC invocations=23 (full 0):
 garbage-first heap   total 110592K, used 36190K [0x0000000702e00000, 0x0000000800000000)
  region size 2048K, 3 young (6144K), 3 survivors (6144K)
 Metaspace       used 75517K, committed 76288K, reserved 1179648K
  class space    used 10663K, committed 11008K, reserved 1048576K
}
Event: 6.139 GC heap before
{Heap before GC invocations=23 (full 0):
 garbage-first heap   total 110592K, used 95582K [0x0000000702e00000, 0x0000000800000000)
  region size 2048K, 32 young (65536K), 3 survivors (6144K)
 Metaspace       used 78442K, committed 79232K, reserved 1179648K
  class space    used 11051K, committed 11392K, reserved 1048576K
}
Event: 6.145 GC heap after
{Heap after GC invocations=24 (full 0):
 garbage-first heap   total 133120K, used 38689K [0x0000000702e00000, 0x0000000800000000)
  region size 2048K, 3 young (6144K), 3 survivors (6144K)
 Metaspace       used 78442K, committed 79232K, reserved 1179648K
  class space    used 11051K, committed 11392K, reserved 1048576K
}
Event: 6.803 GC heap before
{Heap before GC invocations=24 (full 0):
 garbage-first heap   total 133120K, used 112417K [0x0000000702e00000, 0x0000000800000000)
  region size 2048K, 39 young (79872K), 3 survivors (6144K)
 Metaspace       used 81092K, committed 81920K, reserved 1179648K
  class space    used 11468K, committed 11840K, reserved 1048576K
}
Event: 6.809 GC heap after
{Heap after GC invocations=25 (full 0):
 garbage-first heap   total 133120K, used 42092K [0x0000000702e00000, 0x0000000800000000)
  region size 2048K, 4 young (8192K), 4 survivors (8192K)
 Metaspace       used 81092K, committed 81920K, reserved 1179648K
  class space    used 11468K, committed 11840K, reserved 1048576K
}
Event: 35.467 GC heap before
{Heap before GC invocations=25 (full 0):
 garbage-first heap   total 133120K, used 113772K [0x0000000702e00000, 0x0000000800000000)
  region size 2048K, 39 young (79872K), 4 survivors (8192K)
 Metaspace       used 85881K, committed 86720K, reserved 1179648K
  class space    used 12159K, committed 12544K, reserved 1048576K
}
Event: 35.474 GC heap after
{Heap after GC invocations=26 (full 0):
 garbage-first heap   total 133120K, used 43944K [0x0000000702e00000, 0x0000000800000000)
  region size 2048K, 3 young (6144K), 3 survivors (6144K)
 Metaspace       used 85881K, committed 86720K, reserved 1179648K
  class space    used 12159K, committed 12544K, reserved 1048576K
}
Event: 89.981 GC heap before
{Heap before GC invocations=26 (full 0):
 garbage-first heap   total 133120K, used 56232K [0x0000000702e00000, 0x0000000800000000)
  region size 2048K, 10 young (20480K), 3 survivors (6144K)
 Metaspace       used 86546K, committed 87488K, reserved 1179648K
  class space    used 12292K, committed 12672K, reserved 1048576K
}
Event: 90.018 GC heap after
{Heap after GC invocations=27 (full 1):
 garbage-first heap   total 133120K, used 35852K [0x0000000702e00000, 0x0000000800000000)
  region size 2048K, 0 young (0K), 0 survivors (0K)
 Metaspace       used 86539K, committed 87488K, reserved 1179648K
  class space    used 12291K, committed 12672K, reserved 1048576K
}
Event: 90.600 GC heap before
{Heap before GC invocations=27 (full 1):
 garbage-first heap   total 133120K, used 115724K [0x0000000702e00000, 0x0000000800000000)
  region size 2048K, 39 young (79872K), 0 survivors (0K)
 Metaspace       used 86649K, committed 87616K, reserved 1179648K
  class space    used 12304K, committed 12736K, reserved 1048576K
}
Event: 90.603 GC heap after
{Heap after GC invocations=28 (full 1):
 garbage-first heap   total 133120K, used 41253K [0x0000000702e00000, 0x0000000800000000)
  region size 2048K, 3 young (6144K), 3 survivors (6144K)
 Metaspace       used 86649K, committed 87616K, reserved 1179648K
  class space    used 12304K, committed 12736K, reserved 1048576K
}
Event: 91.109 GC heap before
{Heap before GC invocations=28 (full 1):
 garbage-first heap   total 133120K, used 110885K [0x0000000702e00000, 0x0000000800000000)
  region size 2048K, 37 young (75776K), 3 survivors (6144K)
 Metaspace       used 87019K, committed 87936K, reserved 1179648K
  class space    used 12336K, committed 12736K, reserved 1048576K
}
Event: 91.113 GC heap after
{Heap after GC invocations=29 (full 1):
 garbage-first heap   total 133120K, used 45195K [0x0000000702e00000, 0x0000000800000000)
  region size 2048K, 5 young (10240K), 5 survivors (10240K)
 Metaspace       used 87019K, committed 87936K, reserved 1179648K
  class space    used 12336K, committed 12736K, reserved 1048576K
}
Event: 105.166 GC heap before
{Heap before GC invocations=29 (full 1):
 garbage-first heap   total 133120K, used 88203K [0x0000000702e00000, 0x0000000800000000)
  region size 2048K, 27 young (55296K), 5 survivors (10240K)
 Metaspace       used 87028K, committed 87936K, reserved 1179648K
  class space    used 12339K, committed 12736K, reserved 1048576K
}
Event: 105.208 GC heap after
{Heap after GC invocations=30 (full 2):
 garbage-first heap   total 133120K, used 34965K [0x0000000702e00000, 0x0000000800000000)
  region size 2048K, 0 young (0K), 0 survivors (0K)
 Metaspace       used 86823K, committed 87936K, reserved 1179648K
  class space    used 12286K, committed 12736K, reserved 1048576K
}
Event: 106.710 GC heap before
{Heap before GC invocations=30 (full 2):
 garbage-first heap   total 133120K, used 112789K [0x0000000702e00000, 0x0000000800000000)
  region size 2048K, 39 young (79872K), 0 survivors (0K)
 Metaspace       used 86932K, committed 87936K, reserved 1179648K
  class space    used 12300K, committed 12736K, reserved 1048576K
}
Event: 106.714 GC heap after
{Heap after GC invocations=31 (full 2):
 garbage-first heap   total 133120K, used 40545K [0x0000000702e00000, 0x0000000800000000)
  region size 2048K, 3 young (6144K), 3 survivors (6144K)
 Metaspace       used 86932K, committed 87936K, reserved 1179648K
  class space    used 12300K, committed 12736K, reserved 1048576K
}

Dll operation events (12 events):
Event: 0.025 Loaded shared library C:\Users\carol\.p2\pool\plugins\org.eclipse.justj.openjdk.hotspot.jre.full.win32.x86_64_21.0.6.v20250130-0529\jre\bin\java.dll
Event: 0.051 Loaded shared library C:\Users\carol\.p2\pool\plugins\org.eclipse.justj.openjdk.hotspot.jre.full.win32.x86_64_21.0.6.v20250130-0529\jre\bin\zip.dll
Event: 0.200 Loaded shared library C:\Users\carol\.p2\pool\plugins\org.eclipse.justj.openjdk.hotspot.jre.full.win32.x86_64_21.0.6.v20250130-0529\jre\bin\instrument.dll
Event: 0.203 Loaded shared library C:\Users\carol\.p2\pool\plugins\org.eclipse.justj.openjdk.hotspot.jre.full.win32.x86_64_21.0.6.v20250130-0529\jre\bin\net.dll
Event: 0.203 Loaded shared library C:\Users\carol\.p2\pool\plugins\org.eclipse.justj.openjdk.hotspot.jre.full.win32.x86_64_21.0.6.v20250130-0529\jre\bin\nio.dll
Event: 0.205 Loaded shared library C:\Users\carol\.p2\pool\plugins\org.eclipse.justj.openjdk.hotspot.jre.full.win32.x86_64_21.0.6.v20250130-0529\jre\bin\zip.dll
Event: 0.300 Loaded shared library C:\Users\carol\.p2\pool\plugins\org.eclipse.justj.openjdk.hotspot.jre.full.win32.x86_64_21.0.6.v20250130-0529\jre\bin\jimage.dll
Event: 0.330 Loaded shared library C:\Users\carol\.p2\pool\plugins\org.eclipse.justj.openjdk.hotspot.jre.full.win32.x86_64_21.0.6.v20250130-0529\jre\bin\management.dll
Event: 0.338 Loaded shared library C:\Users\carol\.p2\pool\plugins\org.eclipse.justj.openjdk.hotspot.jre.full.win32.x86_64_21.0.6.v20250130-0529\jre\bin\management_ext.dll
Event: 0.427 Loaded shared library C:\Users\carol\.p2\pool\plugins\org.eclipse.justj.openjdk.hotspot.jre.full.win32.x86_64_21.0.6.v20250130-0529\jre\bin\verify.dll
Event: 0.485 Loaded shared library C:\Users\carol\.p2\pool\plugins\org.eclipse.justj.openjdk.hotspot.jre.full.win32.x86_64_21.0.6.v20250130-0529\jre\bin\extnet.dll
Event: 1.350 Loaded shared library C:\Users\carol\.p2\pool\plugins\org.eclipse.justj.openjdk.hotspot.jre.full.win32.x86_64_21.0.6.v20250130-0529\jre\bin\sunmscapi.dll

Deoptimization events (20 events):
Event: 113.129 Thread 0x000001b86b0567d0 DEOPT PACKING pc=0x000001b817b45f9c sp=0x0000001a2f3fe490
Event: 113.129 Thread 0x000001b86b0567d0 DEOPT UNPACKING pc=0x000001b8173c4e42 sp=0x0000001a2f3fd900 mode 1
Event: 113.129 Thread 0x000001b86b0567d0 DEOPT PACKING pc=0x000001b817ea6254 sp=0x0000001a2f3fe800
Event: 113.129 Thread 0x000001b86b0567d0 DEOPT UNPACKING pc=0x000001b8173c4e42 sp=0x0000001a2f3fdd10 mode 1
Event: 113.129 Thread 0x000001b86b0567d0 DEOPT PACKING pc=0x000001b817eaf474 sp=0x0000001a2f3fe9b0
Event: 113.129 Thread 0x000001b86b0567d0 DEOPT UNPACKING pc=0x000001b8173c4e42 sp=0x0000001a2f3fdea0 mode 1
Event: 116.257 Thread 0x000001b86b0567d0 DEOPT PACKING pc=0x000001b817b45f9c sp=0x0000001a2f3fe490
Event: 116.257 Thread 0x000001b86b0567d0 DEOPT UNPACKING pc=0x000001b8173c4e42 sp=0x0000001a2f3fd900 mode 1
Event: 116.257 Thread 0x000001b86b0567d0 DEOPT PACKING pc=0x000001b817ea6254 sp=0x0000001a2f3fe800
Event: 116.257 Thread 0x000001b86b0567d0 DEOPT UNPACKING pc=0x000001b8173c4e42 sp=0x0000001a2f3fdd10 mode 1
Event: 116.257 Thread 0x000001b86b0567d0 DEOPT PACKING pc=0x000001b817eaf474 sp=0x0000001a2f3fe9b0
Event: 116.257 Thread 0x000001b86b0567d0 DEOPT UNPACKING pc=0x000001b8173c4e42 sp=0x0000001a2f3fdea0 mode 1
Event: 121.046 Thread 0x000001b86b0567d0 DEOPT PACKING pc=0x000001b817b45f9c sp=0x0000001a2f3fe490
Event: 121.046 Thread 0x000001b86b0567d0 DEOPT UNPACKING pc=0x000001b8173c4e42 sp=0x0000001a2f3fd900 mode 1
Event: 121.046 Thread 0x000001b86b0567d0 DEOPT PACKING pc=0x000001b817ea6254 sp=0x0000001a2f3fe800
Event: 121.046 Thread 0x000001b86b0567d0 DEOPT UNPACKING pc=0x000001b8173c4e42 sp=0x0000001a2f3fdd10 mode 1
Event: 121.046 Thread 0x000001b86b0567d0 DEOPT PACKING pc=0x000001b817eaf474 sp=0x0000001a2f3fe9b0
Event: 121.046 Thread 0x000001b86b0567d0 DEOPT UNPACKING pc=0x000001b8173c4e42 sp=0x0000001a2f3fdea0 mode 1
Event: 123.753 Thread 0x000001b86a10d6c0 DEOPT PACKING pc=0x000001b8177bfcb4 sp=0x0000001a2acfd690
Event: 123.753 Thread 0x000001b86a10d6c0 DEOPT UNPACKING pc=0x000001b8173c4e42 sp=0x0000001a2acfcb48 mode 0

Classes loaded (20 events):
Event: 89.957 Loading class javax/management/NotificationBroadcasterSupport$WildcardListenerInfo
Event: 89.957 Loading class javax/management/NotificationBroadcasterSupport$WildcardListenerInfo done
Event: 89.962 Loading class java/util/AbstractMap$2
Event: 89.962 Loading class java/util/AbstractMap$2 done
Event: 89.963 Loading class java/util/AbstractMap$2$1
Event: 89.963 Loading class java/util/AbstractMap$2$1 done
Event: 89.968 Loading class sun/security/ssl/Alert
Event: 89.968 Loading class sun/security/ssl/Alert done
Event: 89.968 Loading class sun/security/ssl/Alert$AlertConsumer
Event: 89.968 Loading class sun/security/ssl/Alert$AlertConsumer done
Event: 89.968 Loading class sun/security/ssl/Alert$Level
Event: 89.968 Loading class sun/security/ssl/Alert$Level done
Event: 89.969 Loading class sun/net/ConnectionResetException
Event: 89.969 Loading class sun/net/ConnectionResetException done
Event: 90.019 Loading class java/lang/ref/Finalizer$2
Event: 90.019 Loading class java/lang/ref/Finalizer$2 done
Event: 90.019 Loading class java/lang/ref/Finalizer$1
Event: 90.019 Loading class java/lang/ref/Finalizer$1 done
Event: 91.346 Loading class java/util/concurrent/locks/ReentrantReadWriteLock$Sync$HoldCounter
Event: 91.346 Loading class java/util/concurrent/locks/ReentrantReadWriteLock$Sync$HoldCounter done

Classes unloaded (20 events):
Event: 105.181 Thread 0x000001b821dd4e50 Unloading class 0x000001b82315c000 'java/lang/invoke/LambdaForm$DMH+0x000001b82315c000'
Event: 105.181 Thread 0x000001b821dd4e50 Unloading class 0x000001b823104800 'java/lang/invoke/LambdaForm$MH+0x000001b823104800'
Event: 105.181 Thread 0x000001b821dd4e50 Unloading class 0x000001b823103c00 'java/lang/invoke/LambdaForm$MH+0x000001b823103c00'
Event: 105.181 Thread 0x000001b821dd4e50 Unloading class 0x000001b823103800 'java/lang/invoke/LambdaForm$MH+0x000001b823103800'
Event: 105.181 Thread 0x000001b821dd4e50 Unloading class 0x000001b823103000 'java/lang/invoke/LambdaForm$MH+0x000001b823103000'
Event: 105.181 Thread 0x000001b821dd4e50 Unloading class 0x000001b823102c00 'java/lang/invoke/LambdaForm$MH+0x000001b823102c00'
Event: 105.181 Thread 0x000001b821dd4e50 Unloading class 0x000001b823102800 'java/lang/invoke/LambdaForm$MH+0x000001b823102800'
Event: 105.181 Thread 0x000001b821dd4e50 Unloading class 0x000001b823101c00 'java/lang/invoke/LambdaForm$MH+0x000001b823101c00'
Event: 105.181 Thread 0x000001b821dd4e50 Unloading class 0x000001b823100400 'java/lang/invoke/LambdaForm$MH+0x000001b823100400'
Event: 105.181 Thread 0x000001b821dd4e50 Unloading class 0x000001b823100000 'java/lang/invoke/LambdaForm$MH+0x000001b823100000'
Event: 105.181 Thread 0x000001b821dd4e50 Unloading class 0x000001b8230cdc00 'java/lang/invoke/LambdaForm$MH+0x000001b8230cdc00'
Event: 105.181 Thread 0x000001b821dd4e50 Unloading class 0x000001b8230c9800 'java/lang/invoke/LambdaForm$DMH+0x000001b8230c9800'
Event: 105.181 Thread 0x000001b821dd4e50 Unloading class 0x000001b8230c9000 'java/lang/invoke/LambdaForm$DMH+0x000001b8230c9000'
Event: 105.181 Thread 0x000001b821dd4e50 Unloading class 0x000001b82300ac00 'java/lang/invoke/LambdaForm$MH+0x000001b82300ac00'
Event: 105.181 Thread 0x000001b821dd4e50 Unloading class 0x000001b823008000 'java/lang/invoke/LambdaForm$MH+0x000001b823008000'
Event: 105.181 Thread 0x000001b821dd4e50 Unloading class 0x000001b823007c00 'java/lang/invoke/LambdaForm$MH+0x000001b823007c00'
Event: 105.181 Thread 0x000001b821dd4e50 Unloading class 0x000001b823004000 'java/lang/invoke/LambdaForm$MH+0x000001b823004000'
Event: 105.181 Thread 0x000001b821dd4e50 Unloading class 0x000001b823003c00 'java/lang/invoke/LambdaForm$MH+0x000001b823003c00'
Event: 105.181 Thread 0x000001b821dd4e50 Unloading class 0x000001b823003800 'java/lang/invoke/LambdaForm$MH+0x000001b823003800'
Event: 105.181 Thread 0x000001b821dd4e50 Unloading class 0x000001b823003400 'java/lang/invoke/LambdaForm$MH+0x000001b823003400'

Classes redefined (6 events):
Event: 88.607 Thread 0x000001b821dd4e50 redefined class name=com.meli.PackTracking.service.EventService, count=1
Event: 103.875 Thread 0x000001b821dd4e50 redefined class name=com.meli.PackTracking.controller.EventController, count=1
Event: 103.875 Thread 0x000001b821dd4e50 redefined class name=com.meli.PackTracking.controller.EventController, count=1
Event: 123.772 Thread 0x000001b821dd4e50 redefined class name=com.meli.PackTracking.controller.EventController, count=2
Event: 123.772 Thread 0x000001b821dd4e50 redefined class name=com.meli.PackTracking.controller.EventController, count=1
Event: 123.772 Thread 0x000001b821dd4e50 redefined class name=com.meli.PackTracking.controller.EventController, count=2

Internal exceptions (20 events):
Event: 105.162 Thread 0x000001b86a108800 Exception <a 'java/io/IOException'{0x00000007084ba390}> (0x00000007084ba390) 
thrown [s\src\hotspot\share\prims\jni.cpp, line 520]
Event: 105.162 Thread 0x000001b86a108800 Exception <a 'java/io/IOException'{0x00000007084bafa8}> (0x00000007084bafa8) 
thrown [s\src\hotspot\share\prims\jni.cpp, line 520]
Event: 105.162 Thread 0x000001b86a108800 Exception <a 'java/io/IOException'{0x00000007084bcf78}> (0x00000007084bcf78) 
thrown [s\src\hotspot\share\prims\jni.cpp, line 520]
Event: 105.162 Thread 0x000001b86a108800 Exception <a 'java/io/IOException'{0x00000007084bdb90}> (0x00000007084bdb90) 
thrown [s\src\hotspot\share\prims\jni.cpp, line 520]
Event: 105.163 Thread 0x000001b86a108800 Exception <a 'java/io/IOException'{0x00000007084c03c0}> (0x00000007084c03c0) 
thrown [s\src\hotspot\share\prims\jni.cpp, line 520]
Event: 105.163 Thread 0x000001b86a108800 Exception <a 'java/io/IOException'{0x00000007084c0fd8}> (0x00000007084c0fd8) 
thrown [s\src\hotspot\share\prims\jni.cpp, line 520]
Event: 105.166 Thread 0x000001b86b059c50 Exception <a 'java/lang/InterruptedException'{0x000000070850c6a0}: sleep interrupted> (0x000000070850c6a0) 
thrown [s\src\hotspot\share\prims\jvm.cpp, line 3074]
Event: 105.217 Thread 0x000001b86a10d6c0 Exception <a 'sun/nio/fs/WindowsException'{0x0000000712a7d548}> (0x0000000712a7d548) 
thrown [s\src\hotspot\share\prims\jni.cpp, line 520]
Event: 105.551 Thread 0x000001b86a10d6c0 Exception <a 'java/lang/NoClassDefFoundError'{0x00000007087e1850}: org/flywaydb/core/Flyway> (0x00000007087e1850) 
thrown [s\src\hotspot\share\oops\constantPool.cpp, line 873]
Event: 106.476 Thread 0x000001b86a10d6c0 Exception <a 'java/lang/NoClassDefFoundError'{0x00000007087e1eb0}: liquibase/integration/spring/SpringLiquibase> (0x00000007087e1eb0) 
thrown [s\src\hotspot\share\oops\constantPool.cpp, line 873]
Event: 106.479 Thread 0x000001b86a10d6c0 Exception <a 'java/lang/NoClassDefFoundError'{0x0000000708424280}: org/jooq/DSLContext> (0x0000000708424280) 
thrown [s\src\hotspot\share\oops\constantPool.cpp, line 873]
Event: 106.483 Thread 0x000001b86a10d6c0 Exception <a 'java/lang/NoClassDefFoundError'{0x000000070849d3c8}: org/springframework/batch/core/repository/JobRepository> (0x000000070849d3c8) 
thrown [s\src\hotspot\share\oops\constantPool.cpp, line 873]
Event: 106.484 Thread 0x000001b86a10d6c0 Exception <a 'java/lang/NoClassDefFoundError'{0x000000070849da20}: org/quartz/Scheduler> (0x000000070849da20) 
thrown [s\src\hotspot\share\oops\constantPool.cpp, line 873]
Event: 106.484 Thread 0x000001b86a10d6c0 Exception <a 'java/lang/NoClassDefFoundError'{0x000000070849e0a0}: org/springframework/session/jdbc/JdbcIndexedSessionRepository> (0x000000070849e0a0) 
thrown [s\src\hotspot\share\oops\constantPool.cpp, line 873]
Event: 106.496 Thread 0x000001b86a10d6c0 Exception <a 'java/lang/ArrayIndexOutOfBoundsException'{0x000000070820f0d8}> (0x000000070820f0d8) 
thrown [s\src\hotspot\share\runtime\sharedRuntime.cpp, line 625]
Event: 106.497 Thread 0x000001b86a10d6c0 Exception <a 'java/lang/ArrayIndexOutOfBoundsException'{0x000000070820f6b0}> (0x000000070820f6b0) 
thrown [s\src\hotspot\share\runtime\sharedRuntime.cpp, line 625]
Event: 106.499 Thread 0x000001b86a10d6c0 Exception <a 'java/lang/ArrayIndexOutOfBoundsException'{0x0000000708255d28}> (0x0000000708255d28) 
thrown [s\src\hotspot\share\runtime\sharedRuntime.cpp, line 625]
Event: 106.500 Thread 0x000001b86a10d6c0 Exception <a 'java/lang/ArrayIndexOutOfBoundsException'{0x0000000708256300}> (0x0000000708256300) 
thrown [s\src\hotspot\share\runtime\sharedRuntime.cpp, line 625]
Event: 106.578 Thread 0x000001b86a10d6c0 Exception <a 'java/io/FileNotFoundException'{0x00000007077e5da8}> (0x00000007077e5da8) 
thrown [s\src\hotspot\share\prims\jni.cpp, line 520]
Event: 106.648 Thread 0x000001b86a10d6c0 Exception <a 'java/io/FileNotFoundException'{0x0000000706b268d8}> (0x0000000706b268d8) 
thrown [s\src\hotspot\share\prims\jni.cpp, line 520]

ZGC Phase Switch (0 events):
No events

VM Operations (20 events):
Event: 108.068 Executing VM operation: ChangeBreakpoints
Event: 108.068 Executing VM operation: ChangeBreakpoints done
Event: 108.069 Executing VM operation: ChangeBreakpoints
Event: 108.069 Executing VM operation: ChangeBreakpoints done
Event: 108.069 Executing VM operation: ChangeBreakpoints
Event: 108.069 Executing VM operation: ChangeBreakpoints done
Event: 120.474 Executing VM operation: HandshakeAllThreads (HandshakeForDeflation)
Event: 120.474 Executing VM operation: HandshakeAllThreads (HandshakeForDeflation) done
Event: 120.474 Executing VM operation: RendezvousGCThreads
Event: 120.474 Executing VM operation: RendezvousGCThreads done
Event: 121.475 Executing VM operation: Cleanup
Event: 121.475 Executing VM operation: Cleanup done
Event: 123.753 Executing VM operation: ChangeSingleStep
Event: 123.753 Executing VM operation: ChangeSingleStep done
Event: 123.753 Executing VM operation: ChangeSingleStep
Event: 123.753 Executing VM operation: ChangeSingleStep done
Event: 123.765 Executing VM operation: RedefineClasses
Event: 123.788 Executing VM operation: RedefineClasses done
Event: 123.789 Executing VM operation: ChangeSingleStep
Event: 123.789 Executing VM operation: ChangeSingleStep done

Memory protections (0 events):
No events

Nmethod flushes (20 events):
Event: 105.186 Thread 0x000001b821dd4e50 flushing  nmethod 0x000001b817c51b10
Event: 105.186 Thread 0x000001b821dd4e50 flushing  nmethod 0x000001b817c54990
Event: 105.186 Thread 0x000001b821dd4e50 flushing  nmethod 0x000001b817c55810
Event: 105.186 Thread 0x000001b821dd4e50 flushing  nmethod 0x000001b817c76090
Event: 105.186 Thread 0x000001b821dd4e50 flushing  nmethod 0x000001b817c76890
Event: 105.186 Thread 0x000001b821dd4e50 flushing  nmethod 0x000001b817cec110
Event: 105.186 Thread 0x000001b821dd4e50 flushing  nmethod 0x000001b817d0f090
Event: 105.186 Thread 0x000001b821dd4e50 flushing  nmethod 0x000001b817d0fd10
Event: 105.186 Thread 0x000001b821dd4e50 flushing  nmethod 0x000001b817d12890
Event: 105.186 Thread 0x000001b821dd4e50 flushing  nmethod 0x000001b817d3a610
Event: 105.186 Thread 0x000001b821dd4e50 flushing  nmethod 0x000001b817d61010
Event: 105.186 Thread 0x000001b821dd4e50 flushing  nmethod 0x000001b817d85990
Event: 105.186 Thread 0x000001b821dd4e50 flushing  nmethod 0x000001b817d87010
Event: 105.186 Thread 0x000001b821dd4e50 flushing  nmethod 0x000001b817d9f410
Event: 105.186 Thread 0x000001b821dd4e50 flushing  nmethod 0x000001b817ea7f10
Event: 105.186 Thread 0x000001b821dd4e50 flushing  nmethod 0x000001b817fa8110
Event: 105.186 Thread 0x000001b821dd4e50 flushing  nmethod 0x000001b81811a990
Event: 105.186 Thread 0x000001b821dd4e50 flushing  nmethod 0x000001b8181d6f90
Event: 105.186 Thread 0x000001b821dd4e50 flushing  nmethod 0x000001b818246b90
Event: 105.186 Thread 0x000001b821dd4e50 flushing  nmethod 0x000001b8183d6c90

Events (20 events):
Event: 105.151 Thread 0x000001b86b055ab0 Thread exited: 0x000001b86b055ab0
Event: 105.156 Thread 0x000001b86a10a8d0 Thread added: 0x000001b86a108800
Event: 105.156 Thread 0x000001b86b057b80 Thread exited: 0x000001b86b057b80
Event: 105.163 Thread 0x000001b86a108800 Thread exited: 0x000001b86a108800
Event: 105.166 Thread 0x000001b86b0588a0 Thread exited: 0x000001b86b0588a0
Event: 105.166 Thread 0x000001b86b059c50 Thread exited: 0x000001b86b059c50
Event: 105.166 Thread 0x000001b86b056e60 Thread exited: 0x000001b86b056e60
Event: 105.208 Thread 0x000001b86a10a8d0 Thread added: 0x000001b86a10b5f0
Event: 105.209 Thread 0x000001b86a10b5f0 Thread exited: 0x000001b86a10b5f0
Event: 105.209 Thread 0x000001b86a10a8d0 Thread added: 0x000001b86a10d6c0
Event: 105.260 Thread 0x000001b86a10d6c0 Thread added: 0x000001b86a10e3e0
Event: 105.302 Thread 0x000001b86a10e3e0 Thread exited: 0x000001b86a10e3e0
Event: 106.649 Thread 0x000001b86a10d6c0 Thread added: 0x000001b86a109520
Event: 106.649 Thread 0x000001b86a10d6c0 Thread added: 0x000001b86a10b5f0
Event: 106.649 Thread 0x000001b86a10d6c0 Thread added: 0x000001b86a10e3e0
Event: 106.710 Thread 0x000001b86a10d6c0 Thread added: 0x000001b86a10f790
Event: 106.745 Thread 0x000001b821e05ef0 Thread added: 0x000001b867a50580
Event: 106.811 Thread 0x000001b86a10f790 Thread added: 0x000001b86a10fe20
Event: 112.203 Thread 0x000001b867a50580 Thread exited: 0x000001b867a50580
Event: 112.235 Thread 0x000001b86a10fe20 Thread exited: 0x000001b86a10fe20


Dynamic libraries:
0x00007ff709d20000 - 0x00007ff709d2e000 	C:\Users\carol\.p2\pool\plugins\org.eclipse.justj.openjdk.hotspot.jre.full.win32.x86_64_21.0.6.v20250130-0529\jre\bin\javaw.exe
0x00007ffd2a270000 - 0x00007ffd2a487000 	C:\WINDOWS\SYSTEM32\ntdll.dll
0x00007ffd280f0000 - 0x00007ffd281b4000 	C:\WINDOWS\System32\KERNEL32.DLL
0x00007ffd27b60000 - 0x00007ffd27f31000 	C:\WINDOWS\System32\KERNELBASE.dll
0x00007ffd27a40000 - 0x00007ffd27b51000 	C:\WINDOWS\System32\ucrtbase.dll
0x00007ffd186b0000 - 0x00007ffd186ce000 	C:\Users\carol\.p2\pool\plugins\org.eclipse.justj.openjdk.hotspot.jre.full.win32.x86_64_21.0.6.v20250130-0529\jre\bin\VCRUNTIME140.dll
0x00007ffd1c310000 - 0x00007ffd1c328000 	C:\Users\carol\.p2\pool\plugins\org.eclipse.justj.openjdk.hotspot.jre.full.win32.x86_64_21.0.6.v20250130-0529\jre\bin\jli.dll
0x00007ffd288f0000 - 0x00007ffd28aa1000 	C:\WINDOWS\System32\USER32.dll
0x00007ffd27660000 - 0x00007ffd27686000 	C:\WINDOWS\System32\win32u.dll
0x00007ffd12e70000 - 0x00007ffd13102000 	C:\WINDOWS\WinSxS\amd64_microsoft.windows.common-controls_6595b64144ccf1df_6.0.22621.4830_none_270fe7d773858e80\COMCTL32.dll
0x00007ffd28ec0000 - 0x00007ffd28f67000 	C:\WINDOWS\System32\msvcrt.dll
0x00007ffd28e90000 - 0x00007ffd28eb9000 	C:\WINDOWS\System32\GDI32.dll
0x00007ffd278a0000 - 0x00007ffd279bb000 	C:\WINDOWS\System32\gdi32full.dll
0x00007ffd27800000 - 0x00007ffd2789a000 	C:\WINDOWS\System32\msvcp_win.dll
0x00007ffd28000000 - 0x00007ffd28031000 	C:\WINDOWS\System32\IMM32.DLL
0x00007ffd19330000 - 0x00007ffd1933c000 	C:\Users\carol\.p2\pool\plugins\org.eclipse.justj.openjdk.hotspot.jre.full.win32.x86_64_21.0.6.v20250130-0529\jre\bin\vcruntime140_1.dll
0x00007ffcfee80000 - 0x00007ffcfef0d000 	C:\Users\carol\.p2\pool\plugins\org.eclipse.justj.openjdk.hotspot.jre.full.win32.x86_64_21.0.6.v20250130-0529\jre\bin\msvcp140.dll
0x00007ffc7f2b0000 - 0x00007ffc80040000 	C:\Users\carol\.p2\pool\plugins\org.eclipse.justj.openjdk.hotspot.jre.full.win32.x86_64_21.0.6.v20250130-0529\jre\bin\server\jvm.dll
0x00007ffd27f40000 - 0x00007ffd27ff1000 	C:\WINDOWS\System32\ADVAPI32.dll
0x00007ffd28040000 - 0x00007ffd280e7000 	C:\WINDOWS\System32\sechost.dll
0x00007ffd27570000 - 0x00007ffd27598000 	C:\WINDOWS\System32\bcrypt.dll
0x00007ffd28b60000 - 0x00007ffd28c74000 	C:\WINDOWS\System32\RPCRT4.dll
0x00007ffd28db0000 - 0x00007ffd28e21000 	C:\WINDOWS\System32\WS2_32.dll
0x00007ffd26260000 - 0x00007ffd262ad000 	C:\WINDOWS\SYSTEM32\POWRPROF.dll
0x00007ffd1e400000 - 0x00007ffd1e434000 	C:\WINDOWS\SYSTEM32\WINMM.dll
0x00007ffd1bef0000 - 0x00007ffd1befa000 	C:\WINDOWS\SYSTEM32\VERSION.dll
0x00007ffd26240000 - 0x00007ffd26253000 	C:\WINDOWS\SYSTEM32\UMPDC.dll
0x00007ffd264f0000 - 0x00007ffd26508000 	C:\WINDOWS\SYSTEM32\kernel.appcore.dll
0x00007ffd1ddf0000 - 0x00007ffd1ddfa000 	C:\Users\carol\.p2\pool\plugins\org.eclipse.justj.openjdk.hotspot.jre.full.win32.x86_64_21.0.6.v20250130-0529\jre\bin\jimage.dll
0x00007ffd24ba0000 - 0x00007ffd24dd2000 	C:\WINDOWS\SYSTEM32\DBGHELP.DLL
0x00007ffd29be0000 - 0x00007ffd29f70000 	C:\WINDOWS\System32\combase.dll
0x00007ffd28810000 - 0x00007ffd288e7000 	C:\WINDOWS\System32\OLEAUT32.dll
0x00007ffd1b9a0000 - 0x00007ffd1b9d2000 	C:\WINDOWS\SYSTEM32\dbgcore.DLL
0x00007ffd274f0000 - 0x00007ffd2756b000 	C:\WINDOWS\System32\bcryptPrimitives.dll
0x00007ffd1bc20000 - 0x00007ffd1bc5c000 	C:\Users\carol\.p2\pool\plugins\org.eclipse.justj.openjdk.hotspot.jre.full.win32.x86_64_21.0.6.v20250130-0529\jre\bin\jdwp.dll
0x00007ffd1dbe0000 - 0x00007ffd1dbef000 	C:\Users\carol\.p2\pool\plugins\org.eclipse.justj.openjdk.hotspot.jre.full.win32.x86_64_21.0.6.v20250130-0529\jre\bin\instrument.dll
0x00007ffd1bb60000 - 0x00007ffd1bb7f000 	C:\Users\carol\.p2\pool\plugins\org.eclipse.justj.openjdk.hotspot.jre.full.win32.x86_64_21.0.6.v20250130-0529\jre\bin\java.dll
0x00007ffd29330000 - 0x00007ffd29bb8000 	C:\WINDOWS\System32\SHELL32.dll
0x00007ffd273b0000 - 0x00007ffd274ef000 	C:\WINDOWS\System32\wintypes.dll
0x00007ffd25320000 - 0x00007ffd25c2d000 	C:\WINDOWS\SYSTEM32\windows.storage.dll
0x00007ffd28ca0000 - 0x00007ffd28daa000 	C:\WINDOWS\System32\SHCORE.dll
0x00007ffd292c0000 - 0x00007ffd2931e000 	C:\WINDOWS\System32\shlwapi.dll
0x00007ffd272e0000 - 0x00007ffd2730b000 	C:\WINDOWS\SYSTEM32\profapi.dll
0x00007ffd1ba10000 - 0x00007ffd1ba28000 	C:\Users\carol\.p2\pool\plugins\org.eclipse.justj.openjdk.hotspot.jre.full.win32.x86_64_21.0.6.v20250130-0529\jre\bin\zip.dll
0x00007ffd1f610000 - 0x00007ffd1f61b000 	C:\Users\carol\.p2\pool\plugins\org.eclipse.justj.openjdk.hotspot.jre.full.win32.x86_64_21.0.6.v20250130-0529\jre\bin\dt_socket.dll
0x00007ffd25f40000 - 0x00007ffd25f6d000 	C:\WINDOWS\SYSTEM32\IPHLPAPI.DLL
0x00007ffd26960000 - 0x00007ffd269ca000 	C:\WINDOWS\system32\mswsock.dll
0x00007ffd25fc0000 - 0x00007ffd260c2000 	C:\WINDOWS\SYSTEM32\DNSAPI.dll
0x00007ffd29320000 - 0x00007ffd29329000 	C:\WINDOWS\System32\NSI.dll
0x00007ffd1b740000 - 0x00007ffd1b74a000 	C:\Windows\System32\rasadhlp.dll
0x00007ffd1bf20000 - 0x00007ffd1bfa3000 	C:\WINDOWS\System32\fwpuclnt.dll
0x00007ffd1dbd0000 - 0x00007ffd1dbe0000 	C:\Users\carol\.p2\pool\plugins\org.eclipse.justj.openjdk.hotspot.jre.full.win32.x86_64_21.0.6.v20250130-0529\jre\bin\net.dll
0x00007ffd1e720000 - 0x00007ffd1e84c000 	C:\WINDOWS\SYSTEM32\WINHTTP.dll
0x00007ffd1b9f0000 - 0x00007ffd1ba06000 	C:\Users\carol\.p2\pool\plugins\org.eclipse.justj.openjdk.hotspot.jre.full.win32.x86_64_21.0.6.v20250130-0529\jre\bin\nio.dll
0x00007ffd19230000 - 0x00007ffd1923a000 	C:\Users\carol\.p2\pool\plugins\org.eclipse.justj.openjdk.hotspot.jre.full.win32.x86_64_21.0.6.v20250130-0529\jre\bin\management.dll
0x00007ffd13b50000 - 0x00007ffd13b5b000 	C:\Users\carol\.p2\pool\plugins\org.eclipse.justj.openjdk.hotspot.jre.full.win32.x86_64_21.0.6.v20250130-0529\jre\bin\management_ext.dll
0x00007ffd28f70000 - 0x00007ffd28f78000 	C:\WINDOWS\System32\PSAPI.DLL
0x00007ffd1c300000 - 0x00007ffd1c310000 	C:\Users\carol\.p2\pool\plugins\org.eclipse.justj.openjdk.hotspot.jre.full.win32.x86_64_21.0.6.v20250130-0529\jre\bin\verify.dll
0x00007ffcfbf80000 - 0x00007ffcfbf97000 	C:\WINDOWS\system32\napinsp.dll
0x00007ffcfbf60000 - 0x00007ffcfbf7b000 	C:\WINDOWS\system32\pnrpnsp.dll
0x00007ffcfbf40000 - 0x00007ffcfbf51000 	C:\WINDOWS\System32\winrnr.dll
0x00007ffd1e050000 - 0x00007ffd1e065000 	C:\WINDOWS\system32\wshbth.dll
0x00007ffcfbf10000 - 0x00007ffcfbf37000 	C:\WINDOWS\system32\nlansp_c.dll
0x00007ffd26bb0000 - 0x00007ffd26bcb000 	C:\WINDOWS\SYSTEM32\CRYPTSP.dll
0x00007ffd26450000 - 0x00007ffd26487000 	C:\WINDOWS\system32\rsaenh.dll
0x00007ffd26a50000 - 0x00007ffd26a78000 	C:\WINDOWS\SYSTEM32\USERENV.dll
0x00007ffd26bd0000 - 0x00007ffd26bdc000 	C:\WINDOWS\SYSTEM32\CRYPTBASE.dll
0x00007ffd1a400000 - 0x00007ffd1a409000 	C:\Users\carol\.p2\pool\plugins\org.eclipse.justj.openjdk.hotspot.jre.full.win32.x86_64_21.0.6.v20250130-0529\jre\bin\extnet.dll
0x00007ffd1b750000 - 0x00007ffd1b75e000 	C:\Users\carol\.p2\pool\plugins\org.eclipse.justj.openjdk.hotspot.jre.full.win32.x86_64_21.0.6.v20250130-0529\jre\bin\sunmscapi.dll
0x00007ffd27690000 - 0x00007ffd277f6000 	C:\WINDOWS\System32\CRYPT32.dll
0x00007ffd26d70000 - 0x00007ffd26d9d000 	C:\WINDOWS\SYSTEM32\ncrypt.dll
0x00007ffd26d30000 - 0x00007ffd26d67000 	C:\WINDOWS\SYSTEM32\NTASN1.dll
0x00007ffd13c40000 - 0x00007ffd13c48000 	C:\WINDOWS\system32\wshunix.dll

dbghelp: loaded successfully - version: 4.0.5 - missing functions: none
symbol engine: initialized successfully - sym options: 0x614 - pdb path: .;C:\Users\carol\.p2\pool\plugins\org.eclipse.justj.openjdk.hotspot.jre.full.win32.x86_64_21.0.6.v20250130-0529\jre\bin;C:\WINDOWS\SYSTEM32;C:\WINDOWS\WinSxS\amd64_microsoft.windows.common-controls_6595b64144ccf1df_6.0.22621.4830_none_270fe7d773858e80;C:\Users\carol\.p2\pool\plugins\org.eclipse.justj.openjdk.hotspot.jre.full.win32.x86_64_21.0.6.v20250130-0529\jre\bin\server

VM Arguments:
jvm_args: -XX:+ShowCodeDetailsInExceptionMessages -agentlib:jdwp=transport=dt_socket,suspend=y,address=localhost:59251 -Dcom.sun.management.jmxremote -Dcom.sun.management.jmxremote.port=59250 -Dcom.sun.management.jmxremote.authenticate=false -Dcom.sun.management.jmxremote.ssl=false -Djava.rmi.server.hostname=localhost -Dspring.jmx.enabled=true -Dmanagement.endpoints.jmx.exposure.include=* -Dspring.application.admin.enabled=true -Dspring.output.ansi.enabled=always -XX:TieredStopAtLevel=1 -Dspring.boot.project.name=PackTracking -javaagent:C:\Users\carol\eclipse\java-2025-03\eclipse\configuration\org.eclipse.osgi\249\0\.cp\lib\javaagent-shaded.jar -Dfile.encoding=UTF-8 -Dstdout.encoding=UTF-8 -Dstderr.encoding=UTF-8 
java_command: com.meli.PackTracking.PackTrackingApplication
java_class_path (initial): C:\Users\carol\Documents\PackTrackingMeli\target\classes;C:\Users\carol\.m2\repository\org\springframework\boot\spring-boot-starter-data-jpa\3.4.4\spring-boot-starter-data-jpa-3.4.4.jar;C:\Users\carol\.m2\repository\org\springframework\boot\spring-boot-starter\3.4.4\spring-boot-starter-3.4.4.jar;C:\Users\carol\.m2\repository\org\springframework\boot\spring-boot-starter-logging\3.4.4\spring-boot-starter-logging-3.4.4.jar;C:\Users\carol\.m2\repository\ch\qos\logback\logback-classic\1.5.18\logback-classic-1.5.18.jar;C:\Users\carol\.m2\repository\ch\qos\logback\logback-core\1.5.18\logback-core-1.5.18.jar;C:\Users\carol\.m2\repository\org\apache\logging\log4j\log4j-to-slf4j\2.24.3\log4j-to-slf4j-2.24.3.jar;C:\Users\carol\.m2\repository\org\apache\logging\log4j\log4j-api\2.24.3\log4j-api-2.24.3.jar;C:\Users\carol\.m2\repository\org\slf4j\jul-to-slf4j\2.0.17\jul-to-slf4j-2.0.17.jar;C:\Users\carol\.m2\repository\jakarta\annotation\jakarta.annotation-api\2.1.1\jakarta.annotation-api-2.1.1.jar;C:\Users\carol\.m2\repository\org\yaml\snakeyaml\2.3\snakeyaml-2.3.jar;C:\Users\carol\.m2\repository\org\springframework\boot\spring-boot-starter-jdbc\3.4.4\spring-boot-starter-jdbc-3.4.4.jar;C:\Users\carol\.m2\repository\org\springframework\spring-jdbc\6.2.5\spring-jdbc-6.2.5.jar;C:\Users\carol\.m2\repository\org\hibernate\orm\hibernate-core\6.6.11.Final\hibernate-core-6.6.11.Final.jar;C:\Users\carol\.m2\repository\jakarta\persistence\jakarta.persistence-api\3.1.0\jakarta.persistence-api-3.1.0.jar;C:\Users\carol\.m2\repository\jakarta\transaction\jakarta.transaction-api\2.0.1\jakarta.transaction-api-2.0.1.jar;C:\Users\carol\.m2\repository\org\jboss\logging\jboss-logging\3.6.1.Final\jboss-logging-3.6.1.Final.jar;C:\Users\carol\.m2\repository\org\hibernate\common\hibernate-commons-annotations\7.0.3.Final\hibernate-commons-annotations-7.0.3.Final.jar;C:\Users\carol\.m2\repository\io\smallrye\jandex\3.2.0\jandex-3.2.0.jar;C:\Users\carol\.m2\repository\com\fasterxml\classmate\1.7.0\classmate-1.7.0.jar;C:\Users\carol\.m2\repository\net\bytebuddy\byte-buddy\1.15.11\byte-buddy-1.15.11.jar;C:\Users\carol\.m2\repository\org\glassfish\jaxb\jaxb-runtime\4.0.5\jaxb-runtime-4.0.5.jar;C:\Users\carol\.m2\repository\org\glassfish\jaxb\jaxb-core\4.0.5\jaxb-core-4.0.5.jar;C:\Users\carol\.m2\repository\org\eclipse\angus\angus-activation\2.0.2\angus-activation-2.0.2.jar;C:\Users\carol\.m2\repository\org\glassfish\jaxb\txw2\4.0.5\txw2-4.0.5.jar;C:\Users\carol\.m2\repository\com\sun\istack\istack-commons-runtime\4.1.2\istack-commons-runtime-4.1.2.jar;C:\Users\carol\.m2\repository\jakarta\inject\jakarta.inject-api\2.0.1\jakarta.inject-api-2.0.1.jar;C:\Users\carol\.m2\repository\org\antlr\antlr4-runtime\4.13.0\antlr4-runtime-4.13.0.jar;C:\Users\carol\.m2\repository\org\springframework\data\spring-data-jpa\3.4.4\spring-data-jpa-3.4.4.jar;C:\Users\carol\.m2\repository\org\springframework\data\spring-data-commons\3.4.4\spring-data-commons-3.4.4.jar;C:\Users\carol\.m2\repository\org\springframework\spring-orm\6.2.5\spring-orm-6.2.5.jar;C:\Users\carol\.m2\repository\org\springframework\spring-context\6.2.5\spring-context-6.2.5.jar;C:\Users\carol\.m2\repository\org\springframework\spring-aop\6.2.5\spring-aop-6.2.5.jar;C:\Users\carol\.m2\repository\org\springframework\spring-tx\6.2.5\spring-tx-6.2.5.jar;C:\Users\carol\.m2\repository\org\springframework\spring-beans\6.2.5\spring-beans-6.2.5.jar;C:\Users\carol\.m2\repository\org\springframework\spring-aspects\6.2.5\spring-aspects-6.2.5.jar;C:\Users\carol\.m2\repository\org\aspectj\aspectjweaver\1.9.23\aspectjweaver-1.9.23.jar;C:\Users\carol\.m2\repository\org\springframework\boot\spring-boot-starter-web\3.4.4\spring-boot-starter-web-3.4.4.jar;C:\Users\carol\.m2\repository\org\springframework\boot\spring-boot-starter-json\3.4.4\spring-boot-starter-json-3.4.4.jar;C:\Users\carol\.m2\repository\com\fasterxml\jackson\core\jackson-databind\2.18.3\jackson-databind-2.18.3.jar;C:\Users\carol\.m2\repository\com\fasterxml\jackson\core\jackson-annotations\2.18.3\jackson-annotations-2.18.3.jar;C:\Users\carol\.m2\repository\com\fasterxml\jackson\core\jackson-core\2.18.3\jackson-core-2.18.3.jar;C:\Users\carol\.m2\repository\com\fasterxml\jackson\datatype\jackson-datatype-jdk8\2.18.3\jackson-datatype-jdk8-2.18.3.jar;C:\Users\carol\.m2\repository\com\fasterxml\jackson\datatype\jackson-datatype-jsr310\2.18.3\jackson-datatype-jsr310-2.18.3.jar;C:\Users\carol\.m2\repository\com\fasterxml\jackson\module\jackson-module-parameter-names\2.18.3\jackson-module-parameter-names-2.18.3.jar;C:\Users\carol\.m2\repository\org\springframework\boot\spring-boot-starter-tomcat\3.4.4\spring-boot-starter-tomcat-3.4.4.jar;C:\Users\carol\.m2\repository\org\apache\tomcat\embed\tomcat-embed-core\10.1.39\tomcat-embed-core-10.1.39.jar;C:\Users\carol\.m2\repository\org\apache\tomcat\embed\tomcat-embed-websocket\10.1.39\tomcat-embed-websocket-10.1.39.jar;C:\Users\carol\.m2\repository\org\springframework\spring-web\6.2.5\spring-web-6.2.5.jar;C:\Users\carol\.m2\repository\org\springframework\spring-webmvc\6.2.5\spring-webmvc-6.2.5.jar;C:\Users\carol\.m2\repository\org\springframework\spring-expression\6.2.5\spring-expression-6.2.5.jar;C:\Users\carol\.m2\repository\org\springframework\boot\spring-boot-devtools\3.4.4\spring-boot-devtools-3.4.4.jar;C:\Users\carol\.m2\repository\org\springframework\boot\spring-boot\3.4.4\spring-boot-3.4.4.jar;C:\Users\carol\.m2\repository\org\springframework\boot\spring-boot-autoconfigure\3.4.4\spring-boot-autoconfigure-3.4.4.jar;C:\Users\carol\.m2\repository\com\mysql\mysql-connector-j\9.1.0\mysql-connector-j-9.1.0.jar;C:\Users\carol\.m2\repository\org\projectlombok\lombok\1.18.36\lombok-1.18.36.jar;C:\Users\carol\.m2\repository\jakarta\xml\bind\jakarta.xml.bind-api\4.0.2\jakarta.xml.bind-api-4.0.2.jar;C:\Users\carol\.m2\repository\jakarta\activation\jakarta.activation-api\2.1.3\jakarta.activation-api-2.1.3.jar;C:\Users\carol\.m2\repository\org\springframework\spring-core\6.2.5\spring-core-6.2.5.jar;C:\Users\carol\.m2\repository\org\springframework\spring-jcl\6.2.5\spring-jcl-6.2.5.jar;C:\Users\carol\.m2\repository\com\zaxxer\HikariCP\5.1.0\HikariCP-5.1.0.jar;C:\Users\carol\.m2\repository\org\slf4j\slf4j-api\2.0.17\slf4j-api-2.0.17.jar;C:\Users\carol\.m2\repository\org\springframework\boot\spring-boot-starter-actuator\3.4.4\spring-boot-starter-actuator-3.4.4.jar;C:\Users\carol\.m2\repository\org\springframework\boot\spring-boot-actuator-autoconfigure\3.4.4\spring-boot-actuator-autoconfigure-3.4.4.jar;C:\Users\carol\.m2\repository\org\springframework\boot\spring-boot-actuator\3.4.4\spring-boot-actuator-3.4.4.jar;C:\Users\carol\.m2\repository\io\micrometer\micrometer-observation\1.14.5\micrometer-observation-1.14.5.jar;C:\Users\carol\.m2\repository\io\micrometer\micrometer-commons\1.14.5\micrometer-commons-1.14.5.jar;C:\Users\carol\.m2\repository\io\micrometer\micrometer-jakarta9\1.14.5\micrometer-jakarta9-1.14.5.jar;C:\Users\carol\.m2\repository\io\micrometer\micrometer-core\1.14.5\micrometer-core-1.14.5.jar;C:\Users\carol\.m2\repository\org\hdrhistogram\HdrHistogram\2.2.2\HdrHistogram-2.2.2.jar;C:\Users\carol\.m2\repository\org\latencyutils\LatencyUtils\2.0.3\LatencyUtils-2.0.3.jar;C:\Users\carol\.m2\repository\org\springframework\boot\spring-boot-starter-validation\3.4.4\spring-boot-starter-validation-3.4.4.jar;C:\Users\carol\.m2\repository\org\apache\tomcat\embed\tomcat-embed-el\10.1.39\tomcat-embed-el-10.1.39.jar;C:\Users\carol\.m2\repository\org\hibernate\validator\hibernate-validator\8.0.2.Final\hibernate-validator-8.0.2.Final.jar;C:\Users\carol\.m2\repository\jakarta\validation\jakarta.validation-api\3.0.2\jakarta.validation-api-3.0.2.jar
Launcher Type: SUN_STANDARD

[Global flags]
     intx CICompilerCount                          = 4                                         {product} {ergonomic}
     uint ConcGCThreads                            = 2                                         {product} {ergonomic}
     uint G1ConcRefinementThreads                  = 8                                         {product} {ergonomic}
   size_t G1HeapRegionSize                         = 2097152                                   {product} {ergonomic}
    uintx GCDrainStackTargetSize                   = 64                                        {product} {ergonomic}
   size_t InitialHeapSize                          = 266338304                                 {product} {ergonomic}
     bool ManagementServer                         = true                                      {product} {command line}
   size_t MarkStackSize                            = 4194304                                   {product} {ergonomic}
   size_t MaxHeapSize                              = 4246732800                                {product} {ergonomic}
   size_t MaxNewSize                               = 2548039680                                {product} {ergonomic}
   size_t MinHeapDeltaBytes                        = 2097152                                   {product} {ergonomic}
   size_t MinHeapSize                              = 8388608                                   {product} {ergonomic}
    uintx NonNMethodCodeHeapSize                   = 4096                                   {pd product} {ergonomic}
    uintx NonProfiledCodeHeapSize                  = 0                                      {pd product} {ergonomic}
     bool ProfileInterpreter                       = false                                  {pd product} {command line}
    uintx ProfiledCodeHeapSize                     = 0                                      {pd product} {ergonomic}
     bool ShowCodeDetailsInExceptionMessages       = true                                   {manageable} {command line}
   size_t SoftMaxHeapSize                          = 4246732800                             {manageable} {ergonomic}
     intx TieredStopAtLevel                        = 1                                         {product} {command line}
     bool UseCompressedOops                        = true                           {product lp64_product} {ergonomic}
     bool UseG1GC                                  = true                                      {product} {ergonomic}
     bool UseLargePagesIndividualAllocation        = false                                  {pd product} {ergonomic}

Logging:
Log output configuration:
 #0: stdout all=warning uptime,level,tags foldmultilines=false
 #1: stderr all=off uptime,level,tags foldmultilines=false

Environment Variables:
JAVA_HOME=D:\Program Files\Java\Java1.17
PATH=C:\Users\carol\.p2\pool\plugins\org.eclipse.justj.openjdk.hotspot.jre.full.win32.x86_64_21.0.6.v20250130-0529\jre\bin;C:/Users/carol/.p2/pool/plugins/org.eclipse.justj.openjdk.hotspot.jre.full.win32.x86_64_21.0.6.v20250130-0529/jre/bin/server;C:/Users/carol/.p2/pool/plugins/org.eclipse.justj.openjdk.hotspot.jre.full.win32.x86_64_21.0.6.v20250130-0529/jre/bin;C:\Program Files\Common Files\Oracle\Java\javapath;C:\Program Files (x86)\Common Files\Oracle\Java\javapath;C:\Program Files (x86)\Java\jre1.8.0_311\bin;C:\windows\system32;C:\windows;C:\windows\System32\Wbem;C:\windows\System32\WindowsPowerShell\v1.0\;C:\windows\System32\OpenSSH\;C:\Program Files (x86)\NVIDIA Corporation\PhysX\Common;C:\Program Files\NVIDIA Corporation\NVIDIA NvDLISR;C:\Program Files\Git\cmd;C:\Program Files\nodejs\;C:\Program Files\Amazon\AWSCLI\bin\;C:\Users\carol\AppData\Local\Programs\Python\Python310;C:\Users\carol\AppData\Local\Programs\Python\Python310\Scripts;C:\Users\carol\AppData\Roaming\Python\Python310\Scripts;D:\Program Files\Java\Java1.17\bin;C:\WINDOWS\system32;C:\WINDOWS;C:\WINDOWS\System32\Wbem;C:\WINDOWS\System32\WindowsPowerShell\v1.0\;C:\WINDOWS\System32\OpenSSH\;C:\Program Files\dotnet\;C:\Program Files\MySQL\MySQL Shell 8.0\bin\;C:\Users\carol\AppData\Local\Microsoft\WindowsApps;C:\Users\carol\Downloads\apache-maven-3.9.9-bin\apache-maven-3.9.9\bin;C:\Users\carol\AppData\Local\Programs\Microsoft VS Code\bin;C:\WINDOWS\system32;
USERNAME=carol
OS=Windows_NT
PROCESSOR_IDENTIFIER=Intel64 Family 6 Model 142 Stepping 12, GenuineIntel
TMP=C:\Users\carol\AppData\Local\Temp
TEMP=C:\Users\carol\AppData\Local\Temp




Periodic native trim disabled

---------------  S Y S T E M  ---------------

OS:
 Windows 11 , 64 bit Build 22621 (10.0.22621.4974)
OS uptime: 0 days 12:58 hours

CPU: total 8 (initial active 8) (4 cores per cpu, 2 threads per core) family 6 model 142 stepping 12 microcode 0xde, cx8, cmov, fxsr, ht, mmx, 3dnowpref, sse, sse2, sse3, ssse3, sse4.1, sse4.2, popcnt, lzcnt, tsc, tscinvbit, avx, avx2, aes, erms, clmul, bmi1, bmi2, adx, fma, vzeroupper, clflush, clflushopt, rdtscp, f16c
Processor Information for the first 8 processors :
  Max Mhz: 2304, Current Mhz: 1803, Mhz Limit: 1797

Memory: 4k page, system-wide physical 16197M (6373M free)
TotalPageFile size 24389M (AvailPageFile size 12481M)
current process WorkingSet (physical memory assigned to process): 344M, peak: 345M
current process commit charge ("private bytes"): 374M, peak: 389M

vm_info: OpenJDK 64-Bit Server VM (21.0.6+7-LTS) for windows-amd64 JRE (21.0.6+7-LTS), built on 2025-01-21T00:00:00Z by "admin" with MS VC++ 17.7 (VS2022)

END.
