#
# A fatal error has been detected by the Java Runtime Environment:
#
#  EXCEPTION_ACCESS_VIOLATION (0xc0000005) at pc=0x000002a842331050, pid=5928, tid=31900
#
# JRE version: OpenJDK Runtime Environment Temurin-21.0.6+7 (21.0.6+7) (build 21.0.6+7-LTS)
# Java VM: OpenJDK 64-Bit Server VM Temurin-21.0.6+7 (21.0.6+7-LTS, mixed mode, emulated-client, sharing, tiered, compressed oops, compressed class ptrs, g1 gc, windows-amd64)
# Problematic frame:
# v  ~BufferBlob::MethodHandles adapters 0x000002a842331050
#
# No core dump will be written. Minidumps are not enabled by default on client versions of Windows
#
# If you would like to submit a bug report, please visit:
#   https://github.com/adoptium/adoptium-support/issues
#

---------------  S U M M A R Y ------------

Command Line: -XX:+ShowCodeDetailsInExceptionMessages -agentlib:jdwp=transport=dt_socket,suspend=y,address=localhost:61475 -Dcom.sun.management.jmxremote -Dcom.sun.management.jmxremote.port=61474 -Dcom.sun.management.jmxremote.authenticate=false -Dcom.sun.management.jmxremote.ssl=false -Djava.rmi.server.hostname=localhost -Dspring.jmx.enabled=true -Dmanagement.endpoints.jmx.exposure.include=* -Dspring.application.admin.enabled=true -Dspring.output.ansi.enabled=always -XX:TieredStopAtLevel=1 -Dspring.boot.project.name=PackTracking -javaagent:C:\Users\carol\eclipse\java-2025-03\eclipse\configuration\org.eclipse.osgi\249\0\.cp\lib\javaagent-shaded.jar -Dfile.encoding=UTF-8 -Dstdout.encoding=UTF-8 -Dstderr.encoding=UTF-8 com.meli.PackTracking.PackTrackingApplication

Host: Intel(R) Core(TM) i7-10510U CPU @ 1.80GHz, 8 cores, 15G,  Windows 11 , 64 bit Build 22621 (10.0.22621.4974)
Time: Tue Mar 25 23:13:27 2025 Hora oficial do Brasil elapsed time: 726.546212 seconds (0d 0h 12m 6s)

---------------  T H R E A D  ---------------

Current thread (0x000002a895ed2610):  JavaThread "restartedMain"        [_thread_in_Java, id=31900, stack(0x000000ecdf500000,0x000000ecdf600000) (1024K)]

Stack: [0x000000ecdf500000,0x000000ecdf600000],  sp=0x000000ecdf5fdb88,  free space=1014k
Native frames: (J=compiled Java code, j=interpreted, Vv=VM code, C=native code)
C  0x000002a842331050

The last pc belongs to _linkToSpecial (printed below).

siginfo: EXCEPTION_ACCESS_VIOLATION (0xc0000005), reading address 0xffffffffffffffff


Registers:
RAX=0x000002a842309086, RBX=0xe11cb3b600000000, RCX=0x000000ecdf5fdb90, RDX=0x0000000000000002
RSP=0x000000ecdf5fdb88, RBP=0x000000ecdf5fdbd8, RSI=0x000002a892b83ef8, RDI=0x000002a895ba9fa0
R8 =0x0000000000000004, R9 =0x0000000000000004, R10=0x00007fffb5bce040, R11=0x000002a84d0b5bd0
R12=0x0000000000000000, R13=0x000000ecdf5fdb88, R14=0x000000ecdf5fdbf8, R15=0x000002a895ed2610
RIP=0x000002a842331050, EFLAGS=0x0000000000010202

XMM[0]=0x0000000000000000 0x0000000000000000
XMM[1]=0x0000000000000000 0x0000000000000000
XMM[2]=0x0000000000000000 0x0000000000000000
XMM[3]=0x0000000000000000 0x0000000000000000
XMM[4]=0x0000000000000000 0x0000000000000000
XMM[5]=0x0000000000000000 0x0000000000000000
XMM[6]=0x0000000000000000 0x0000000000000000
XMM[7]=0x0000000000000000 0x0000000000000000
XMM[8]=0x0000000000000000 0x0000000000000000
XMM[9]=0x0000000000000000 0x0000000000000000
XMM[10]=0x0000000000000000 0x0000000000000000
XMM[11]=0x0000000000000000 0x0000000000000000
XMM[12]=0x0000000000000000 0x0000000000000000
XMM[13]=0x0000000000000000 0x0000000000000000
XMM[14]=0x0000000000000000 0x0000000000000000
XMM[15]=0x0000000000000000 0x0000000000000000
  MXCSR=0x00001fa0


Register to memory mapping:

RAX=0x000002a842309086 is at code_begin+3078 in an Interpreter codelet
return entry points  [0x000002a842308480, 0x000002a84230a298]  7704 bytes
RBX=0xe11cb3b600000000 is an unknown value
RCX=0x000000ecdf5fdb90 is pointing into the stack for thread: 0x000002a895ed2610
RDX=0x0000000000000002 is an unknown value
RSP=0x000000ecdf5fdb88 is pointing into the stack for thread: 0x000002a895ed2610
RBP=0x000000ecdf5fdbd8 is pointing into the stack for thread: 0x000002a895ed2610
RSI=0x000002a892b83ef8 points into unknown readable memory: 0x88000800e6754a7f | 7f 4a 75 e6 00 08 00 88
RDI=0x000002a895ba9fa0 points into unknown readable memory: 0x0000001800000070 | 70 00 00 00 18 00 00 00
R8 =0x0000000000000004 is an unknown value
R9 =0x0000000000000004 is an unknown value
R10=0x00007fffb5bce040 jvm.dll
R11={method} {0x000002a84d0b5bd8} 'newInvokeSpecial' '(Ljava/lang/Object;)Ljava/lang/Object;' in 'java/lang/invoke/DirectMethodHandle$Holder'
R12=0x0 is null
R13=0x000000ecdf5fdb88 is pointing into the stack for thread: 0x000002a895ed2610
R14=0x000000ecdf5fdbf8 is pointing into the stack for thread: 0x000002a895ed2610
R15=0x000002a895ed2610 is a thread

Top of Stack: (sp=0x000000ecdf5fdb88)
0x000000ecdf5fdb88:   000002a842309086 000000ecdf5fdb90
0x000000ecdf5fdb98:   000002a84d72b567 0000000000000004
0x000000ecdf5fdba8:   000002a84d0b1088 0000000705ca7e70
0x000000ecdf5fdbb8:   0000000703137bf8 000002a84d0b5bd0
0x000000ecdf5fdbc8:   000000ecdf5fdb88 000000ecdf5fdc00
0x000000ecdf5fdbd8:   000000ecdf5fefa0 000002a842612bcb
0x000000ecdf5fdbe8:   0000000708e59cb8 0000000708e59d60
0x000000ecdf5fdbf8:   0000000708e59d18 0000000708e59a78
0x000000ecdf5fdc08:   00000007031154d8 000000ecdf5fefa0
0x000000ecdf5fdc18:   000002a842c4528c 0000000708e53ca0
0x000000ecdf5fdc28:   0000000705c34f20 0000000705c500b8
0x000000ecdf5fdc38:   0000000703115398 0000000708e391d8
0x000000ecdf5fdc48:   74654d6164626d61 000000ecdf5fb6b0
0x000000ecdf5fdc58:   000002a8425b156c 0000000708e53cf0
0x000000ecdf5fdc68:   000002a892df8f30 000002a895cddc00
0x000000ecdf5fdc78:   00000007031370b8 0000000705ca7e70
0x000000ecdf5fdc88:   0000000708e59940 0000000708e59940
0x000000ecdf5fdc98:   0000000708e59a78 0000000708e59d48
0x000000ecdf5fdca8:   0000000708e59ad0 0000000705ca7e70
0x000000ecdf5fdcb8:   0000000000000001 000000ecdf5fefa0
0x000000ecdf5fdcc8:   000002a800000000 0000000000000000
0x000000ecdf5fdcd8:   0000000000000000 0000000708e59d18
0x000000ecdf5fdce8:   000002a842616ddc 0000000000000000
0x000000ecdf5fdcf8:   0000000000000000 0000000000000000
0x000000ecdf5fdd08:   0000000000000000 000002a895ed2610
0x000000ecdf5fdd18:   0000000000000000 0000000708e59a78
0x000000ecdf5fdd28:   0000000000000000 0000000708e59940
0x000000ecdf5fdd38:   0000000708e59d48 0000000708e59a78
0x000000ecdf5fdd48:   0000000000000000 0000000000000000
0x000000ecdf5fdd58:   000002a8426120ec 000000ecdf5fefa0
0x000000ecdf5fdd68:   000002a842610bea 0000000000000000
0x000000ecdf5fdd78:   000002a842524029 0000000000000000 

Instructions: (pc=0x000002a842331050)
0x000002a842330f50:   bf d8 05 00 00 00 74 03 ff 63 38 ff 63 50 e9 9d
0x000002a842330f60:   16 00 00 66 66 66 0f 1f 84 00 00 00 00 00 66 66
0x000002a842330f70:   66 90 66 66 0f 1f 84 00 00 00 00 00 66 66 66 90
0x000002a842330f80:   48 8b 53 08 0f b7 52 2e 48 8b 0c d4 58 5b 50 44
0x000002a842330f90:   8b 51 08 49 bb 00 00 00 4d a8 02 00 00 4d 03 d3
0x000002a842330fa0:   4c 8b 5b 10 4b 8b 9c da c0 01 00 00 48 85 db 0f
0x000002a842330fb0:   84 10 00 00 00 41 80 bf d8 05 00 00 00 74 03 ff
0x000002a842330fc0:   63 38 ff 63 50 e9 36 16 00 00 66 66 66 0f 1f 84
0x000002a842330fd0:   00 00 00 00 00 66 66 66 90 0f 1f 80 00 00 00 00
0x000002a842330fe0:   58 5b 50 8b 5b 24 48 c1 e3 03 48 8b 5b 10 48 85
0x000002a842330ff0:   db 0f 84 10 00 00 00 41 80 bf d8 05 00 00 00 74
0x000002a842331000:   03 ff 63 38 ff 63 50 e9 f4 15 00 00 66 66 66 0f
0x000002a842331010:   1f 84 00 00 00 00 00 66 66 66 90 0f 1f 44 00 00
0x000002a842331020:   48 8b 53 08 0f b7 52 2e 48 8b 0c d4 58 5b 50 48
0x000002a842331030:   3b 01 8b 5b 24 48 c1 e3 03 48 8b 5b 10 48 85 db
0x000002a842331040:   0f 84 10 00 00 00 41 80 bf d8 05 00 00 00 74 03
0x000002a842331050:   ff 63 38 ff 63 50 e9 a5 15 00 00 0f 1f 44 00 00
0x000002a842331060:   48 8b 53 08 0f b7 52 2e 48 8b 0c d4 58 5b 50 44
0x000002a842331070:   8b 51 08 49 bb 00 00 00 4d a8 02 00 00 4d 03 d3
0x000002a842331080:   8b 43 18 48 c1 e0 03 48 8b 40 10 48 8b 5b 10 45
0x000002a842331090:   8b 9a a0 00 00 00 4f 8d 9c da c0 01 00 00 4d 8d
0x000002a8423310a0:   14 da 49 8b 1b 48 3b c3 74 15 48 85 db 0f 84 32
0x000002a8423310b0:   00 00 00 49 83 c3 10 49 8b 1b 48 3b c3 75 eb 45
0x000002a8423310c0:   8b 5b 08 4b 8b 1c 1a 48 85 db 0f 84 10 00 00 00
0x000002a8423310d0:   41 80 bf d8 05 00 00 00 74 03 ff 63 38 ff 63 50
0x000002a8423310e0:   e9 1b 15 00 00 e9 16 12 00 00 f4 00 00 00 00 00
0x000002a8423310f0:   00 00 00 00 00 00 00 00 00 00 00 00 00 00 00 00
0x000002a842331100:   00 00 00 00 00 00 00 00 00 00 00 00 00 00 00 00
0x000002a842331110:   00 00 00 00 00 00 00 00 00 00 00 00 00 00 00 00
0x000002a842331120:   00 00 00 00 00 00 00 00 00 00 00 00 00 00 00 00
0x000002a842331130:   00 00 00 00 00 00 00 00 00 00 00 00 00 00 00 00
0x000002a842331140:   00 00 00 00 00 00 00 00 00 00 00 00 00 00 00 00 


Stack slot to memory mapping:

stack at sp + 0 slots: 0x000002a842309086 is at code_begin+3078 in an Interpreter codelet
return entry points  [0x000002a842308480, 0x000002a84230a298]  7704 bytes
stack at sp + 1 slots: 0x000000ecdf5fdb90 is pointing into the stack for thread: 0x000002a895ed2610
stack at sp + 2 slots: 0x000002a84d72b567 is pointing into metadata
stack at sp + 3 slots: 0x0000000000000004 is an unknown value
stack at sp + 4 slots: 0x000002a84d0b1088 is pointing into metadata
stack at sp + 5 slots: 0x0000000705ca7e70 is an oop: java.lang.Class 
{0x0000000705ca7e70} - klass: 'java/lang/Class'
 - ---- fields (total size 14 words):
 - private volatile transient 'classRedefinedCount' 'I' @12  1 (0x00000001)
 - injected 'klass' 'J' @16  2921891579904 (0x000002a84e4f4800)
 - injected 'array_klass' 'J' @24  0 (0x0000000000000000)
 - injected 'oop_size' 'I' @32  14 (0x0000000e)
 - injected 'static_oop_field_count' 'I' @36  0 (0x00000000)
 - private volatile transient 'cachedConstructor' 'Ljava/lang/reflect/Constructor;' @40  null (0x00000000)
 - private transient 'name' 'Ljava/lang/String;' @44  "com.meli.PackTracking.controller.PackageController"{0x0000000704104cd8} (0xe082099b)
 - private transient 'module' 'Ljava/lang/Module;' @48  a 'java/lang/Module'{0x0000000705c500b8} (0xe0b8a017)
 - private final 'classLoader' 'Ljava/lang/ClassLoader;' @52  a 'org/springframework/boot/devtools/restart/classloader/RestartClassLoader'{0x0000000705c34f20} (0xe0b869e4)
 - private transient 'classData' 'Ljava/lang/Object;' @56  null (0x00000000)
 - private transient 'packageName' 'Ljava/lang/String;' @60  "com.meli.PackTracking.controller"{0x0000000703f309d8} (0xe07e613b)
 - private final 'componentType' 'Ljava/lang/Class;' @64  null (0x00000000)
 - private volatile transient 'reflectionData' 'Ljava/lang/ref/SoftReference;' @68  a 'java/lang/ref/SoftReference'{0x0000000705ca8170} (0xe0b9502e)
 - private volatile transient 'genericInfo' 'Lsun/reflect/generics/repository/ClassRepository;' @72  null (0x00000000)
 - private volatile transient 'enumConstants' '[Ljava/lang/Object;' @76  null (0x00000000)
 - private volatile transient 'enumConstantDirectory' 'Ljava/util/Map;' @80  null (0x00000000)
 - private volatile transient 'annotationData' 'Ljava/lang/Class$AnnotationData;' @84  a 'java/lang/Class$AnnotationData'{0x0000000705ca81e8} (0xe0b9503d)
 - private volatile transient 'annotationType' 'Lsun/reflect/annotation/AnnotationType;' @88  null (0x00000000)
 - transient 'classValueMap' 'Ljava/lang/ClassValue$ClassValueMap;' @92  null (0x00000000)
 - injected 'protection_domain' 'Ljava/lang/Object;' @96  a 'java/security/ProtectionDomain'{0x0000000705c50450} (0xe0b8a08a)
 - injected 'signers_name' 'Ljava/lang/Object;' @100  null (0x00000000)
 - injected 'source_file' 'Ljava/lang/Object;' @104  null (0x00000000)
 - injected '<init_lock>' 'Ljava/lang/Object;' @108  null (0x00000000)
 - signature: Lcom/meli/PackTracking/controller/PackageController;
 - ---- static fields (0):
stack at sp + 6 slots: 0x0000000703137bf8 is an oop: java.lang.Class 
{0x0000000703137bf8} - klass: 'java/lang/Class'
 - ---- fields (total size 14 words):
 - private volatile transient 'classRedefinedCount' 'I' @12  0 (0x00000000)
 - injected 'klass' 'J' @16  2921870330976 (0x000002a84d0b0c60)
 - injected 'array_klass' 'J' @24  0 (0x0000000000000000)
 - injected 'oop_size' 'I' @32  14 (0x0000000e)
 - injected 'static_oop_field_count' 'I' @36  0 (0x00000000)
 - private volatile transient 'cachedConstructor' 'Ljava/lang/reflect/Constructor;' @40  null (0x00000000)
 - private transient 'name' 'Ljava/lang/String;' @44  null (0x00000000)
 - private transient 'module' 'Ljava/lang/Module;' @48  a 'java/lang/Module'{0x0000000703115880} (0xe0622b10)
 - private final 'classLoader' 'Ljava/lang/ClassLoader;' @52  null (0x00000000)
 - private transient 'classData' 'Ljava/lang/Object;' @56  null (0x00000000)
 - private transient 'packageName' 'Ljava/lang/String;' @60  null (0x00000000)
 - private final 'componentType' 'Ljava/lang/Class;' @64  null (0x00000000)
 - private volatile transient 'reflectionData' 'Ljava/lang/ref/SoftReference;' @68  null (0x00000000)
 - private volatile transient 'genericInfo' 'Lsun/reflect/generics/repository/ClassRepository;' @72  null (0x00000000)
 - private volatile transient 'enumConstants' '[Ljava/lang/Object;' @76  null (0x00000000)
 - private volatile transient 'enumConstantDirectory' 'Ljava/util/Map;' @80  null (0x00000000)
 - private volatile transient 'annotationData' 'Ljava/lang/Class$AnnotationData;' @84  null (0x00000000)
 - private volatile transient 'annotationType' 'Lsun/reflect/annotation/AnnotationType;' @88  null (0x00000000)
 - transient 'classValueMap' 'Ljava/lang/ClassValue$ClassValueMap;' @92  null (0x00000000)
 - injected 'protection_domain' 'Ljava/lang/Object;' @96  null (0x00000000)
 - injected 'signers_name' 'Ljava/lang/Object;' @100  null (0x00000000)
 - injected 'source_file' 'Ljava/lang/Object;' @104  null (0x00000000)
 - injected '<init_lock>' 'Ljava/lang/Object;' @108  null (0x00000000)
 - signature: Ljava/lang/invoke/DirectMethodHandle$Holder;
 - ---- static fields (0):
stack at sp + 7 slots: {method} {0x000002a84d0b5bd8} 'newInvokeSpecial' '(Ljava/lang/Object;)Ljava/lang/Object;' in 'java/lang/invoke/DirectMethodHandle$Holder'

MethodHandle::interpreter_entry::_linkToSpecial [0x000002a84233100c, 0x000002a84233105b] (79 bytes)
[MachCode]
  0x000002a84233100c: 6666 660f | 1f84 0000 | 0000 0066 | 6666 900f | 1f44 0000 | 488b 5308 | 0fb7 522e | 488b 0cd4 
  0x000002a84233102c: 585b 5048 | 3b01 8b5b | 2448 c1e3 | 0348 8b5b | 1048 85db | 0f84 1000 | 0000 4180 | bfd8 0500 
  0x000002a84233104c: 0000 7403 | ff63 38ff | 6350 e9a5 | 
[/MachCode]

---------------  P R O C E S S  ---------------

Threads class SMR info:
_java_thread_list=0x000002a896627b00, length=29, elements={
0x000002a84ce101e0, 0x000002a84ce10ff0, 0x000002a84ce12f10, 0x000002a84ce175a0,
0x000002a84ce21620, 0x000002a84ce25dd0, 0x000002a84ce29800, 0x000002a8920cc950,
0x000002a892137510, 0x000002a8921414f0, 0x000002a892143f90, 0x000002a8920ccfe0,
0x000002a8920cdd00, 0x000002a8920cd670, 0x000002a8920cf0b0, 0x000002a8920ce390,
0x000002a8920cc2c0, 0x000002a892fe25d0, 0x000002a892fe1f40, 0x000002a895ecd0c0,
0x000002a895ed46e0, 0x000002a895ecf190, 0x000002a892fddda0, 0x000002a8920cbc30,
0x000002a895ed2610, 0x000002a895ed3330, 0x000002a895ed1260, 0x000002a895ed4050,
0x000002a895ed18f0
}

Java Threads: ( => current thread )
  0x000002a84ce101e0 JavaThread "Reference Handler"          daemon [_thread_blocked, id=44388, stack(0x000000ecdfe00000,0x000000ecdff00000) (1024K)]
  0x000002a84ce10ff0 JavaThread "Finalizer"                  daemon [_thread_blocked, id=38920, stack(0x000000ecdff00000,0x000000ece0000000) (1024K)]
  0x000002a84ce12f10 JavaThread "Signal Dispatcher"          daemon [_thread_blocked, id=20996, stack(0x000000ece0000000,0x000000ece0100000) (1024K)]
  0x000002a84ce175a0 JavaThread "Attach Listener"            daemon [_thread_blocked, id=21956, stack(0x000000ece0100000,0x000000ece0200000) (1024K)]
  0x000002a84ce21620 JavaThread "Service Thread"             daemon [_thread_blocked, id=43452, stack(0x000000ece0200000,0x000000ece0300000) (1024K)]
  0x000002a84ce25dd0 JavaThread "Monitor Deflation Thread"   daemon [_thread_blocked, id=42036, stack(0x000000ece0300000,0x000000ece0400000) (1024K)]
  0x000002a84ce29800 JavaThread "C1 CompilerThread0"         daemon [_thread_blocked, id=43500, stack(0x000000ece0400000,0x000000ece0500000) (1024K)]
  0x000002a8920cc950 JavaThread "Common-Cleaner"             daemon [_thread_blocked, id=41612, stack(0x000000ece0500000,0x000000ece0600000) (1024K)]
  0x000002a892137510 JavaThread "JDWP Transport Listener: dt_socket" daemon [_thread_blocked, id=8504, stack(0x000000ece0700000,0x000000ece0800000) (1024K)]
  0x000002a8921414f0 JavaThread "JDWP Event Helper Thread"   daemon [_thread_blocked, id=22420, stack(0x000000ece0800000,0x000000ece0900000) (1024K)]
  0x000002a892143f90 JavaThread "JDWP Command Reader"        daemon [_thread_in_native, id=36936, stack(0x000000ece0900000,0x000000ece0a00000) (1024K)]
  0x000002a8920ccfe0 JavaThread "Notification Thread"        daemon [_thread_blocked, id=44160, stack(0x000000ece0a00000,0x000000ece0b00000) (1024K)]
  0x000002a8920cdd00 JavaThread "RMI TCP Accept-0"           daemon [_thread_in_native, id=912, stack(0x000000ece1300000,0x000000ece1400000) (1024K)]
  0x000002a8920cd670 JavaThread "RMI TCP Accept-61474"       daemon [_thread_in_native, id=43884, stack(0x000000ece1400000,0x000000ece1500000) (1024K)]
  0x000002a8920cf0b0 JavaThread "RMI TCP Accept-0"           daemon [_thread_in_native, id=44132, stack(0x000000ece1500000,0x000000ece1600000) (1024K)]
  0x000002a8920ce390 JavaThread "RMI Scheduler(0)"           daemon [_thread_blocked, id=9940, stack(0x000000ece1700000,0x000000ece1800000) (1024K)]
  0x000002a8920cc2c0 JavaThread "JMX server connection timeout 38" daemon [_thread_blocked, id=42388, stack(0x000000ece1900000,0x000000ece1a00000) (1024K)]
  0x000002a892fe25d0 JavaThread "mysql-cj-abandoned-connection-cleanup" daemon [_thread_blocked, id=21756, stack(0x000000ece2100000,0x000000ece2200000) (1024K)]
  0x000002a892fe1f40 JavaThread "Live Reload Server"         daemon [_thread_in_native, id=12664, stack(0x000000ece2700000,0x000000ece2800000) (1024K)]
  0x000002a895ecd0c0 JavaThread "DestroyJavaVM"                     [_thread_blocked, id=43748, stack(0x000000ecdf600000,0x000000ecdf700000) (1024K)]
  0x000002a895ed46e0 JavaThread "RMI TCP Connection(10)-127.0.0.1" daemon [_thread_in_native, id=24544, stack(0x000000ece3900000,0x000000ece3a00000) (1024K)]
  0x000002a895ecf190 JavaThread "JMX server connection timeout 80" daemon [_thread_blocked, id=21088, stack(0x000000ece1a00000,0x000000ece1b00000) (1024K)]
  0x000002a892fddda0 JavaThread "RMI TCP Connection(35)-127.0.0.1" daemon [_thread_in_native, id=19276, stack(0x000000ece3500000,0x000000ece3600000) (1024K)]
  0x000002a8920cbc30 JavaThread "Thread-23"                         [_thread_blocked, id=3784, stack(0x000000ecdf300000,0x000000ecdf400000) (1024K)]
=>0x000002a895ed2610 JavaThread "restartedMain"                     [_thread_in_Java, id=31900, stack(0x000000ecdf500000,0x000000ecdf600000) (1024K)]
  0x000002a895ed3330 JavaThread "Catalina-utility-1"                [_thread_blocked, id=20928, stack(0x000000ecdf400000,0x000000ecdf500000) (1024K)]
  0x000002a895ed1260 JavaThread "Catalina-utility-2"                [_thread_blocked, id=15140, stack(0x000000ece0600000,0x000000ece0700000) (1024K)]
  0x000002a895ed4050 JavaThread "container-0"                       [_thread_blocked, id=25024, stack(0x000000ece0b00000,0x000000ece0c00000) (1024K)]
  0x000002a895ed18f0 JavaThread "HikariPool housekeeper"     daemon [_thread_blocked, id=43576, stack(0x000000ece1600000,0x000000ece1700000) (1024K)]
Total: 29

Other Threads:
  0x000002a83c695d60 VMThread "VM Thread"                           [id=17296, stack(0x000000ecdfd00000,0x000000ecdfe00000) (1024K)]
  0x000002a84cde51a0 WatcherThread "VM Periodic Task Thread"        [id=21636, stack(0x000000ecdfc00000,0x000000ecdfd00000) (1024K)]
  0x000002a83c6947a0 WorkerThread "GC Thread#0"                     [id=40032, stack(0x000000ecdf700000,0x000000ecdf800000) (1024K)]
  0x000002a83c694ee0 WorkerThread "GC Thread#1"                     [id=19312, stack(0x000000ece0c00000,0x000000ece0d00000) (1024K)]
  0x000002a892a9fb40 WorkerThread "GC Thread#2"                     [id=7904, stack(0x000000ece0d00000,0x000000ece0e00000) (1024K)]
  0x000002a892aa1100 WorkerThread "GC Thread#3"                     [id=3892, stack(0x000000ece0e00000,0x000000ece0f00000) (1024K)]
  0x000002a892a9f060 WorkerThread "GC Thread#4"                     [id=28584, stack(0x000000ece0f00000,0x000000ece1000000) (1024K)]
  0x000002a892aa0620 WorkerThread "GC Thread#5"                     [id=35408, stack(0x000000ece1000000,0x000000ece1100000) (1024K)]
  0x000002a892aa26c0 WorkerThread "GC Thread#6"                     [id=19244, stack(0x000000ece1100000,0x000000ece1200000) (1024K)]
  0x000002a892a9f7a0 WorkerThread "GC Thread#7"                     [id=39116, stack(0x000000ece1200000,0x000000ece1300000) (1024K)]
  0x000002a83e9f8f90 ConcurrentGCThread "G1 Main Marker"            [id=22304, stack(0x000000ecdf800000,0x000000ecdf900000) (1024K)]
  0x000002a83c6959c0 WorkerThread "G1 Conc#0"                       [id=39448, stack(0x000000ecdf900000,0x000000ecdfa00000) (1024K)]
  0x000002a892aa14a0 WorkerThread "G1 Conc#1"                       [id=36980, stack(0x000000ece1f00000,0x000000ece2000000) (1024K)]
  0x000002a84ccbac70 ConcurrentGCThread "G1 Refine#0"               [id=37416, stack(0x000000ecdfa00000,0x000000ecdfb00000) (1024K)]
  0x000002a84ccbb490 ConcurrentGCThread "G1 Service"                [id=39064, stack(0x000000ecdfb00000,0x000000ecdfc00000) (1024K)]
Total: 15

Threads with active compile tasks:
Total: 0

VM state: not at safepoint (normal execution)

VM Mutex/Monitor currently owned by a thread: None

Heap address: 0x0000000702e00000, size: 4050 MB, Compressed Oops mode: Zero based, Oop shift amount: 3

CDS archive(s) mapped at: [0x000002a84d000000-0x000002a84dc80000-0x000002a84dc80000), size 13107200, SharedBaseAddress: 0x000002a84d000000, ArchiveRelocationMode: 1.
Compressed class space mapped at: 0x000002a84e000000-0x000002a88e000000, reserved size: 1073741824
Narrow klass base: 0x000002a84d000000, Narrow klass shift: 0, Narrow klass range: 0x100000000

GC Precious Log:
 CardTable entry size: 512
 Card Set container configuration: InlinePtr #cards 4 size 8 Array Of Cards #cards 16 size 48 Howl #buckets 8 coarsen threshold 3686 Howl Bitmap #cards 512 size 80 coarsen threshold 460 Card regions per heap region 1 cards per card region 4096
 CPUs: 8 total, 8 available
 Memory: 16197M
 Large Page Support: Disabled
 NUMA Support: Disabled
 Compressed Oops: Enabled (Zero based)
 Heap Region Size: 2M
 Heap Min Capacity: 8M
 Heap Initial Capacity: 254M
 Heap Max Capacity: 4050M
 Pre-touch: Disabled
 Parallel Workers: 8
 Concurrent Workers: 2
 Concurrent Refinement Workers: 8
 Periodic GC: Disabled

Heap:
 garbage-first heap   total 122880K, used 67103K [0x0000000702e00000, 0x0000000800000000)
  region size 2048K, 18 young (36864K), 4 survivors (8192K)
 Metaspace       used 91600K, committed 92416K, reserved 1179648K
  class space    used 12876K, committed 13248K, reserved 1048576K

Heap Regions: E=young(eden), S=young(survivor), O=old, HS=humongous(starts), HC=humongous(continues), CS=collection set, F=free, TAMS=top-at-mark-start, PB=parsable bottom
|   0|0x0000000702e00000, 0x0000000703000000, 0x0000000703000000|100%| O|  |TAMS 0x0000000702e00000| PB 0x0000000702e00000| Untracked 
|   1|0x0000000703000000, 0x00000007031ffff8, 0x0000000703200000| 99%| O|  |TAMS 0x0000000703000000| PB 0x0000000703000000| Untracked 
|   2|0x0000000703200000, 0x0000000703400000, 0x0000000703400000|100%| O|  |TAMS 0x0000000703200000| PB 0x0000000703200000| Untracked 
|   3|0x0000000703400000, 0x0000000703600000, 0x0000000703600000|100%| O|  |TAMS 0x0000000703400000| PB 0x0000000703400000| Untracked 
|   4|0x0000000703600000, 0x00000007037ffff0, 0x0000000703800000| 99%| O|  |TAMS 0x0000000703600000| PB 0x0000000703600000| Untracked 
|   5|0x0000000703800000, 0x00000007039ffff8, 0x0000000703a00000| 99%| O|  |TAMS 0x0000000703800000| PB 0x0000000703800000| Untracked 
|   6|0x0000000703a00000, 0x0000000703c00000, 0x0000000703c00000|100%| O|  |TAMS 0x0000000703a00000| PB 0x0000000703a00000| Untracked 
|   7|0x0000000703c00000, 0x0000000703dffff8, 0x0000000703e00000| 99%| O|  |TAMS 0x0000000703c00000| PB 0x0000000703c00000| Untracked 
|   8|0x0000000703e00000, 0x0000000703ffffc8, 0x0000000704000000| 99%| O|  |TAMS 0x0000000703e00000| PB 0x0000000703e00000| Untracked 
|   9|0x0000000704000000, 0x00000007041ffff8, 0x0000000704200000| 99%| O|  |TAMS 0x0000000704000000| PB 0x0000000704000000| Untracked 
|  10|0x0000000704200000, 0x00000007043fffe8, 0x0000000704400000| 99%| O|  |TAMS 0x0000000704200000| PB 0x0000000704200000| Untracked 
|  11|0x0000000704400000, 0x00000007045ffff8, 0x0000000704600000| 99%| O|  |TAMS 0x0000000704400000| PB 0x0000000704400000| Untracked 
|  12|0x0000000704600000, 0x0000000704800000, 0x0000000704800000|100%| O|  |TAMS 0x0000000704600000| PB 0x0000000704600000| Untracked 
|  13|0x0000000704800000, 0x00000007049c63d0, 0x0000000704a00000| 88%| O|  |TAMS 0x0000000704800000| PB 0x0000000704800000| Untracked 
|  14|0x0000000704a00000, 0x0000000704afeb20, 0x0000000704c00000| 49%| O|  |TAMS 0x0000000704a00000| PB 0x0000000704a00000| Untracked 
|  15|0x0000000704c00000, 0x0000000704c67a78, 0x0000000704e00000| 20%| O|  |TAMS 0x0000000704c00000| PB 0x0000000704c00000| Untracked 
|  16|0x0000000704e00000, 0x0000000704fdcef8, 0x0000000705000000| 93%| O|  |TAMS 0x0000000704e00000| PB 0x0000000704e00000| Untracked 
|  17|0x0000000705000000, 0x00000007051df9c8, 0x0000000705200000| 93%| O|  |TAMS 0x0000000705000000| PB 0x0000000705000000| Untracked 
|  18|0x0000000705200000, 0x0000000705200000, 0x0000000705400000|  0%| F|  |TAMS 0x0000000705200000| PB 0x0000000705200000| Untracked 
|  19|0x0000000705400000, 0x0000000705400000, 0x0000000705600000|  0%| F|  |TAMS 0x0000000705400000| PB 0x0000000705400000| Untracked 
|  20|0x0000000705600000, 0x000000070569ebe0, 0x0000000705800000| 31%| S|CS|TAMS 0x0000000705600000| PB 0x0000000705600000| Complete 
|  21|0x0000000705800000, 0x0000000705a00000, 0x0000000705a00000|100%| S|CS|TAMS 0x0000000705800000| PB 0x0000000705800000| Complete 
|  22|0x0000000705a00000, 0x0000000705c00000, 0x0000000705c00000|100%| S|CS|TAMS 0x0000000705a00000| PB 0x0000000705a00000| Complete 
|  23|0x0000000705c00000, 0x0000000705e00000, 0x0000000705e00000|100%| S|CS|TAMS 0x0000000705c00000| PB 0x0000000705c00000| Complete 
|  24|0x0000000705e00000, 0x0000000705e00000, 0x0000000706000000|  0%| F|  |TAMS 0x0000000705e00000| PB 0x0000000705e00000| Untracked 
|  25|0x0000000706000000, 0x0000000706000000, 0x0000000706200000|  0%| F|  |TAMS 0x0000000706000000| PB 0x0000000706000000| Untracked 
|  26|0x0000000706200000, 0x0000000706200000, 0x0000000706400000|  0%| F|  |TAMS 0x0000000706200000| PB 0x0000000706200000| Untracked 
|  27|0x0000000706400000, 0x0000000706400000, 0x0000000706600000|  0%| F|  |TAMS 0x0000000706400000| PB 0x0000000706400000| Untracked 
|  28|0x0000000706600000, 0x0000000706600000, 0x0000000706800000|  0%| F|  |TAMS 0x0000000706600000| PB 0x0000000706600000| Untracked 
|  29|0x0000000706800000, 0x0000000706800000, 0x0000000706a00000|  0%| F|  |TAMS 0x0000000706800000| PB 0x0000000706800000| Untracked 
|  30|0x0000000706a00000, 0x0000000706a00000, 0x0000000706c00000|  0%| F|  |TAMS 0x0000000706a00000| PB 0x0000000706a00000| Untracked 
|  31|0x0000000706c00000, 0x0000000706c00000, 0x0000000706e00000|  0%| F|  |TAMS 0x0000000706c00000| PB 0x0000000706c00000| Untracked 
|  32|0x0000000706e00000, 0x0000000706e00000, 0x0000000707000000|  0%| F|  |TAMS 0x0000000706e00000| PB 0x0000000706e00000| Untracked 
|  33|0x0000000707000000, 0x0000000707000000, 0x0000000707200000|  0%| F|  |TAMS 0x0000000707000000| PB 0x0000000707000000| Untracked 
|  34|0x0000000707200000, 0x0000000707200000, 0x0000000707400000|  0%| F|  |TAMS 0x0000000707200000| PB 0x0000000707200000| Untracked 
|  35|0x0000000707400000, 0x0000000707400000, 0x0000000707600000|  0%| F|  |TAMS 0x0000000707400000| PB 0x0000000707400000| Untracked 
|  36|0x0000000707600000, 0x0000000707600000, 0x0000000707800000|  0%| F|  |TAMS 0x0000000707600000| PB 0x0000000707600000| Untracked 
|  37|0x0000000707800000, 0x0000000707800000, 0x0000000707a00000|  0%| F|  |TAMS 0x0000000707800000| PB 0x0000000707800000| Untracked 
|  38|0x0000000707a00000, 0x0000000707a00000, 0x0000000707c00000|  0%| F|  |TAMS 0x0000000707a00000| PB 0x0000000707a00000| Untracked 
|  39|0x0000000707c00000, 0x0000000707c00000, 0x0000000707e00000|  0%| F|  |TAMS 0x0000000707c00000| PB 0x0000000707c00000| Untracked 
|  40|0x0000000707e00000, 0x0000000707e00000, 0x0000000708000000|  0%| F|  |TAMS 0x0000000707e00000| PB 0x0000000707e00000| Untracked 
|  41|0x0000000708000000, 0x0000000708000000, 0x0000000708200000|  0%| F|  |TAMS 0x0000000708000000| PB 0x0000000708000000| Untracked 
|  42|0x0000000708200000, 0x0000000708200000, 0x0000000708400000|  0%| F|  |TAMS 0x0000000708200000| PB 0x0000000708200000| Untracked 
|  43|0x0000000708400000, 0x0000000708400000, 0x0000000708600000|  0%| F|  |TAMS 0x0000000708400000| PB 0x0000000708400000| Untracked 
|  44|0x0000000708600000, 0x0000000708600000, 0x0000000708800000|  0%| F|  |TAMS 0x0000000708600000| PB 0x0000000708600000| Untracked 
|  45|0x0000000708800000, 0x0000000708800000, 0x0000000708a00000|  0%| F|  |TAMS 0x0000000708800000| PB 0x0000000708800000| Untracked 
|  46|0x0000000708a00000, 0x0000000708b0e3c8, 0x0000000708c00000| 52%| E|  |TAMS 0x0000000708a00000| PB 0x0000000708a00000| Complete 
|  47|0x0000000708c00000, 0x0000000708e00000, 0x0000000708e00000|100%| E|CS|TAMS 0x0000000708c00000| PB 0x0000000708c00000| Complete 
|  48|0x0000000708e00000, 0x0000000709000000, 0x0000000709000000|100%| E|CS|TAMS 0x0000000708e00000| PB 0x0000000708e00000| Complete 
|  49|0x0000000709000000, 0x0000000709200000, 0x0000000709200000|100%| E|CS|TAMS 0x0000000709000000| PB 0x0000000709000000| Complete 
|  50|0x0000000709200000, 0x0000000709400000, 0x0000000709400000|100%| E|CS|TAMS 0x0000000709200000| PB 0x0000000709200000| Complete 
|  51|0x0000000709400000, 0x0000000709600000, 0x0000000709600000|100%| E|CS|TAMS 0x0000000709400000| PB 0x0000000709400000| Complete 
|  52|0x0000000709600000, 0x0000000709800000, 0x0000000709800000|100%| E|CS|TAMS 0x0000000709600000| PB 0x0000000709600000| Complete 
|  53|0x0000000709800000, 0x0000000709a00000, 0x0000000709a00000|100%| E|CS|TAMS 0x0000000709800000| PB 0x0000000709800000| Complete 
|  54|0x0000000709a00000, 0x0000000709c00000, 0x0000000709c00000|100%| E|CS|TAMS 0x0000000709a00000| PB 0x0000000709a00000| Complete 
|  55|0x0000000709c00000, 0x0000000709e00000, 0x0000000709e00000|100%| E|CS|TAMS 0x0000000709c00000| PB 0x0000000709c00000| Complete 
|  56|0x0000000709e00000, 0x000000070a000000, 0x000000070a000000|100%| E|CS|TAMS 0x0000000709e00000| PB 0x0000000709e00000| Complete 
|  57|0x000000070a000000, 0x000000070a200000, 0x000000070a200000|100%| E|CS|TAMS 0x000000070a000000| PB 0x000000070a000000| Complete 
|  58|0x000000070a200000, 0x000000070a400000, 0x000000070a400000|100%| E|CS|TAMS 0x000000070a200000| PB 0x000000070a200000| Complete 
|  59|0x000000070a400000, 0x000000070a600000, 0x000000070a600000|100%| E|CS|TAMS 0x000000070a400000| PB 0x000000070a400000| Complete 

Card table byte_map: [0x000002a845c00000,0x000002a8463f0000] _byte_map_base: 0x000002a8423e9000

Marking Bits: (CMBitMap*) 0x000002a83e9e7fe0
 Bits: [0x000002a8463f0000, 0x000002a84a338000)

Polling page: 0x000002a83e130000

Metaspace:

Usage:
  Non-class:     76.88 MB used.
      Class:     12.57 MB used.
       Both:     89.45 MB used.

Virtual space:
  Non-class space:      128.00 MB reserved,      77.31 MB ( 60%) committed,  2 nodes.
      Class space:        1.00 GB reserved,      12.94 MB (  1%) committed,  1 nodes.
             Both:        1.12 GB reserved,      90.25 MB (  8%) committed. 

Chunk freelists:
   Non-Class:  1.88 MB
       Class:  2.91 MB
        Both:  4.79 MB

MaxMetaspaceSize: unlimited
CompressedClassSpaceSize: 1.00 GB
Initial GC threshold: 21.00 MB
Current GC threshold: 149.81 MB
CDS: on
 - commit_granule_bytes: 65536.
 - commit_granule_words: 8192.
 - virtual_space_node_default_size: 8388608.
 - enlarge_chunks_in_place: 1.
 - use_allocation_guard: 0.


Internal statistics:

num_allocs_failed_limit: 9.
num_arena_births: 1818.
num_arena_deaths: 702.
num_vsnodes_births: 3.
num_vsnodes_deaths: 0.
num_space_committed: 1444.
num_space_uncommitted: 0.
num_chunks_returned_to_freelist: 819.
num_chunks_taken_from_freelist: 5460.
num_chunk_merges: 198.
num_chunk_splits: 3537.
num_chunks_enlarged: 2707.
num_inconsistent_stats: 0.

CodeCache: size=49152Kb used=20607Kb max_used=21723Kb free=28544Kb
 bounds [0x000002a842300000, 0x000002a843870000, 0x000002a845300000]
 total_blobs=11083 nmethods=10295 adapters=711
 compilation: enabled
              stopped_count=0, restarted_count=0
 full_count=0

Compilation events (20 events):
Event: 706.237 Thread 0x000002a8961176e0 13719       1       com.mysql.cj.protocol.a.NativeProtocol::checkForOutstandingStreamingData (79 bytes)
Event: 706.237 Thread 0x000002a84ce29800 nmethod 13718 0x000002a843702e10 code [0x000002a843702fc0, 0x000002a8437030c0]
Event: 706.237 Thread 0x000002a894dee670 nmethod 13717 0x000002a843702a90 code [0x000002a843702c40, 0x000002a843702d40]
Event: 706.237 Thread 0x000002a84ce29800 13720   !   1       com.mysql.cj.protocol.a.NativeProtocol::clearInputStream (69 bytes)
Event: 706.238 Thread 0x000002a8961176e0 nmethod 13719 0x000002a843701d10 code [0x000002a843701f60, 0x000002a843702640]
Event: 706.238 Thread 0x000002a84ce29800 nmethod 13720 0x000002a843701190 code [0x000002a8437013c0, 0x000002a843701860]
Event: 706.285 Thread 0x000002a84ce29800 13721       1       com.mysql.cj.NativeQueryAttributesBindings::getCount (10 bytes)
Event: 706.285 Thread 0x000002a84ce29800 nmethod 13721 0x000002a843700e10 code [0x000002a843700fc0, 0x000002a8437010c0]
Event: 717.262 Thread 0x000002a84ce29800 13722       1       java.security.ProtectionDomain::<init> (82 bytes)
Event: 717.262 Thread 0x000002a84ce29800 nmethod 13722 0x000002a843700710 code [0x000002a8437008c0, 0x000002a843700d08]
Event: 717.262 Thread 0x000002a84ce29800 13723       1       java.lang.ClassValue$Version::promise (5 bytes)
Event: 717.262 Thread 0x000002a84ce29800 nmethod 13723 0x000002a843700410 code [0x000002a8437005a0, 0x000002a843700670]
Event: 717.263 Thread 0x000002a84ce29800 13724       1       java.io.ObjectStreamField::getOffset (5 bytes)
Event: 717.263 Thread 0x000002a84ce29800 nmethod 13724 0x000002a843700110 code [0x000002a8437002a0, 0x000002a843700368]
Event: 717.270 Thread 0x000002a84ce29800 13725       1       java.security.AccessControlContext::<init> (153 bytes)
Event: 717.270 Thread 0x000002a84ce29800 nmethod 13725 0x000002a8436ff390 code [0x000002a8436ff5c0, 0x000002a8436ffde8]
Event: 717.664 Thread 0x000002a84ce29800 13726       1       java.io.ObjectOutputStream$HandleTable::growSpine (67 bytes)
Event: 717.664 Thread 0x000002a84ce29800 nmethod 13726 0x000002a8436fed90 code [0x000002a8436fef40, 0x000002a8436ff200]
Event: 720.902 Thread 0x000002a84ce29800 13727       1       javax.management.remote.rmi.RMIConnectionImpl::withPermissions (66 bytes)
Event: 720.902 Thread 0x000002a84ce29800 nmethod 13727 0x000002a8436fe310 code [0x000002a8436fe520, 0x000002a8436feae0]

GC Heap History (20 events):
Event: 114.294 GC heap before
{Heap before GC invocations=31 (full 3):
 garbage-first heap   total 145408K, used 121898K [0x0000000702e00000, 0x0000000800000000)
  region size 2048K, 42 young (86016K), 3 survivors (6144K)
 Metaspace       used 84293K, committed 85184K, reserved 1179648K
  class space    used 11878K, committed 12352K, reserved 1048576K
}
Event: 114.300 GC heap after
{Heap after GC invocations=32 (full 3):
 garbage-first heap   total 145408K, used 45679K [0x0000000702e00000, 0x0000000800000000)
  region size 2048K, 5 young (10240K), 5 survivors (10240K)
 Metaspace       used 84293K, committed 85184K, reserved 1179648K
  class space    used 11878K, committed 12352K, reserved 1048576K
}
Event: 174.655 GC heap before
{Heap before GC invocations=32 (full 3):
 garbage-first heap   total 145408K, used 86639K [0x0000000702e00000, 0x0000000800000000)
  region size 2048K, 26 young (53248K), 5 survivors (10240K)
 Metaspace       used 84346K, committed 85248K, reserved 1179648K
  class space    used 11881K, committed 12352K, reserved 1048576K
}
Event: 174.690 GC heap after
{Heap after GC invocations=33 (full 4):
 garbage-first heap   total 145408K, used 40528K [0x0000000702e00000, 0x0000000800000000)
  region size 2048K, 0 young (0K), 0 survivors (0K)
 Metaspace       used 84339K, committed 85248K, reserved 1179648K
  class space    used 11880K, committed 12352K, reserved 1048576K
}
Event: 175.282 GC heap before
{Heap before GC invocations=33 (full 4):
 garbage-first heap   total 145408K, used 124496K [0x0000000702e00000, 0x0000000800000000)
  region size 2048K, 41 young (83968K), 0 survivors (0K)
 Metaspace       used 84449K, committed 85312K, reserved 1179648K
  class space    used 11894K, committed 12352K, reserved 1048576K
}
Event: 175.285 GC heap after
{Heap after GC invocations=34 (full 4):
 garbage-first heap   total 145408K, used 46672K [0x0000000702e00000, 0x0000000800000000)
  region size 2048K, 3 young (6144K), 3 survivors (6144K)
 Metaspace       used 84449K, committed 85312K, reserved 1179648K
  class space    used 11894K, committed 12352K, reserved 1048576K
}
Event: 175.759 GC heap before
{Heap before GC invocations=34 (full 4):
 garbage-first heap   total 145408K, used 124496K [0x0000000702e00000, 0x0000000800000000)
  region size 2048K, 41 young (83968K), 3 survivors (6144K)
 Metaspace       used 84776K, committed 85696K, reserved 1179648K
  class space    used 11917K, committed 12416K, reserved 1048576K
}
Event: 175.765 GC heap after
{Heap after GC invocations=35 (full 4):
 garbage-first heap   total 145408K, used 50045K [0x0000000702e00000, 0x0000000800000000)
  region size 2048K, 5 young (10240K), 5 survivors (10240K)
 Metaspace       used 84776K, committed 85696K, reserved 1179648K
  class space    used 11917K, committed 12416K, reserved 1048576K
}
Event: 209.260 GC heap before
{Heap before GC invocations=35 (full 4):
 garbage-first heap   total 145408K, used 72573K [0x0000000702e00000, 0x0000000800000000)
  region size 2048K, 17 young (34816K), 5 survivors (10240K)
 Metaspace       used 84785K, committed 85696K, reserved 1179648K
  class space    used 11918K, committed 12416K, reserved 1048576K
}
Event: 209.299 GC heap after
{Heap after GC invocations=36 (full 5):
 garbage-first heap   total 145408K, used 43878K [0x0000000702e00000, 0x0000000800000000)
  region size 2048K, 0 young (0K), 0 survivors (0K)
 Metaspace       used 84778K, committed 85696K, reserved 1179648K
  class space    used 11917K, committed 12416K, reserved 1048576K
}
Event: 209.846 GC heap before
{Heap before GC invocations=36 (full 5):
 garbage-first heap   total 145408K, used 125798K [0x0000000702e00000, 0x0000000800000000)
  region size 2048K, 40 young (81920K), 0 survivors (0K)
 Metaspace       used 84888K, committed 85824K, reserved 1179648K
  class space    used 11932K, committed 12416K, reserved 1048576K
}
Event: 209.849 GC heap after
{Heap after GC invocations=37 (full 5):
 garbage-first heap   total 145408K, used 49776K [0x0000000702e00000, 0x0000000800000000)
  region size 2048K, 3 young (6144K), 3 survivors (6144K)
 Metaspace       used 84888K, committed 85824K, reserved 1179648K
  class space    used 11932K, committed 12416K, reserved 1048576K
}
Event: 210.265 GC heap before
{Heap before GC invocations=37 (full 5):
 garbage-first heap   total 145408K, used 123504K [0x0000000702e00000, 0x0000000800000000)
  region size 2048K, 39 young (79872K), 3 survivors (6144K)
 Metaspace       used 85199K, committed 86080K, reserved 1179648K
  class space    used 11955K, committed 12416K, reserved 1048576K
}
Event: 210.271 GC heap after
{Heap after GC invocations=38 (full 5):
 garbage-first heap   total 145408K, used 53121K [0x0000000702e00000, 0x0000000800000000)
  region size 2048K, 3 young (6144K), 3 survivors (6144K)
 Metaspace       used 85199K, committed 86080K, reserved 1179648K
  class space    used 11955K, committed 12416K, reserved 1048576K
}
Event: 514.267 GC heap before
{Heap before GC invocations=38 (full 5):
 garbage-first heap   total 145408K, used 118657K [0x0000000702e00000, 0x0000000800000000)
  region size 2048K, 36 young (73728K), 3 survivors (6144K)
 Metaspace       used 87785K, committed 88576K, reserved 1179648K
  class space    used 12367K, committed 12736K, reserved 1048576K
}
Event: 514.270 GC heap after
{Heap after GC invocations=39 (full 5):
 garbage-first heap   total 145408K, used 53830K [0x0000000702e00000, 0x0000000800000000)
  region size 2048K, 3 young (6144K), 3 survivors (6144K)
 Metaspace       used 87785K, committed 88576K, reserved 1179648K
  class space    used 12367K, committed 12736K, reserved 1048576K
}
Event: 705.062 GC heap before
{Heap before GC invocations=40 (full 5):
 garbage-first heap   total 145408K, used 105030K [0x0000000702e00000, 0x0000000800000000)
  region size 2048K, 30 young (61440K), 3 survivors (6144K)
 Metaspace       used 91286K, committed 92032K, reserved 1179648K
  class space    used 12820K, committed 13120K, reserved 1048576K
}
Event: 705.102 GC heap after
{Heap after GC invocations=41 (full 6):
 garbage-first heap   total 122880K, used 33700K [0x0000000702e00000, 0x0000000800000000)
  region size 2048K, 0 young (0K), 0 survivors (0K)
 Metaspace       used 91231K, committed 92032K, reserved 1179648K
  class space    used 12806K, committed 13120K, reserved 1048576K
}
Event: 705.727 GC heap before
{Heap before GC invocations=41 (full 6):
 garbage-first heap   total 122880K, used 107428K [0x0000000702e00000, 0x0000000800000000)
  region size 2048K, 36 young (73728K), 0 survivors (0K)
 Metaspace       used 91456K, committed 92288K, reserved 1179648K
  class space    used 12853K, committed 13184K, reserved 1048576K
}
Event: 705.730 GC heap after
{Heap after GC invocations=42 (full 6):
 garbage-first heap   total 122880K, used 40479K [0x0000000702e00000, 0x0000000800000000)
  region size 2048K, 4 young (8192K), 4 survivors (8192K)
 Metaspace       used 91456K, committed 92288K, reserved 1179648K
  class space    used 12853K, committed 13184K, reserved 1048576K
}

Dll operation events (12 events):
Event: 0.019 Loaded shared library C:\Users\carol\.p2\pool\plugins\org.eclipse.justj.openjdk.hotspot.jre.full.win32.x86_64_21.0.6.v20250130-0529\jre\bin\java.dll
Event: 0.080 Loaded shared library C:\Users\carol\.p2\pool\plugins\org.eclipse.justj.openjdk.hotspot.jre.full.win32.x86_64_21.0.6.v20250130-0529\jre\bin\zip.dll
Event: 0.191 Loaded shared library C:\Users\carol\.p2\pool\plugins\org.eclipse.justj.openjdk.hotspot.jre.full.win32.x86_64_21.0.6.v20250130-0529\jre\bin\instrument.dll
Event: 0.194 Loaded shared library C:\Users\carol\.p2\pool\plugins\org.eclipse.justj.openjdk.hotspot.jre.full.win32.x86_64_21.0.6.v20250130-0529\jre\bin\net.dll
Event: 0.195 Loaded shared library C:\Users\carol\.p2\pool\plugins\org.eclipse.justj.openjdk.hotspot.jre.full.win32.x86_64_21.0.6.v20250130-0529\jre\bin\nio.dll
Event: 0.197 Loaded shared library C:\Users\carol\.p2\pool\plugins\org.eclipse.justj.openjdk.hotspot.jre.full.win32.x86_64_21.0.6.v20250130-0529\jre\bin\zip.dll
Event: 0.291 Loaded shared library C:\Users\carol\.p2\pool\plugins\org.eclipse.justj.openjdk.hotspot.jre.full.win32.x86_64_21.0.6.v20250130-0529\jre\bin\jimage.dll
Event: 0.323 Loaded shared library C:\Users\carol\.p2\pool\plugins\org.eclipse.justj.openjdk.hotspot.jre.full.win32.x86_64_21.0.6.v20250130-0529\jre\bin\management.dll
Event: 0.331 Loaded shared library C:\Users\carol\.p2\pool\plugins\org.eclipse.justj.openjdk.hotspot.jre.full.win32.x86_64_21.0.6.v20250130-0529\jre\bin\management_ext.dll
Event: 0.474 Loaded shared library C:\Users\carol\.p2\pool\plugins\org.eclipse.justj.openjdk.hotspot.jre.full.win32.x86_64_21.0.6.v20250130-0529\jre\bin\extnet.dll
Event: 0.490 Loaded shared library C:\Users\carol\.p2\pool\plugins\org.eclipse.justj.openjdk.hotspot.jre.full.win32.x86_64_21.0.6.v20250130-0529\jre\bin\verify.dll
Event: 1.366 Loaded shared library C:\Users\carol\.p2\pool\plugins\org.eclipse.justj.openjdk.hotspot.jre.full.win32.x86_64_21.0.6.v20250130-0529\jre\bin\sunmscapi.dll

Deoptimization events (20 events):
Event: 724.811 Thread 0x000002a895ed46e0 DEOPT PACKING pc=0x000002a8435b0284 sp=0x000000ece39feaa0
Event: 724.811 Thread 0x000002a895ed46e0 DEOPT UNPACKING pc=0x000002a842354e42 sp=0x000000ece39fe028 mode 1
Event: 724.812 Thread 0x000002a895ed46e0 DEOPT PACKING pc=0x000002a84336712c sp=0x000000ece39fe380
Event: 724.812 Thread 0x000002a895ed46e0 DEOPT UNPACKING pc=0x000002a842354e42 sp=0x000000ece39fd890 mode 1
Event: 724.812 Thread 0x000002a895ed46e0 DEOPT PACKING pc=0x000002a842a00e9c sp=0x000000ece39fe580
Event: 724.812 Thread 0x000002a895ed46e0 DEOPT UNPACKING pc=0x000002a842354e42 sp=0x000000ece39fd9f0 mode 1
Event: 724.812 Thread 0x000002a895ed46e0 DEOPT PACKING pc=0x000002a842e279d4 sp=0x000000ece39fe8f0
Event: 724.812 Thread 0x000002a895ed46e0 DEOPT UNPACKING pc=0x000002a842354e42 sp=0x000000ece39fde00 mode 1
Event: 724.812 Thread 0x000002a895ed46e0 DEOPT PACKING pc=0x000002a8435b0284 sp=0x000000ece39feaa0
Event: 724.812 Thread 0x000002a895ed46e0 DEOPT UNPACKING pc=0x000002a842354e42 sp=0x000000ece39fe028 mode 1
Event: 724.814 Thread 0x000002a895ed46e0 DEOPT PACKING pc=0x000002a84336712c sp=0x000000ece39fe380
Event: 724.814 Thread 0x000002a895ed46e0 DEOPT UNPACKING pc=0x000002a842354e42 sp=0x000000ece39fd890 mode 1
Event: 724.814 Thread 0x000002a895ed46e0 DEOPT PACKING pc=0x000002a842a00e9c sp=0x000000ece39fe580
Event: 724.814 Thread 0x000002a895ed46e0 DEOPT UNPACKING pc=0x000002a842354e42 sp=0x000000ece39fd9f0 mode 1
Event: 724.814 Thread 0x000002a895ed46e0 DEOPT PACKING pc=0x000002a842e279d4 sp=0x000000ece39fe8f0
Event: 724.814 Thread 0x000002a895ed46e0 DEOPT UNPACKING pc=0x000002a842354e42 sp=0x000000ece39fde00 mode 1
Event: 724.814 Thread 0x000002a895ed46e0 DEOPT PACKING pc=0x000002a8435b0284 sp=0x000000ece39feaa0
Event: 724.814 Thread 0x000002a895ed46e0 DEOPT UNPACKING pc=0x000002a842354e42 sp=0x000000ece39fe028 mode 1
Event: 726.503 Thread 0x000002a895ed2610 DEOPT PACKING pc=0x000002a8426b6334 sp=0x000000ecdf5fdb90
Event: 726.503 Thread 0x000002a895ed2610 DEOPT UNPACKING pc=0x000002a842354e42 sp=0x000000ecdf5fd048 mode 0

Classes loaded (20 events):
Event: 573.810 Loading class sun/security/util/RegisteredDomain$Type
Event: 573.810 Loading class sun/security/util/RegisteredDomain$Type done
Event: 573.810 Loading class sun/security/util/DomainName$Rule
Event: 573.810 Loading class sun/security/util/DomainName$Rule done
Event: 573.810 Loading class sun/security/util/DomainName$Rule$Type
Event: 573.810 Loading class sun/security/util/DomainName$Rule$Type done
Event: 573.810 Loading class java/util/LinkedList$DescendingIterator
Event: 573.810 Loading class java/util/LinkedList$DescendingIterator done
Event: 573.810 Loading class sun/security/util/DomainName$CommonMatch
Event: 573.810 Loading class sun/security/util/DomainName$Match
Event: 573.810 Loading class sun/security/util/DomainName$Match done
Event: 573.810 Loading class sun/security/util/DomainName$CommonMatch done
Event: 573.810 Loading class sun/security/util/DomainName$RegisteredDomainImpl
Event: 573.810 Loading class sun/security/util/DomainName$RegisteredDomainImpl done
Event: 573.850 Loading class sun/net/www/HeaderParser
Event: 573.850 Loading class sun/net/www/HeaderParser done
Event: 573.852 Loading class java/time/format/DateTimeParseContext
Event: 573.852 Loading class java/time/format/DateTimeParseContext done
Event: 573.852 Loading class java/time/format/Parsed
Event: 573.852 Loading class java/time/format/Parsed done

Classes unloaded (20 events):
Event: 705.073 Thread 0x000002a83c695d60 Unloading class 0x000002a84e112400 'java/lang/invoke/LambdaForm$MH+0x000002a84e112400'
Event: 705.073 Thread 0x000002a83c695d60 Unloading class 0x000002a84e384000 'java/lang/invoke/LambdaForm$MH+0x000002a84e384000'
Event: 705.073 Thread 0x000002a83c695d60 Unloading class 0x000002a84e384800 'java/lang/invoke/LambdaForm$MH+0x000002a84e384800'
Event: 705.073 Thread 0x000002a83c695d60 Unloading class 0x000002a84e385800 'java/lang/invoke/LambdaForm$MH+0x000002a84e385800'
Event: 705.073 Thread 0x000002a83c695d60 Unloading class 0x000002a84e4f4800 'java/lang/invoke/LambdaForm$MH+0x000002a84e4f4800'
Event: 705.073 Thread 0x000002a83c695d60 Unloading class 0x000002a84e51cc00 'java/lang/invoke/LambdaForm$MH+0x000002a84e51cc00'
Event: 705.073 Thread 0x000002a83c695d60 Unloading class 0x000002a84e534000 'java/lang/invoke/LambdaForm$MH+0x000002a84e534000'
Event: 705.073 Thread 0x000002a83c695d60 Unloading class 0x000002a84e53c000 'java/lang/invoke/LambdaForm$MH+0x000002a84e53c000'
Event: 705.073 Thread 0x000002a83c695d60 Unloading class 0x000002a84e53d000 'java/lang/invoke/LambdaForm$MH+0x000002a84e53d000'
Event: 705.073 Thread 0x000002a83c695d60 Unloading class 0x000002a84e559800 'java/lang/invoke/LambdaForm$MH+0x000002a84e559800'
Event: 705.073 Thread 0x000002a83c695d60 Unloading class 0x000002a84e55a400 'java/lang/invoke/LambdaForm$MH+0x000002a84e55a400'
Event: 705.073 Thread 0x000002a83c695d60 Unloading class 0x000002a84e575800 'java/lang/invoke/LambdaForm$MH+0x000002a84e575800'
Event: 705.073 Thread 0x000002a83c695d60 Unloading class 0x000002a84e760400 'java/lang/invoke/LambdaForm$MH+0x000002a84e760400'
Event: 705.073 Thread 0x000002a83c695d60 Unloading class 0x000002a84eb28000 'jdk/internal/reflect/GeneratedSerializationConstructorAccessor44'
Event: 705.073 Thread 0x000002a83c695d60 Unloading class 0x000002a84e515000 'java/lang/invoke/LambdaForm$MH+0x000002a84e515000'
Event: 705.073 Thread 0x000002a83c695d60 Unloading class 0x000002a84e514000 'java/lang/invoke/LambdaForm$DMH+0x000002a84e514000'
Event: 705.073 Thread 0x000002a83c695d60 Unloading class 0x000002a84e466800 'java/lang/invoke/LambdaForm$MH+0x000002a84e466800'
Event: 705.073 Thread 0x000002a83c695d60 Unloading class 0x000002a84e465c00 'java/lang/invoke/LambdaForm$MH+0x000002a84e465c00'
Event: 705.073 Thread 0x000002a83c695d60 Unloading class 0x000002a84e131000 'java/lang/invoke/LambdaForm$MH+0x000002a84e131000'
Event: 705.073 Thread 0x000002a83c695d60 Unloading class 0x000002a84e119c00 'java/lang/invoke/LambdaForm$MH+0x000002a84e119c00'

Classes redefined (20 events):
Event: 173.750 Thread 0x000002a83c695d60 redefined class name=com.meli.PackTracking.service.PackageService, count=1
Event: 173.750 Thread 0x000002a83c695d60 redefined class name=com.meli.PackTracking.service.PackageService, count=3
Event: 207.575 Thread 0x000002a83c695d60 redefined class name=com.meli.PackTracking.controller.PackageController, count=2
Event: 207.575 Thread 0x000002a83c695d60 redefined class name=com.meli.PackTracking.controller.PackageController, count=1
Event: 207.575 Thread 0x000002a83c695d60 redefined class name=com.meli.PackTracking.controller.PackageController, count=2
Event: 207.575 Thread 0x000002a83c695d60 redefined class name=com.meli.PackTracking.controller.PackageController, count=1
Event: 207.575 Thread 0x000002a83c695d60 redefined class name=com.meli.PackTracking.controller.PackageController, count=2
Event: 703.816 Thread 0x000002a83c695d60 redefined class name=com.meli.PackTracking.controller.PackageController, count=1
Event: 703.816 Thread 0x000002a83c695d60 redefined class name=com.meli.PackTracking.controller.PackageController, count=3
Event: 703.816 Thread 0x000002a83c695d60 redefined class name=com.meli.PackTracking.controller.PackageController, count=2
Event: 703.816 Thread 0x000002a83c695d60 redefined class name=com.meli.PackTracking.controller.PackageController, count=3
Event: 703.816 Thread 0x000002a83c695d60 redefined class name=com.meli.PackTracking.controller.PackageController, count=2
Event: 703.816 Thread 0x000002a83c695d60 redefined class name=com.meli.PackTracking.controller.PackageController, count=3
Event: 726.524 Thread 0x000002a83c695d60 redefined class name=com.meli.PackTracking.controller.PackageController, count=1
Event: 726.524 Thread 0x000002a83c695d60 redefined class name=com.meli.PackTracking.controller.PackageController, count=3
Event: 726.524 Thread 0x000002a83c695d60 redefined class name=com.meli.PackTracking.controller.PackageController, count=3
Event: 726.524 Thread 0x000002a83c695d60 redefined class name=com.meli.PackTracking.controller.PackageController, count=2
Event: 726.524 Thread 0x000002a83c695d60 redefined class name=com.meli.PackTracking.controller.PackageController, count=4
Event: 726.524 Thread 0x000002a83c695d60 redefined class name=com.meli.PackTracking.controller.PackageController, count=4
Event: 726.524 Thread 0x000002a83c695d60 redefined class name=com.meli.PackTracking.controller.PackageController, count=4

Internal exceptions (20 events):
Event: 705.059 Thread 0x000002a895ed2610 Exception <a 'java/io/IOException'{0x00000007086a95f8}> (0x00000007086a95f8) 
thrown [s\src\hotspot\share\prims\jni.cpp, line 520]
Event: 705.061 Thread 0x000002a895ed18f0 Exception <a 'java/lang/InterruptedException'{0x00000007086c0c90}: sleep interrupted> (0x00000007086c0c90) 
thrown [s\src\hotspot\share\prims\jvm.cpp, line 3074]
Event: 705.115 Thread 0x000002a895ed2610 Exception <a 'sun/nio/fs/WindowsException'{0x000000070a4f7640}> (0x000000070a4f7640) 
thrown [s\src\hotspot\share\prims\jni.cpp, line 520]
Event: 705.492 Thread 0x000002a895ed2610 Exception <a 'java/lang/NoClassDefFoundError'{0x0000000707b4b3c0}: org/flywaydb/core/Flyway> (0x0000000707b4b3c0) 
thrown [s\src\hotspot\share\oops\constantPool.cpp, line 873]
Event: 705.494 Thread 0x000002a895ed2610 Exception <a 'java/lang/NoClassDefFoundError'{0x0000000707b4ba20}: liquibase/integration/spring/SpringLiquibase> (0x0000000707b4ba20) 
thrown [s\src\hotspot\share\oops\constantPool.cpp, line 873]
Event: 705.497 Thread 0x000002a895ed2610 Exception <a 'java/lang/NoClassDefFoundError'{0x0000000707b87e48}: org/jooq/DSLContext> (0x0000000707b87e48) 
thrown [s\src\hotspot\share\oops\constantPool.cpp, line 873]
Event: 705.501 Thread 0x000002a895ed2610 Exception <a 'java/lang/NoClassDefFoundError'{0x0000000707814aa8}: org/springframework/batch/core/repository/JobRepository> (0x0000000707814aa8) 
thrown [s\src\hotspot\share\oops\constantPool.cpp, line 873]
Event: 705.502 Thread 0x000002a895ed2610 Exception <a 'java/lang/NoClassDefFoundError'{0x0000000707815100}: org/quartz/Scheduler> (0x0000000707815100) 
thrown [s\src\hotspot\share\oops\constantPool.cpp, line 873]
Event: 705.502 Thread 0x000002a895ed2610 Exception <a 'java/lang/NoClassDefFoundError'{0x0000000707815780}: org/springframework/session/jdbc/JdbcIndexedSessionRepository> (0x0000000707815780) 
thrown [s\src\hotspot\share\oops\constantPool.cpp, line 873]
Event: 705.509 Thread 0x000002a895ed2610 Exception <a 'java/lang/NoSuchMethodError'{0x000000070791e4f8}: 'void java.lang.invoke.DelegatingMethodHandle$Holder.reinvoke_L(java.lang.Object, java.lang.Object, int)'> (0x000000070791e4f8) 
thrown [s\src\hotspot\share\interpreter\linkResolver.cpp, line 773]
Event: 705.514 Thread 0x000002a895ed2610 Exception <a 'java/lang/ArrayIndexOutOfBoundsException'{0x00000007079d1db0}> (0x00000007079d1db0) 
thrown [s\src\hotspot\share\runtime\sharedRuntime.cpp, line 625]
Event: 705.514 Thread 0x000002a895ed2610 Exception <a 'java/lang/ArrayIndexOutOfBoundsException'{0x00000007079d2388}> (0x00000007079d2388) 
thrown [s\src\hotspot\share\runtime\sharedRuntime.cpp, line 625]
Event: 705.518 Thread 0x000002a895ed2610 Exception <a 'java/lang/ArrayIndexOutOfBoundsException'{0x0000000707660b70}> (0x0000000707660b70) 
thrown [s\src\hotspot\share\runtime\sharedRuntime.cpp, line 625]
Event: 705.518 Thread 0x000002a895ed2610 Exception <a 'java/lang/ArrayIndexOutOfBoundsException'{0x0000000707661148}> (0x0000000707661148) 
thrown [s\src\hotspot\share\runtime\sharedRuntime.cpp, line 625]
Event: 705.606 Thread 0x000002a895ed2610 Exception <a 'java/lang/NoSuchMethodError'{0x000000070681c810}: 'int java.lang.invoke.DirectMethodHandle$Holder.invokeVirtual(java.lang.Object, java.lang.Object, java.lang.Object, java.lang.Object)'> (0x000000070681c810) 
thrown [s\src\hotspot\share\interpreter\linkResolver.cpp, line 773]
Event: 705.606 Thread 0x000002a895ed2610 Exception <a 'java/lang/NoSuchMethodError'{0x000000070681fe08}: 'int java.lang.invoke.DelegatingMethodHandle$Holder.reinvoke_L(java.lang.Object, java.lang.Object, java.lang.Object, java.lang.Object)'> (0x000000070681fe08) 
thrown [s\src\hotspot\share\interpreter\linkResolver.cpp, line 773]
Event: 705.610 Thread 0x000002a895ed2610 Exception <a 'java/io/FileNotFoundException'{0x0000000706866220}> (0x0000000706866220) 
thrown [s\src\hotspot\share\prims\jni.cpp, line 520]
Event: 705.725 Thread 0x000002a895ed2610 Exception <a 'java/io/FileNotFoundException'{0x0000000705fc49d8}> (0x0000000705fc49d8) 
thrown [s\src\hotspot\share\prims\jni.cpp, line 520]
Event: 705.742 Thread 0x000002a895ed2610 Exception <a 'java/lang/NoSuchMethodError'{0x000000070a5eaaf8}: 'void java.lang.invoke.DelegatingMethodHandle$Holder.reinvoke_L(java.lang.Object, java.lang.Object, long)'> (0x000000070a5eaaf8) 
thrown [s\src\hotspot\share\interpreter\linkResolver.cpp, line 773]
Event: 717.264 Thread 0x000002a895ed46e0 Exception <a 'java/lang/NoSuchMethodError'{0x0000000708a65f98}: static [Ljava/lang/StackTraceElement;.<clinit>()V> (0x0000000708a65f98) 
thrown [s\src\hotspot\share\prims\jni.cpp, line 1111]

ZGC Phase Switch (0 events):
No events

VM Operations (20 events):
Event: 706.147 Executing VM operation: get/set locals
Event: 706.147 Executing VM operation: get/set locals done
Event: 706.147 Executing VM operation: get/set locals
Event: 706.147 Executing VM operation: get/set locals done
Event: 706.148 Executing VM operation: get/set locals
Event: 706.148 Executing VM operation: get/set locals done
Event: 707.162 Executing VM operation: Cleanup
Event: 707.162 Executing VM operation: Cleanup done
Event: 721.688 Executing VM operation: HandshakeAllThreads (HandshakeForDeflation)
Event: 721.688 Executing VM operation: HandshakeAllThreads (HandshakeForDeflation) done
Event: 721.689 Executing VM operation: RendezvousGCThreads
Event: 721.689 Executing VM operation: RendezvousGCThreads done
Event: 726.503 Executing VM operation: ChangeSingleStep
Event: 726.503 Executing VM operation: ChangeSingleStep done
Event: 726.503 Executing VM operation: ChangeSingleStep
Event: 726.503 Executing VM operation: ChangeSingleStep done
Event: 726.517 Executing VM operation: RedefineClasses
Event: 726.542 Executing VM operation: RedefineClasses done
Event: 726.543 Executing VM operation: ChangeSingleStep
Event: 726.543 Executing VM operation: ChangeSingleStep done

Memory protections (0 events):
No events

Nmethod flushes (20 events):
Event: 705.079 Thread 0x000002a83c695d60 flushing  nmethod 0x000002a8435adb10
Event: 705.079 Thread 0x000002a83c695d60 flushing  nmethod 0x000002a8435db510
Event: 705.079 Thread 0x000002a83c695d60 flushing  nmethod 0x000002a8435de110
Event: 705.079 Thread 0x000002a83c695d60 flushing  nmethod 0x000002a843624490
Event: 705.079 Thread 0x000002a83c695d60 flushing  nmethod 0x000002a843628910
Event: 705.079 Thread 0x000002a83c695d60 flushing  nmethod 0x000002a843629690
Event: 705.079 Thread 0x000002a83c695d60 flushing  nmethod 0x000002a84362ab10
Event: 705.079 Thread 0x000002a83c695d60 flushing  nmethod 0x000002a843653390
Event: 705.079 Thread 0x000002a83c695d60 flushing  nmethod 0x000002a843653890
Event: 705.079 Thread 0x000002a83c695d60 flushing  nmethod 0x000002a84367fa10
Event: 705.079 Thread 0x000002a83c695d60 flushing  nmethod 0x000002a843696690
Event: 705.079 Thread 0x000002a83c695d60 flushing  nmethod 0x000002a843699e10
Event: 705.079 Thread 0x000002a83c695d60 flushing  nmethod 0x000002a84369a510
Event: 705.079 Thread 0x000002a83c695d60 flushing  nmethod 0x000002a8436bc510
Event: 705.079 Thread 0x000002a83c695d60 flushing  nmethod 0x000002a8436bd010
Event: 705.079 Thread 0x000002a83c695d60 flushing  nmethod 0x000002a8436be710
Event: 705.079 Thread 0x000002a83c695d60 flushing  nmethod 0x000002a8436bea10
Event: 705.079 Thread 0x000002a83c695d60 flushing  nmethod 0x000002a8436c5e90
Event: 705.079 Thread 0x000002a83c695d60 flushing  nmethod 0x000002a8436c6b10
Event: 705.079 Thread 0x000002a83c695d60 flushing  nmethod 0x000002a8436c8910

Events (20 events):
Event: 705.054 Thread 0x000002a895ecd750 Thread exited: 0x000002a895ecd750
Event: 705.059 Thread 0x000002a895ed2610 Thread exited: 0x000002a895ed2610
Event: 705.061 Thread 0x000002a895ed18f0 Thread exited: 0x000002a895ed18f0
Event: 705.061 Thread 0x000002a895ed39c0 Thread exited: 0x000002a895ed39c0
Event: 705.061 Thread 0x000002a895ed3330 Thread exited: 0x000002a895ed3330
Event: 705.102 Thread 0x000002a8920cbc30 Thread added: 0x000002a895ed3330
Event: 705.102 Thread 0x000002a895ed3330 Thread exited: 0x000002a895ed3330
Event: 705.103 Thread 0x000002a8920cbc30 Thread added: 0x000002a895ed2610
Event: 705.160 Thread 0x000002a895ed2610 Thread added: 0x000002a895ed2ca0
Event: 705.204 Thread 0x000002a895ed2ca0 Thread exited: 0x000002a895ed2ca0
Event: 705.726 Thread 0x000002a895ed2610 Thread added: 0x000002a895ed3330
Event: 705.726 Thread 0x000002a895ed2610 Thread added: 0x000002a895ed1260
Event: 705.726 Thread 0x000002a895ed2610 Thread added: 0x000002a895ed4050
Event: 705.798 Thread 0x000002a895ed2610 Thread added: 0x000002a895ed18f0
Event: 705.827 Thread 0x000002a84ce29800 Thread added: 0x000002a894dee670
Event: 705.903 Thread 0x000002a895ed18f0 Thread added: 0x000002a895ece470
Event: 705.911 Thread 0x000002a84ce29800 Thread added: 0x000002a8961176e0
Event: 711.298 Thread 0x000002a8961176e0 Thread exited: 0x000002a8961176e0
Event: 711.298 Thread 0x000002a894dee670 Thread exited: 0x000002a894dee670
Event: 711.330 Thread 0x000002a895ece470 Thread exited: 0x000002a895ece470


Dynamic libraries:
0x00007ff6aa020000 - 0x00007ff6aa02e000 	C:\Users\carol\.p2\pool\plugins\org.eclipse.justj.openjdk.hotspot.jre.full.win32.x86_64_21.0.6.v20250130-0529\jre\bin\javaw.exe
0x00007ff855ed0000 - 0x00007ff8560e7000 	C:\WINDOWS\SYSTEM32\ntdll.dll
0x00007ff853fc0000 - 0x00007ff854084000 	C:\WINDOWS\System32\KERNEL32.DLL
0x00007ff853010000 - 0x00007ff8533e1000 	C:\WINDOWS\System32\KERNELBASE.dll
0x00007ff853420000 - 0x00007ff853531000 	C:\WINDOWS\System32\ucrtbase.dll
0x00007ff8370e0000 - 0x00007ff8370f8000 	C:\Users\carol\.p2\pool\plugins\org.eclipse.justj.openjdk.hotspot.jre.full.win32.x86_64_21.0.6.v20250130-0529\jre\bin\jli.dll
0x00007ff82a5f0000 - 0x00007ff82a60e000 	C:\Users\carol\.p2\pool\plugins\org.eclipse.justj.openjdk.hotspot.jre.full.win32.x86_64_21.0.6.v20250130-0529\jre\bin\VCRUNTIME140.dll
0x00007ff8543e0000 - 0x00007ff854591000 	C:\WINDOWS\System32\USER32.dll
0x00007ff8533f0000 - 0x00007ff853416000 	C:\WINDOWS\System32\win32u.dll
0x00007ff83f340000 - 0x00007ff83f5d2000 	C:\WINDOWS\WinSxS\amd64_microsoft.windows.common-controls_6595b64144ccf1df_6.0.22621.4830_none_270fe7d773858e80\COMCTL32.dll
0x00007ff854830000 - 0x00007ff854859000 	C:\WINDOWS\System32\GDI32.dll
0x00007ff853cc0000 - 0x00007ff853d67000 	C:\WINDOWS\System32\msvcrt.dll
0x00007ff853540000 - 0x00007ff85365b000 	C:\WINDOWS\System32\gdi32full.dll
0x00007ff853a80000 - 0x00007ff853b1a000 	C:\WINDOWS\System32\msvcp_win.dll
0x00007ff855650000 - 0x00007ff855681000 	C:\WINDOWS\System32\IMM32.DLL
0x00007ff82a980000 - 0x00007ff82a98c000 	C:\Users\carol\.p2\pool\plugins\org.eclipse.justj.openjdk.hotspot.jre.full.win32.x86_64_21.0.6.v20250130-0529\jre\bin\vcruntime140_1.dll
0x00007ff81e850000 - 0x00007ff81e8dd000 	C:\Users\carol\.p2\pool\plugins\org.eclipse.justj.openjdk.hotspot.jre.full.win32.x86_64_21.0.6.v20250130-0529\jre\bin\msvcp140.dll
0x00007fffb4f10000 - 0x00007fffb5ca0000 	C:\Users\carol\.p2\pool\plugins\org.eclipse.justj.openjdk.hotspot.jre.full.win32.x86_64_21.0.6.v20250130-0529\jre\bin\server\jvm.dll
0x00007ff853e40000 - 0x00007ff853ef1000 	C:\WINDOWS\System32\ADVAPI32.dll
0x00007ff853f10000 - 0x00007ff853fb7000 	C:\WINDOWS\System32\sechost.dll
0x00007ff853a50000 - 0x00007ff853a78000 	C:\WINDOWS\System32\bcrypt.dll
0x00007ff853ba0000 - 0x00007ff853cb4000 	C:\WINDOWS\System32\RPCRT4.dll
0x00007ff854600000 - 0x00007ff854671000 	C:\WINDOWS\System32\WS2_32.dll
0x00007ff851ec0000 - 0x00007ff851f0d000 	C:\WINDOWS\SYSTEM32\POWRPROF.dll
0x00007ff84e170000 - 0x00007ff84e17a000 	C:\WINDOWS\SYSTEM32\VERSION.dll
0x00007ff84dcb0000 - 0x00007ff84dce4000 	C:\WINDOWS\SYSTEM32\WINMM.dll
0x00007ff851ea0000 - 0x00007ff851eb3000 	C:\WINDOWS\SYSTEM32\UMPDC.dll
0x00007ff852150000 - 0x00007ff852168000 	C:\WINDOWS\SYSTEM32\kernel.appcore.dll
0x00007ff83d240000 - 0x00007ff83d24a000 	C:\Users\carol\.p2\pool\plugins\org.eclipse.justj.openjdk.hotspot.jre.full.win32.x86_64_21.0.6.v20250130-0529\jre\bin\jimage.dll
0x00007ff850260000 - 0x00007ff850492000 	C:\WINDOWS\SYSTEM32\DBGHELP.DLL
0x00007ff855b00000 - 0x00007ff855e90000 	C:\WINDOWS\System32\combase.dll
0x00007ff8542e0000 - 0x00007ff8543b7000 	C:\WINDOWS\System32\OLEAUT32.dll
0x00007ff82a6c0000 - 0x00007ff82a6f2000 	C:\WINDOWS\SYSTEM32\dbgcore.DLL
0x00007ff8539d0000 - 0x00007ff853a4b000 	C:\WINDOWS\System32\bcryptPrimitives.dll
0x00007ff82e680000 - 0x00007ff82e6bc000 	C:\Users\carol\.p2\pool\plugins\org.eclipse.justj.openjdk.hotspot.jre.full.win32.x86_64_21.0.6.v20250130-0529\jre\bin\jdwp.dll
0x00007ff83d230000 - 0x00007ff83d23f000 	C:\Users\carol\.p2\pool\plugins\org.eclipse.justj.openjdk.hotspot.jre.full.win32.x86_64_21.0.6.v20250130-0529\jre\bin\instrument.dll
0x00007ff82e5f0000 - 0x00007ff82e60f000 	C:\Users\carol\.p2\pool\plugins\org.eclipse.justj.openjdk.hotspot.jre.full.win32.x86_64_21.0.6.v20250130-0529\jre\bin\java.dll
0x00007ff854da0000 - 0x00007ff855628000 	C:\WINDOWS\System32\SHELL32.dll
0x00007ff853720000 - 0x00007ff85385f000 	C:\WINDOWS\System32\wintypes.dll
0x00007ff850f80000 - 0x00007ff85188d000 	C:\WINDOWS\SYSTEM32\windows.storage.dll
0x00007ff855720000 - 0x00007ff85582a000 	C:\WINDOWS\System32\SHCORE.dll
0x00007ff8545a0000 - 0x00007ff8545fe000 	C:\WINDOWS\System32\shlwapi.dll
0x00007ff852f40000 - 0x00007ff852f6b000 	C:\WINDOWS\SYSTEM32\profapi.dll
0x00007ff82e120000 - 0x00007ff82e138000 	C:\Users\carol\.p2\pool\plugins\org.eclipse.justj.openjdk.hotspot.jre.full.win32.x86_64_21.0.6.v20250130-0529\jre\bin\zip.dll
0x00007ff84df90000 - 0x00007ff84df9b000 	C:\Users\carol\.p2\pool\plugins\org.eclipse.justj.openjdk.hotspot.jre.full.win32.x86_64_21.0.6.v20250130-0529\jre\bin\dt_socket.dll
0x00007ff851b60000 - 0x00007ff851b8d000 	C:\WINDOWS\SYSTEM32\IPHLPAPI.DLL
0x00007ff8525c0000 - 0x00007ff85262a000 	C:\WINDOWS\system32\mswsock.dll
0x00007ff851bd0000 - 0x00007ff851cd2000 	C:\WINDOWS\SYSTEM32\DNSAPI.dll
0x00007ff854860000 - 0x00007ff854869000 	C:\WINDOWS\System32\NSI.dll
0x00007ff846b20000 - 0x00007ff846b2a000 	C:\Windows\System32\rasadhlp.dll
0x00007ff847840000 - 0x00007ff8478c3000 	C:\WINDOWS\System32\fwpuclnt.dll
0x00007ff83d220000 - 0x00007ff83d230000 	C:\Users\carol\.p2\pool\plugins\org.eclipse.justj.openjdk.hotspot.jre.full.win32.x86_64_21.0.6.v20250130-0529\jre\bin\net.dll
0x00007ff84d550000 - 0x00007ff84d67c000 	C:\WINDOWS\SYSTEM32\WINHTTP.dll
0x00007ff82e100000 - 0x00007ff82e116000 	C:\Users\carol\.p2\pool\plugins\org.eclipse.justj.openjdk.hotspot.jre.full.win32.x86_64_21.0.6.v20250130-0529\jre\bin\nio.dll
0x00007ff82a5e0000 - 0x00007ff82a5ea000 	C:\Users\carol\.p2\pool\plugins\org.eclipse.justj.openjdk.hotspot.jre.full.win32.x86_64_21.0.6.v20250130-0529\jre\bin\management.dll
0x00007ff82a530000 - 0x00007ff82a53b000 	C:\Users\carol\.p2\pool\plugins\org.eclipse.justj.openjdk.hotspot.jre.full.win32.x86_64_21.0.6.v20250130-0529\jre\bin\management_ext.dll
0x00007ff853f00000 - 0x00007ff853f08000 	C:\WINDOWS\System32\PSAPI.DLL
0x00007ff825d20000 - 0x00007ff825d37000 	C:\WINDOWS\system32\napinsp.dll
0x00007ff825d00000 - 0x00007ff825d1b000 	C:\WINDOWS\system32\pnrpnsp.dll
0x00007ff825ce0000 - 0x00007ff825cf1000 	C:\WINDOWS\System32\winrnr.dll
0x00007ff84dc70000 - 0x00007ff84dc85000 	C:\WINDOWS\system32\wshbth.dll
0x00007ff8257c0000 - 0x00007ff8257e7000 	C:\WINDOWS\system32\nlansp_c.dll
0x00007ff852810000 - 0x00007ff85282b000 	C:\WINDOWS\SYSTEM32\CRYPTSP.dll
0x00007ff8520b0000 - 0x00007ff8520e7000 	C:\WINDOWS\system32\rsaenh.dll
0x00007ff8526b0000 - 0x00007ff8526d8000 	C:\WINDOWS\SYSTEM32\USERENV.dll
0x00007ff852830000 - 0x00007ff85283c000 	C:\WINDOWS\SYSTEM32\CRYPTBASE.dll
0x00007ff82e5e0000 - 0x00007ff82e5e9000 	C:\Users\carol\.p2\pool\plugins\org.eclipse.justj.openjdk.hotspot.jre.full.win32.x86_64_21.0.6.v20250130-0529\jre\bin\extnet.dll
0x00007ff836d00000 - 0x00007ff836d10000 	C:\Users\carol\.p2\pool\plugins\org.eclipse.justj.openjdk.hotspot.jre.full.win32.x86_64_21.0.6.v20250130-0529\jre\bin\verify.dll
0x00007ff82e640000 - 0x00007ff82e64e000 	C:\Users\carol\.p2\pool\plugins\org.eclipse.justj.openjdk.hotspot.jre.full.win32.x86_64_21.0.6.v20250130-0529\jre\bin\sunmscapi.dll
0x00007ff853860000 - 0x00007ff8539c6000 	C:\WINDOWS\System32\CRYPT32.dll
0x00007ff8529d0000 - 0x00007ff8529fd000 	C:\WINDOWS\SYSTEM32\ncrypt.dll
0x00007ff852990000 - 0x00007ff8529c7000 	C:\WINDOWS\SYSTEM32\NTASN1.dll
0x00007ff8257f0000 - 0x00007ff8257f8000 	C:\WINDOWS\system32\wshunix.dll

dbghelp: loaded successfully - version: 4.0.5 - missing functions: none
symbol engine: initialized successfully - sym options: 0x614 - pdb path: .;C:\Users\carol\.p2\pool\plugins\org.eclipse.justj.openjdk.hotspot.jre.full.win32.x86_64_21.0.6.v20250130-0529\jre\bin;C:\WINDOWS\SYSTEM32;C:\WINDOWS\WinSxS\amd64_microsoft.windows.common-controls_6595b64144ccf1df_6.0.22621.4830_none_270fe7d773858e80;C:\Users\carol\.p2\pool\plugins\org.eclipse.justj.openjdk.hotspot.jre.full.win32.x86_64_21.0.6.v20250130-0529\jre\bin\server

VM Arguments:
jvm_args: -XX:+ShowCodeDetailsInExceptionMessages -agentlib:jdwp=transport=dt_socket,suspend=y,address=localhost:61475 -Dcom.sun.management.jmxremote -Dcom.sun.management.jmxremote.port=61474 -Dcom.sun.management.jmxremote.authenticate=false -Dcom.sun.management.jmxremote.ssl=false -Djava.rmi.server.hostname=localhost -Dspring.jmx.enabled=true -Dmanagement.endpoints.jmx.exposure.include=* -Dspring.application.admin.enabled=true -Dspring.output.ansi.enabled=always -XX:TieredStopAtLevel=1 -Dspring.boot.project.name=PackTracking -javaagent:C:\Users\carol\eclipse\java-2025-03\eclipse\configuration\org.eclipse.osgi\249\0\.cp\lib\javaagent-shaded.jar -Dfile.encoding=UTF-8 -Dstdout.encoding=UTF-8 -Dstderr.encoding=UTF-8 
java_command: com.meli.PackTracking.PackTrackingApplication
java_class_path (initial): C:\Users\carol\Documents\PackTrackingMeli\target\classes;C:\Users\carol\.m2\repository\org\springframework\boot\spring-boot-starter-data-jpa\3.4.4\spring-boot-starter-data-jpa-3.4.4.jar;C:\Users\carol\.m2\repository\org\springframework\boot\spring-boot-starter\3.4.4\spring-boot-starter-3.4.4.jar;C:\Users\carol\.m2\repository\org\springframework\boot\spring-boot-starter-logging\3.4.4\spring-boot-starter-logging-3.4.4.jar;C:\Users\carol\.m2\repository\ch\qos\logback\logback-classic\1.5.18\logback-classic-1.5.18.jar;C:\Users\carol\.m2\repository\ch\qos\logback\logback-core\1.5.18\logback-core-1.5.18.jar;C:\Users\carol\.m2\repository\org\apache\logging\log4j\log4j-to-slf4j\2.24.3\log4j-to-slf4j-2.24.3.jar;C:\Users\carol\.m2\repository\org\apache\logging\log4j\log4j-api\2.24.3\log4j-api-2.24.3.jar;C:\Users\carol\.m2\repository\org\slf4j\jul-to-slf4j\2.0.17\jul-to-slf4j-2.0.17.jar;C:\Users\carol\.m2\repository\jakarta\annotation\jakarta.annotation-api\2.1.1\jakarta.annotation-api-2.1.1.jar;C:\Users\carol\.m2\repository\org\yaml\snakeyaml\2.3\snakeyaml-2.3.jar;C:\Users\carol\.m2\repository\org\springframework\boot\spring-boot-starter-jdbc\3.4.4\spring-boot-starter-jdbc-3.4.4.jar;C:\Users\carol\.m2\repository\org\springframework\spring-jdbc\6.2.5\spring-jdbc-6.2.5.jar;C:\Users\carol\.m2\repository\org\hibernate\orm\hibernate-core\6.6.11.Final\hibernate-core-6.6.11.Final.jar;C:\Users\carol\.m2\repository\jakarta\persistence\jakarta.persistence-api\3.1.0\jakarta.persistence-api-3.1.0.jar;C:\Users\carol\.m2\repository\jakarta\transaction\jakarta.transaction-api\2.0.1\jakarta.transaction-api-2.0.1.jar;C:\Users\carol\.m2\repository\org\jboss\logging\jboss-logging\3.6.1.Final\jboss-logging-3.6.1.Final.jar;C:\Users\carol\.m2\repository\org\hibernate\common\hibernate-commons-annotations\7.0.3.Final\hibernate-commons-annotations-7.0.3.Final.jar;C:\Users\carol\.m2\repository\io\smallrye\jandex\3.2.0\jandex-3.2.0.jar;C:\Users\carol\.m2\repository\com\fasterxml\classmate\1.7.0\classmate-1.7.0.jar;C:\Users\carol\.m2\repository\net\bytebuddy\byte-buddy\1.15.11\byte-buddy-1.15.11.jar;C:\Users\carol\.m2\repository\org\glassfish\jaxb\jaxb-runtime\4.0.5\jaxb-runtime-4.0.5.jar;C:\Users\carol\.m2\repository\org\glassfish\jaxb\jaxb-core\4.0.5\jaxb-core-4.0.5.jar;C:\Users\carol\.m2\repository\org\eclipse\angus\angus-activation\2.0.2\angus-activation-2.0.2.jar;C:\Users\carol\.m2\repository\org\glassfish\jaxb\txw2\4.0.5\txw2-4.0.5.jar;C:\Users\carol\.m2\repository\com\sun\istack\istack-commons-runtime\4.1.2\istack-commons-runtime-4.1.2.jar;C:\Users\carol\.m2\repository\jakarta\inject\jakarta.inject-api\2.0.1\jakarta.inject-api-2.0.1.jar;C:\Users\carol\.m2\repository\org\antlr\antlr4-runtime\4.13.0\antlr4-runtime-4.13.0.jar;C:\Users\carol\.m2\repository\org\springframework\data\spring-data-jpa\3.4.4\spring-data-jpa-3.4.4.jar;C:\Users\carol\.m2\repository\org\springframework\data\spring-data-commons\3.4.4\spring-data-commons-3.4.4.jar;C:\Users\carol\.m2\repository\org\springframework\spring-orm\6.2.5\spring-orm-6.2.5.jar;C:\Users\carol\.m2\repository\org\springframework\spring-context\6.2.5\spring-context-6.2.5.jar;C:\Users\carol\.m2\repository\org\springframework\spring-aop\6.2.5\spring-aop-6.2.5.jar;C:\Users\carol\.m2\repository\org\springframework\spring-tx\6.2.5\spring-tx-6.2.5.jar;C:\Users\carol\.m2\repository\org\springframework\spring-beans\6.2.5\spring-beans-6.2.5.jar;C:\Users\carol\.m2\repository\org\springframework\spring-aspects\6.2.5\spring-aspects-6.2.5.jar;C:\Users\carol\.m2\repository\org\aspectj\aspectjweaver\1.9.23\aspectjweaver-1.9.23.jar;C:\Users\carol\.m2\repository\org\springframework\boot\spring-boot-starter-web\3.4.4\spring-boot-starter-web-3.4.4.jar;C:\Users\carol\.m2\repository\org\springframework\boot\spring-boot-starter-json\3.4.4\spring-boot-starter-json-3.4.4.jar;C:\Users\carol\.m2\repository\com\fasterxml\jackson\core\jackson-databind\2.18.3\jackson-databind-2.18.3.jar;C:\Users\carol\.m2\repository\com\fasterxml\jackson\core\jackson-annotations\2.18.3\jackson-annotations-2.18.3.jar;C:\Users\carol\.m2\repository\com\fasterxml\jackson\core\jackson-core\2.18.3\jackson-core-2.18.3.jar;C:\Users\carol\.m2\repository\com\fasterxml\jackson\datatype\jackson-datatype-jdk8\2.18.3\jackson-datatype-jdk8-2.18.3.jar;C:\Users\carol\.m2\repository\com\fasterxml\jackson\datatype\jackson-datatype-jsr310\2.18.3\jackson-datatype-jsr310-2.18.3.jar;C:\Users\carol\.m2\repository\com\fasterxml\jackson\module\jackson-module-parameter-names\2.18.3\jackson-module-parameter-names-2.18.3.jar;C:\Users\carol\.m2\repository\org\springframework\boot\spring-boot-starter-tomcat\3.4.4\spring-boot-starter-tomcat-3.4.4.jar;C:\Users\carol\.m2\repository\org\apache\tomcat\embed\tomcat-embed-core\10.1.39\tomcat-embed-core-10.1.39.jar;C:\Users\carol\.m2\repository\org\apache\tomcat\embed\tomcat-embed-websocket\10.1.39\tomcat-embed-websocket-10.1.39.jar;C:\Users\carol\.m2\repository\org\springframework\spring-web\6.2.5\spring-web-6.2.5.jar;C:\Users\carol\.m2\repository\org\springframework\spring-webmvc\6.2.5\spring-webmvc-6.2.5.jar;C:\Users\carol\.m2\repository\org\springframework\spring-expression\6.2.5\spring-expression-6.2.5.jar;C:\Users\carol\.m2\repository\org\springframework\boot\spring-boot-devtools\3.4.4\spring-boot-devtools-3.4.4.jar;C:\Users\carol\.m2\repository\org\springframework\boot\spring-boot\3.4.4\spring-boot-3.4.4.jar;C:\Users\carol\.m2\repository\org\springframework\boot\spring-boot-autoconfigure\3.4.4\spring-boot-autoconfigure-3.4.4.jar;C:\Users\carol\.m2\repository\com\mysql\mysql-connector-j\9.1.0\mysql-connector-j-9.1.0.jar;C:\Users\carol\.m2\repository\org\projectlombok\lombok\1.18.36\lombok-1.18.36.jar;C:\Users\carol\.m2\repository\jakarta\xml\bind\jakarta.xml.bind-api\4.0.2\jakarta.xml.bind-api-4.0.2.jar;C:\Users\carol\.m2\repository\jakarta\activation\jakarta.activation-api\2.1.3\jakarta.activation-api-2.1.3.jar;C:\Users\carol\.m2\repository\org\springframework\spring-core\6.2.5\spring-core-6.2.5.jar;C:\Users\carol\.m2\repository\org\springframework\spring-jcl\6.2.5\spring-jcl-6.2.5.jar;C:\Users\carol\.m2\repository\com\zaxxer\HikariCP\5.1.0\HikariCP-5.1.0.jar;C:\Users\carol\.m2\repository\org\slf4j\slf4j-api\2.0.17\slf4j-api-2.0.17.jar;C:\Users\carol\.m2\repository\org\springframework\boot\spring-boot-starter-actuator\3.4.4\spring-boot-starter-actuator-3.4.4.jar;C:\Users\carol\.m2\repository\org\springframework\boot\spring-boot-actuator-autoconfigure\3.4.4\spring-boot-actuator-autoconfigure-3.4.4.jar;C:\Users\carol\.m2\repository\org\springframework\boot\spring-boot-actuator\3.4.4\spring-boot-actuator-3.4.4.jar;C:\Users\carol\.m2\repository\io\micrometer\micrometer-observation\1.14.5\micrometer-observation-1.14.5.jar;C:\Users\carol\.m2\repository\io\micrometer\micrometer-commons\1.14.5\micrometer-commons-1.14.5.jar;C:\Users\carol\.m2\repository\io\micrometer\micrometer-jakarta9\1.14.5\micrometer-jakarta9-1.14.5.jar;C:\Users\carol\.m2\repository\io\micrometer\micrometer-core\1.14.5\micrometer-core-1.14.5.jar;C:\Users\carol\.m2\repository\org\hdrhistogram\HdrHistogram\2.2.2\HdrHistogram-2.2.2.jar;C:\Users\carol\.m2\repository\org\latencyutils\LatencyUtils\2.0.3\LatencyUtils-2.0.3.jar;C:\Users\carol\.m2\repository\org\springframework\boot\spring-boot-starter-validation\3.4.4\spring-boot-starter-validation-3.4.4.jar;C:\Users\carol\.m2\repository\org\apache\tomcat\embed\tomcat-embed-el\10.1.39\tomcat-embed-el-10.1.39.jar;C:\Users\carol\.m2\repository\org\hibernate\validator\hibernate-validator\8.0.2.Final\hibernate-validator-8.0.2.Final.jar;C:\Users\carol\.m2\repository\jakarta\validation\jakarta.validation-api\3.0.2\jakarta.validation-api-3.0.2.jar
Launcher Type: SUN_STANDARD

[Global flags]
     intx CICompilerCount                          = 4                                         {product} {ergonomic}
     uint ConcGCThreads                            = 2                                         {product} {ergonomic}
     uint G1ConcRefinementThreads                  = 8                                         {product} {ergonomic}
   size_t G1HeapRegionSize                         = 2097152                                   {product} {ergonomic}
    uintx GCDrainStackTargetSize                   = 64                                        {product} {ergonomic}
   size_t InitialHeapSize                          = 266338304                                 {product} {ergonomic}
     bool ManagementServer                         = true                                      {product} {command line}
   size_t MarkStackSize                            = 4194304                                   {product} {ergonomic}
   size_t MaxHeapSize                              = 4246732800                                {product} {ergonomic}
   size_t MaxNewSize                               = 2548039680                                {product} {ergonomic}
   size_t MinHeapDeltaBytes                        = 2097152                                   {product} {ergonomic}
   size_t MinHeapSize                              = 8388608                                   {product} {ergonomic}
    uintx NonNMethodCodeHeapSize                   = 4096                                   {pd product} {ergonomic}
    uintx NonProfiledCodeHeapSize                  = 0                                      {pd product} {ergonomic}
     bool ProfileInterpreter                       = false                                  {pd product} {command line}
    uintx ProfiledCodeHeapSize                     = 0                                      {pd product} {ergonomic}
     bool ShowCodeDetailsInExceptionMessages       = true                                   {manageable} {command line}
   size_t SoftMaxHeapSize                          = 4246732800                             {manageable} {ergonomic}
     intx TieredStopAtLevel                        = 1                                         {product} {command line}
     bool UseCompressedOops                        = true                           {product lp64_product} {ergonomic}
     bool UseG1GC                                  = true                                      {product} {ergonomic}
     bool UseLargePagesIndividualAllocation        = false                                  {pd product} {ergonomic}

Logging:
Log output configuration:
 #0: stdout all=warning uptime,level,tags foldmultilines=false
 #1: stderr all=off uptime,level,tags foldmultilines=false

Environment Variables:
JAVA_HOME=D:\Program Files\Java\Java1.17
PATH=C:\Users\carol\.p2\pool\plugins\org.eclipse.justj.openjdk.hotspot.jre.full.win32.x86_64_21.0.6.v20250130-0529\jre\bin;C:/Users/carol/.p2/pool/plugins/org.eclipse.justj.openjdk.hotspot.jre.full.win32.x86_64_21.0.6.v20250130-0529/jre/bin/server;C:/Users/carol/.p2/pool/plugins/org.eclipse.justj.openjdk.hotspot.jre.full.win32.x86_64_21.0.6.v20250130-0529/jre/bin;C:\Program Files\Common Files\Oracle\Java\javapath;C:\Program Files (x86)\Common Files\Oracle\Java\javapath;C:\Program Files (x86)\Java\jre1.8.0_311\bin;C:\windows\system32;C:\windows;C:\windows\System32\Wbem;C:\windows\System32\WindowsPowerShell\v1.0\;C:\windows\System32\OpenSSH\;C:\Program Files (x86)\NVIDIA Corporation\PhysX\Common;C:\Program Files\NVIDIA Corporation\NVIDIA NvDLISR;C:\Program Files\Git\cmd;C:\Program Files\nodejs\;C:\Program Files\Amazon\AWSCLI\bin\;C:\Users\carol\AppData\Local\Programs\Python\Python310;C:\Users\carol\AppData\Local\Programs\Python\Python310\Scripts;C:\Users\carol\AppData\Roaming\Python\Python310\Scripts;D:\Program Files\Java\Java1.17\bin;C:\WINDOWS\system32;C:\WINDOWS;C:\WINDOWS\System32\Wbem;C:\WINDOWS\System32\WindowsPowerShell\v1.0\;C:\WINDOWS\System32\OpenSSH\;C:\Program Files\dotnet\;C:\Program Files\MySQL\MySQL Shell 8.0\bin\;C:\Users\carol\AppData\Local\Microsoft\WindowsApps;C:\Users\carol\Downloads\apache-maven-3.9.9-bin\apache-maven-3.9.9\bin;C:\Users\carol\AppData\Local\Programs\Microsoft VS Code\bin;C:\WINDOWS\system32;
USERNAME=carol
OS=Windows_NT
PROCESSOR_IDENTIFIER=Intel64 Family 6 Model 142 Stepping 12, GenuineIntel
TMP=C:\Users\carol\AppData\Local\Temp
TEMP=C:\Users\carol\AppData\Local\Temp




Periodic native trim disabled

---------------  S Y S T E M  ---------------

OS:
 Windows 11 , 64 bit Build 22621 (10.0.22621.4974)
OS uptime: 1 days 5:58 hours

CPU: total 8 (initial active 8) (4 cores per cpu, 2 threads per core) family 6 model 142 stepping 12 microcode 0xde, cx8, cmov, fxsr, ht, mmx, 3dnowpref, sse, sse2, sse3, ssse3, sse4.1, sse4.2, popcnt, lzcnt, tsc, tscinvbit, avx, avx2, aes, erms, clmul, bmi1, bmi2, adx, fma, vzeroupper, clflush, clflushopt, rdtscp, f16c
Processor Information for the first 8 processors :
  Max Mhz: 2304, Current Mhz: 1803, Mhz Limit: 1797

Memory: 4k page, system-wide physical 16197M (4656M free)
TotalPageFile size 24389M (AvailPageFile size 7774M)
current process WorkingSet (physical memory assigned to process): 340M, peak: 362M
current process commit charge ("private bytes"): 370M, peak: 406M

vm_info: OpenJDK 64-Bit Server VM (21.0.6+7-LTS) for windows-amd64 JRE (21.0.6+7-LTS), built on 2025-01-21T00:00:00Z by "admin" with MS VC++ 17.7 (VS2022)

END.
